[ERROR] 2021-02-27 17-32-29.865 [main] Database - java.sql.SQLException: Can not issue empty query.
[ERROR] 2021-02-27 17-32-31.020 [main] Database - java.sql.SQLException: Can not issue empty query.
[ERROR] 2021-02-27 17-32-31.139 [main] Database - java.sql.SQLException: Can not issue empty query.
[ERROR] 2021-02-27 17-32-31.268 [main] Database - java.sql.SQLException: Can not issue empty query.
[ERROR] 2021-02-27 17-32-31.381 [main] Database - java.sql.SQLException: Can not issue empty query.
[ERROR] 2021-02-27 17-52-49.581 [main] Database - java.sql.SQLException: Can not issue empty query.
[ERROR] 2021-02-27 17-52-50.677 [main] Database - java.sql.SQLException: Can not issue empty query.
[ERROR] 2021-02-27 17-52-50.788 [main] Database - java.sql.SQLException: Can not issue empty query.
[ERROR] 2021-02-27 17-52-50.902 [main] Database - java.sql.SQLException: Can not issue empty query.
[ERROR] 2021-02-27 17-52-51.012 [main] Database - java.sql.SQLException: Can not issue empty query.
[ERROR] 2021-02-27 17-53-38.146 [main] Database - java.sql.SQLException: Can not issue empty query.
[ERROR] 2021-02-27 17-53-39.295 [main] Database - java.sql.SQLException: Can not issue empty query.
[ERROR] 2021-02-27 17-53-39.412 [main] Database - java.sql.SQLException: Can not issue empty query.
[ERROR] 2021-02-27 17-53-39.524 [main] Database - java.sql.SQLException: Can not issue empty query.
[ERROR] 2021-02-27 17-53-39.638 [main] Database - java.sql.SQLException: Can not issue empty query.
[ERROR] 2021-02-27 17-58-38.393 [main] Database - java.sql.SQLException: Can not issue empty query.
[ERROR] 2021-02-27 17-58-40.112 [main] Database - java.sql.SQLException: Can not issue empty query.
[ERROR] 2021-02-27 17-58-40.262 [main] Database - java.sql.SQLException: Can not issue empty query.
[ERROR] 2021-02-27 17-58-40.296 [main] Database - java.sql.SQLException: Can not issue empty query.
[ERROR] 2021-02-27 17-58-40.345 [main] Database - java.sql.SQLException: Can not issue empty query.
[ERROR] 2021-02-27 18-0-36.159 [main] Database - java.sql.SQLException: Can not issue empty query.
[ERROR] 2021-02-27 18-0-37.902 [main] Database - java.sql.SQLException: Can not issue empty query.
[ERROR] 2021-02-27 18-0-38.058 [main] Database - java.sql.SQLException: Can not issue empty query.
[ERROR] 2021-02-27 18-0-38.079 [main] Database - java.sql.SQLException: Can not issue empty query.
[ERROR] 2021-02-27 18-0-38.116 [main] Database - java.sql.SQLException: Can not issue empty query.
[ERROR] 2021-02-27 18-0-59.757 [main] Database - java.sql.SQLException: Can not issue empty query.
[ERROR] 2021-02-27 18-2-31.251 [main] Database - java.sql.SQLException: Can not issue empty query.
[ERROR] 2021-02-27 18-4-56.973 [main] Database - java.sql.SQLException: Can not issue empty query.
[ERROR] 2021-02-27 18-6-57.875 [main] Database - java.sql.SQLException: Can not issue empty query.
[ERROR] 2021-02-27 18-6-59.624 [main] Database - java.sql.SQLException: Can not issue empty query.
[ERROR] 2021-02-27 18-6-59.783 [main] Database - java.sql.SQLException: Can not issue empty query.
[ERROR] 2021-02-27 18-6-59.819 [main] Database - java.sql.SQLException: Can not issue empty query.
[ERROR] 2021-02-27 18-6-59.870 [main] Database - java.sql.SQLException: Can not issue empty query.
[ERROR] 2021-02-27 18-9-32.536 [main] Database - java.sql.SQLException: Can not issue empty query.
[ERROR] 2021-02-27 18-9-34.270 [main] Database - java.sql.SQLException: Can not issue empty query.
[ERROR] 2021-02-27 18-9-34.439 [main] Database - java.sql.SQLException: Can not issue empty query.
[ERROR] 2021-02-27 18-9-34.475 [main] Database - java.sql.SQLException: Can not issue empty query.
[ERROR] 2021-02-27 18-9-34.526 [main] Database - java.sql.SQLException: Can not issue empty query.
[ERROR] 2021-02-27 18-13-04.436 [main] Database - java.sql.SQLException: Can not issue empty query.
[ERROR] 2021-02-27 18-13-06.288 [main] Database - java.sql.SQLException: Can not issue empty query.
[ERROR] 2021-02-27 18-13-06.447 [main] Database - java.sql.SQLException: Can not issue empty query.
[ERROR] 2021-02-27 18-13-06.469 [main] Database - java.sql.SQLException: Can not issue empty query.
[ERROR] 2021-02-27 18-13-06.508 [main] Database - java.sql.SQLException: Can not issue empty query.
[ERROR] 2021-02-27 18-14-16.915 [main] Database - java.sql.SQLException: Can not issue empty query.
[ERROR] 2021-02-27 18-14-18.666 [main] Database - java.sql.SQLException: Can not issue empty query.
[ERROR] 2021-02-27 18-14-18.835 [main] Database - java.sql.SQLException: Can not issue empty query.
[ERROR] 2021-02-27 18-14-18.868 [main] Database - java.sql.SQLException: Can not issue empty query.
[ERROR] 2021-02-27 18-14-18.919 [main] Database - java.sql.SQLException: Can not issue empty query.
[ERROR] 2021-02-27 18-16-44.542 [main] Database - java.sql.SQLException: Can not issue empty query.
[ERROR] 2021-02-27 18-16-46.300 [main] Database - java.sql.SQLException: Can not issue empty query.
[ERROR] 2021-02-27 18-16-46.472 [main] Database - java.sql.SQLException: Can not issue empty query.
[ERROR] 2021-02-27 18-16-46.509 [main] Database - java.sql.SQLException: Can not issue empty query.
[ERROR] 2021-02-27 18-16-46.558 [main] Database - java.sql.SQLException: Can not issue empty query.
[ERROR] 2021-02-27 18-18-15.381 [main] Database - java.sql.SQLException: Can not issue empty query.
[ERROR] 2021-02-27 18-25-22.214 [main] Database - java.sql.SQLException: Can not issue empty query.
[ERROR] 2021-02-27 18-25-23.988 [main] Database - java.sql.SQLException: Can not issue empty query.
[ERROR] 2021-02-27 18-25-24.152 [main] Database - java.sql.SQLException: Can not issue empty query.
[ERROR] 2021-02-27 18-25-24.177 [main] Database - java.sql.SQLException: Can not issue empty query.
[ERROR] 2021-02-27 18-25-24.217 [main] Database - java.sql.SQLException: Can not issue empty query.
[ERROR] 2021-02-27 18-31-09.063 [main] Database - java.sql.SQLException: Can not issue empty query.
[ERROR] 2021-02-27 18-31-10.837 [main] Database - java.sql.SQLException: Can not issue empty query.
[ERROR] 2021-02-27 18-31-11.006 [main] Database - java.sql.SQLException: Can not issue empty query.
[ERROR] 2021-02-27 18-31-11.041 [main] Database - java.sql.SQLException: Can not issue empty query.
[ERROR] 2021-02-27 18-31-11.077 [main] Database - java.sql.SQLException: Can not issue empty query.
[ERROR] 2021-02-27 18-32-20.955 [main] Database - java.sql.SQLException: Can not issue empty query.
[ERROR] 2021-02-27 18-41-15.759 [main] Database - java.sql.SQLException: Can not issue empty query.
[ERROR] 2021-02-27 18-41-17.522 [main] Database - java.sql.SQLException: Can not issue empty query.
[ERROR] 2021-02-27 18-41-17.687 [main] Database - java.sql.SQLException: Can not issue empty query.
[ERROR] 2021-02-27 18-41-17.723 [main] Database - java.sql.SQLException: Can not issue empty query.
[ERROR] 2021-02-27 18-41-17.783 [main] Database - java.sql.SQLException: Can not issue empty query.
[ERROR] 2021-02-27 18-45-23.973 [main] Database - java.sql.SQLException: Can not issue empty query.
[ERROR] 2021-02-27 18-45-25.744 [main] Database - java.sql.SQLException: Can not issue empty query.
[ERROR] 2021-02-27 18-45-25.894 [main] Database - java.sql.SQLException: Can not issue empty query.
[ERROR] 2021-02-27 18-45-25.915 [main] Database - java.sql.SQLException: Can not issue empty query.
[ERROR] 2021-02-27 18-45-25.955 [main] Database - java.sql.SQLException: Can not issue empty query.
[ERROR] 2021-02-27 18-46-37.287 [main] Database - java.sql.SQLException: Can not issue empty query.
[ERROR] 2021-02-27 18-51-48.107 [main] Database - java.sql.SQLException: Can not issue empty query.
[ERROR] 2021-02-27 18-51-49.888 [main] Database - java.sql.SQLException: Can not issue empty query.
[ERROR] 2021-02-27 18-51-50.047 [main] Database - java.sql.SQLException: Can not issue empty query.
[ERROR] 2021-02-27 18-51-50.089 [main] Database - java.sql.SQLException: Can not issue empty query.
[ERROR] 2021-02-27 18-51-50.141 [main] Database - java.sql.SQLException: Can not issue empty query.
[ERROR] 2021-02-27 18-52-06.758 [main] Database - java.sql.SQLException: Can not issue empty query.
[ERROR] 2021-02-27 18-53-33.692 [main] Database - java.sql.SQLException: Can not issue empty query.
[ERROR] 2021-02-27 18-55-22.397 [main] Database - java.sql.SQLException: Can not issue empty query.
[ERROR] 2021-02-27 18-55-24.117 [main] Database - java.sql.SQLException: Can not issue empty query.
[ERROR] 2021-02-27 18-55-24.270 [main] Database - java.sql.SQLException: Can not issue empty query.
[ERROR] 2021-02-27 18-55-24.303 [main] Database - java.sql.SQLException: Can not issue empty query.
[ERROR] 2021-02-27 18-55-24.352 [main] Database - java.sql.SQLException: Can not issue empty query.
[ERROR] 2021-02-27 18-55-31.519 [main] Database - java.sql.SQLException: Can not issue empty query.
[ERROR] 2021-02-27 18-55-33.299 [main] Database - java.sql.SQLException: Can not issue empty query.
[ERROR] 2021-02-27 18-55-33.469 [main] Database - java.sql.SQLException: Can not issue empty query.
[ERROR] 2021-02-27 18-55-33.508 [main] Database - java.sql.SQLException: Can not issue empty query.
[ERROR] 2021-02-27 18-55-33.562 [main] Database - java.sql.SQLException: Can not issue empty query.
[ERROR] 2021-02-27 18-56-15.426 [main] Database - java.sql.SQLException: Can not issue empty query.
[ERROR] 2021-02-27 18-56-17.198 [main] Database - java.sql.SQLException: Can not issue empty query.
[ERROR] 2021-02-27 18-56-17.363 [main] Database - java.sql.SQLException: Can not issue empty query.
[ERROR] 2021-02-27 18-56-17.398 [main] Database - java.sql.SQLException: Can not issue empty query.
[ERROR] 2021-02-27 18-56-17.450 [main] Database - java.sql.SQLException: Can not issue empty query.
[ERROR] 2021-02-27 18-57-28.310 [main] Database - java.sql.SQLException: Can not issue empty query.
[ERROR] 2021-02-27 18-57-30.049 [main] Database - java.sql.SQLException: Can not issue empty query.
[ERROR] 2021-02-27 18-57-30.221 [main] Database - java.sql.SQLException: Can not issue empty query.
[ERROR] 2021-02-27 18-57-30.264 [main] Database - java.sql.SQLException: Can not issue empty query.
[ERROR] 2021-02-27 18-57-30.314 [main] Database - java.sql.SQLException: Can not issue empty query.
[DEBUG] 2021-03-02 12-35-09.051 [main] GenericDao - Searching for order with user_id = 1
[DEBUG] 2021-03-02 12-38-02.087 [main] GenericDao - Searching for order with user_id = 1
[DEBUG] 2021-03-02 12-38-28.023 [main] GenericDao - Searching for order with user = 1
[DEBUG] 2021-03-02 12-39-09.033 [main] GenericDao - Searching for order with user = 1
[DEBUG] 2021-03-02 14-3-00.852 [main] GenericDao - Searching for order with user = 1
[DEBUG] 2021-03-02 14-31-02.751 [main] GenericDao - Searching for order with user = 1
[DEBUG] 2021-03-02 14-32-15.987 [main] GenericDao - Searching for order with user = 1
[DEBUG] 2021-03-02 14-43-31.608 [main] GenericDao - Searching for order with name = strawberry
[DEBUG] 2021-03-02 14-47-17.739 [main] GenericDao - Searching for order with name = strawberry
[DEBUG] 2021-03-02 14-48-39.428 [main] GenericDao - Searching for order with name = strawberry
[DEBUG] 2021-03-02 14-48-54.406 [main] GenericDao - Searching for order with name = strawberry
[DEBUG] 2021-03-02 14-48-54.913 [main] GenericDao - Searching for order with user = 1
[DEBUG] 2021-03-02 14-49-05.966 [main] GenericDao - Searching for order with name = strawberry
[DEBUG] 2021-03-02 14-49-06.483 [main] GenericDao - Searching for order with user = 1
[DEBUG] 2021-03-02 16-29-00.880 [main] GenericDao - Searching for order with user = 1
[DEBUG] 2021-03-02 16-34-37.289 [main] GenericDao - Searching for order with name = strawberry
[DEBUG] 2021-03-02 16-34-37.774 [main] GenericDao - Searching for order with user = 1
[DEBUG] 2021-03-06 14-20-42.516 [main] GenericDao - Searching for order with name = strawberry
[DEBUG] 2021-03-06 14-28-09.969 [main] GenericDao - Searching for order with name = strawberry
[DEBUG] 2021-03-06 14-29-13.176 [main] GenericDao - Searching for order with name = strawberry
[DEBUG] 2021-03-06 14-29-13.823 [main] GenericDao - Searching for order with user = 1
[DEBUG] 2021-03-06 14-35-22.468 [main] GenericDao - Searching for order with name = strawberry
[DEBUG] 2021-03-06 14-35-23.008 [main] GenericDao - Searching for order with user = 1
[DEBUG] 2021-03-06 14-40-08.454 [main] GenericDao - Searching for order with name = strawberry
[DEBUG] 2021-03-06 14-40-09.170 [main] GenericDao - Searching for order with user = 1
[DEBUG] 2021-03-06 14-49-20.877 [main] GenericDao - Searching for order with name = strawberry
[DEBUG] 2021-03-06 14-49-21.489 [main] GenericDao - Searching for order with user = 1
[INFO ] 2021-03-06 14-49-43.331 [http-nio-8080-exec-9] LoginAction - The logged in user: user1 has a role of admin: true
[DEBUG] 2021-03-06 14-52-20.485 [main] GenericDao - Searching for order with name = strawberry
[DEBUG] 2021-03-06 14-52-21.085 [main] GenericDao - Searching for order with user = 1
