[DEBUG] 2021-03-02 14-29-28.685 [main] IntegratorServiceImpl - Adding Integrator [org.hibernate.cfg.beanvalidation.BeanValidationIntegrator].
[DEBUG] 2021-03-02 14-29-28.690 [main] IntegratorServiceImpl - Adding Integrator [org.hibernate.secure.spi.JaccIntegrator].
[DEBUG] 2021-03-02 14-29-28.694 [main] IntegratorServiceImpl - Adding Integrator [org.hibernate.cache.internal.CollectionCacheInvalidator].
[INFO ] 2021-03-02 14-29-28.759 [main] Version - HHH000412: Hibernate Core {5.4.4.Final}
[DEBUG] 2021-03-02 14-29-28.761 [main] Environment - HHH000206: hibernate.properties not found
[DEBUG] 2021-03-02 14-29-28.909 [main] LocalXmlResourceResolver - Interpreting public/system identifier : [-//Hibernate/Hibernate Configuration DTD//EN] - [http://www.hibernate.org/dtd/hibernate-configuration-3.0.dtd]
[DEBUG] 2021-03-02 14-29-28.910 [main] LocalXmlResourceResolver - Recognized hibernate-configuration identifier; attempting to resolve on classpath under org/hibernate/
[DEBUG] 2021-03-02 14-29-28.913 [main] JaxbCfgProcessor - cfg.xml document did not define namespaces; wrapping in custom event reader to introduce namespace information
[DEBUG] 2021-03-02 14-29-29.125 [main] ServiceBinding - Overriding existing service binding [org.hibernate.secure.spi.JaccService]
[DEBUG] 2021-03-02 14-29-29.144 [main] RegionFactoryInitiator - Cannot default RegionFactory based on registered strategies as `[]` RegionFactory strategies were registered
[DEBUG] 2021-03-02 14-29-29.145 [main] RegionFactoryInitiator - Cache region factory : org.hibernate.cache.internal.NoCachingRegionFactory
[INFO ] 2021-03-02 14-29-29.163 [main] Version - HCANN000001: Hibernate Commons Annotations {5.1.0.Final}
[DEBUG] 2021-03-02 14-29-29.192 [main] BasicTypeRegistry - Adding type registration boolean -> org.hibernate.type.BooleanType@36a6bea6
[DEBUG] 2021-03-02 14-29-29.192 [main] BasicTypeRegistry - Adding type registration boolean -> org.hibernate.type.BooleanType@36a6bea6
[DEBUG] 2021-03-02 14-29-29.192 [main] BasicTypeRegistry - Adding type registration java.lang.Boolean -> org.hibernate.type.BooleanType@36a6bea6
[DEBUG] 2021-03-02 14-29-29.193 [main] BasicTypeRegistry - Adding type registration numeric_boolean -> org.hibernate.type.NumericBooleanType@a62c7cd
[DEBUG] 2021-03-02 14-29-29.193 [main] BasicTypeRegistry - Adding type registration true_false -> org.hibernate.type.TrueFalseType@7903d448
[DEBUG] 2021-03-02 14-29-29.194 [main] BasicTypeRegistry - Adding type registration yes_no -> org.hibernate.type.YesNoType@1f0b3cfe
[DEBUG] 2021-03-02 14-29-29.195 [main] BasicTypeRegistry - Adding type registration byte -> org.hibernate.type.ByteType@858d8b4
[DEBUG] 2021-03-02 14-29-29.195 [main] BasicTypeRegistry - Adding type registration byte -> org.hibernate.type.ByteType@858d8b4
[DEBUG] 2021-03-02 14-29-29.195 [main] BasicTypeRegistry - Adding type registration java.lang.Byte -> org.hibernate.type.ByteType@858d8b4
[DEBUG] 2021-03-02 14-29-29.196 [main] BasicTypeRegistry - Adding type registration character -> org.hibernate.type.CharacterType@312b34e3
[DEBUG] 2021-03-02 14-29-29.196 [main] BasicTypeRegistry - Adding type registration char -> org.hibernate.type.CharacterType@312b34e3
[DEBUG] 2021-03-02 14-29-29.196 [main] BasicTypeRegistry - Adding type registration java.lang.Character -> org.hibernate.type.CharacterType@312b34e3
[DEBUG] 2021-03-02 14-29-29.197 [main] BasicTypeRegistry - Adding type registration short -> org.hibernate.type.ShortType@216e0771
[DEBUG] 2021-03-02 14-29-29.197 [main] BasicTypeRegistry - Adding type registration short -> org.hibernate.type.ShortType@216e0771
[DEBUG] 2021-03-02 14-29-29.197 [main] BasicTypeRegistry - Adding type registration java.lang.Short -> org.hibernate.type.ShortType@216e0771
[DEBUG] 2021-03-02 14-29-29.198 [main] BasicTypeRegistry - Adding type registration integer -> org.hibernate.type.IntegerType@dc79225
[DEBUG] 2021-03-02 14-29-29.198 [main] BasicTypeRegistry - Adding type registration int -> org.hibernate.type.IntegerType@dc79225
[DEBUG] 2021-03-02 14-29-29.198 [main] BasicTypeRegistry - Adding type registration java.lang.Integer -> org.hibernate.type.IntegerType@dc79225
[DEBUG] 2021-03-02 14-29-29.199 [main] BasicTypeRegistry - Adding type registration long -> org.hibernate.type.LongType@fd9ebde
[DEBUG] 2021-03-02 14-29-29.199 [main] BasicTypeRegistry - Adding type registration long -> org.hibernate.type.LongType@fd9ebde
[DEBUG] 2021-03-02 14-29-29.199 [main] BasicTypeRegistry - Adding type registration java.lang.Long -> org.hibernate.type.LongType@fd9ebde
[DEBUG] 2021-03-02 14-29-29.200 [main] BasicTypeRegistry - Adding type registration float -> org.hibernate.type.FloatType@33899f7a
[DEBUG] 2021-03-02 14-29-29.200 [main] BasicTypeRegistry - Adding type registration float -> org.hibernate.type.FloatType@33899f7a
[DEBUG] 2021-03-02 14-29-29.200 [main] BasicTypeRegistry - Adding type registration java.lang.Float -> org.hibernate.type.FloatType@33899f7a
[DEBUG] 2021-03-02 14-29-29.201 [main] BasicTypeRegistry - Adding type registration double -> org.hibernate.type.DoubleType@e9ef5b6
[DEBUG] 2021-03-02 14-29-29.201 [main] BasicTypeRegistry - Adding type registration double -> org.hibernate.type.DoubleType@e9ef5b6
[DEBUG] 2021-03-02 14-29-29.201 [main] BasicTypeRegistry - Adding type registration java.lang.Double -> org.hibernate.type.DoubleType@e9ef5b6
[DEBUG] 2021-03-02 14-29-29.202 [main] BasicTypeRegistry - Adding type registration big_decimal -> org.hibernate.type.BigDecimalType@2436ea2f
[DEBUG] 2021-03-02 14-29-29.202 [main] BasicTypeRegistry - Adding type registration java.math.BigDecimal -> org.hibernate.type.BigDecimalType@2436ea2f
[DEBUG] 2021-03-02 14-29-29.203 [main] BasicTypeRegistry - Adding type registration big_integer -> org.hibernate.type.BigIntegerType@59f93db8
[DEBUG] 2021-03-02 14-29-29.203 [main] BasicTypeRegistry - Adding type registration java.math.BigInteger -> org.hibernate.type.BigIntegerType@59f93db8
[DEBUG] 2021-03-02 14-29-29.204 [main] BasicTypeRegistry - Adding type registration string -> org.hibernate.type.StringType@292158f8
[DEBUG] 2021-03-02 14-29-29.204 [main] BasicTypeRegistry - Adding type registration java.lang.String -> org.hibernate.type.StringType@292158f8
[DEBUG] 2021-03-02 14-29-29.204 [main] BasicTypeRegistry - Adding type registration nstring -> org.hibernate.type.StringNVarcharType@5d5c04f9
[DEBUG] 2021-03-02 14-29-29.205 [main] BasicTypeRegistry - Adding type registration ncharacter -> org.hibernate.type.CharacterNCharType@4339baec
[DEBUG] 2021-03-02 14-29-29.206 [main] BasicTypeRegistry - Adding type registration url -> org.hibernate.type.UrlType@1a4d1ab7
[DEBUG] 2021-03-02 14-29-29.206 [main] BasicTypeRegistry - Adding type registration java.net.URL -> org.hibernate.type.UrlType@1a4d1ab7
[DEBUG] 2021-03-02 14-29-29.206 [main] BasicTypeRegistry - Adding type registration Duration -> org.hibernate.type.DurationType@2a3194c6
[DEBUG] 2021-03-02 14-29-29.207 [main] BasicTypeRegistry - Adding type registration java.time.Duration -> org.hibernate.type.DurationType@2a3194c6
[DEBUG] 2021-03-02 14-29-29.214 [main] BasicTypeRegistry - Adding type registration Instant -> org.hibernate.type.InstantType@76563d26
[DEBUG] 2021-03-02 14-29-29.214 [main] BasicTypeRegistry - Adding type registration java.time.Instant -> org.hibernate.type.InstantType@76563d26
[DEBUG] 2021-03-02 14-29-29.216 [main] BasicTypeRegistry - Adding type registration LocalDateTime -> org.hibernate.type.LocalDateTimeType@22a736d7
[DEBUG] 2021-03-02 14-29-29.217 [main] BasicTypeRegistry - Adding type registration java.time.LocalDateTime -> org.hibernate.type.LocalDateTimeType@22a736d7
[DEBUG] 2021-03-02 14-29-29.218 [main] BasicTypeRegistry - Adding type registration LocalDate -> org.hibernate.type.LocalDateType@66273da0
[DEBUG] 2021-03-02 14-29-29.218 [main] BasicTypeRegistry - Adding type registration java.time.LocalDate -> org.hibernate.type.LocalDateType@66273da0
[DEBUG] 2021-03-02 14-29-29.220 [main] BasicTypeRegistry - Adding type registration LocalTime -> org.hibernate.type.LocalTimeType@7b6860f9
[DEBUG] 2021-03-02 14-29-29.220 [main] BasicTypeRegistry - Adding type registration java.time.LocalTime -> org.hibernate.type.LocalTimeType@7b6860f9
[DEBUG] 2021-03-02 14-29-29.221 [main] BasicTypeRegistry - Adding type registration OffsetDateTime -> org.hibernate.type.OffsetDateTimeType@6069dd38
[DEBUG] 2021-03-02 14-29-29.221 [main] BasicTypeRegistry - Adding type registration java.time.OffsetDateTime -> org.hibernate.type.OffsetDateTimeType@6069dd38
[DEBUG] 2021-03-02 14-29-29.228 [main] BasicTypeRegistry - Adding type registration OffsetTime -> org.hibernate.type.OffsetTimeType@26dc9bd5
[DEBUG] 2021-03-02 14-29-29.228 [main] BasicTypeRegistry - Adding type registration java.time.OffsetTime -> org.hibernate.type.OffsetTimeType@26dc9bd5
[DEBUG] 2021-03-02 14-29-29.230 [main] BasicTypeRegistry - Adding type registration ZonedDateTime -> org.hibernate.type.ZonedDateTimeType@63c12e52
[DEBUG] 2021-03-02 14-29-29.230 [main] BasicTypeRegistry - Adding type registration java.time.ZonedDateTime -> org.hibernate.type.ZonedDateTimeType@63c12e52
[DEBUG] 2021-03-02 14-29-29.232 [main] BasicTypeRegistry - Adding type registration date -> org.hibernate.type.DateType@43e9089
[DEBUG] 2021-03-02 14-29-29.232 [main] BasicTypeRegistry - Adding type registration java.sql.Date -> org.hibernate.type.DateType@43e9089
[DEBUG] 2021-03-02 14-29-29.235 [main] BasicTypeRegistry - Adding type registration time -> org.hibernate.type.TimeType@2f5ac102
[DEBUG] 2021-03-02 14-29-29.235 [main] BasicTypeRegistry - Adding type registration java.sql.Time -> org.hibernate.type.TimeType@2f5ac102
[DEBUG] 2021-03-02 14-29-29.237 [main] BasicTypeRegistry - Adding type registration timestamp -> org.hibernate.type.TimestampType@6981f8f3
[DEBUG] 2021-03-02 14-29-29.237 [main] BasicTypeRegistry - Adding type registration java.sql.Timestamp -> org.hibernate.type.TimestampType@6981f8f3
[DEBUG] 2021-03-02 14-29-29.237 [main] BasicTypeRegistry - Adding type registration java.util.Date -> org.hibernate.type.TimestampType@6981f8f3
[DEBUG] 2021-03-02 14-29-29.238 [main] BasicTypeRegistry - Adding type registration dbtimestamp -> org.hibernate.type.DbTimestampType@68a4dcc6
[DEBUG] 2021-03-02 14-29-29.239 [main] BasicTypeRegistry - Adding type registration calendar -> org.hibernate.type.CalendarType@6dd1c3ed
[DEBUG] 2021-03-02 14-29-29.239 [main] BasicTypeRegistry - Adding type registration java.util.Calendar -> org.hibernate.type.CalendarType@6dd1c3ed
[DEBUG] 2021-03-02 14-29-29.240 [main] BasicTypeRegistry - Adding type registration java.util.GregorianCalendar -> org.hibernate.type.CalendarType@6dd1c3ed
[DEBUG] 2021-03-02 14-29-29.240 [main] BasicTypeRegistry - Adding type registration calendar_date -> org.hibernate.type.CalendarDateType@78054f54
[DEBUG] 2021-03-02 14-29-29.241 [main] BasicTypeRegistry - Adding type registration locale -> org.hibernate.type.LocaleType@15400fff
[DEBUG] 2021-03-02 14-29-29.242 [main] BasicTypeRegistry - Adding type registration java.util.Locale -> org.hibernate.type.LocaleType@15400fff
[DEBUG] 2021-03-02 14-29-29.243 [main] BasicTypeRegistry - Adding type registration currency -> org.hibernate.type.CurrencyType@620c8641
[DEBUG] 2021-03-02 14-29-29.243 [main] BasicTypeRegistry - Adding type registration java.util.Currency -> org.hibernate.type.CurrencyType@620c8641
[DEBUG] 2021-03-02 14-29-29.244 [main] BasicTypeRegistry - Adding type registration timezone -> org.hibernate.type.TimeZoneType@68d7a2df
[DEBUG] 2021-03-02 14-29-29.244 [main] BasicTypeRegistry - Adding type registration java.util.TimeZone -> org.hibernate.type.TimeZoneType@68d7a2df
[DEBUG] 2021-03-02 14-29-29.245 [main] BasicTypeRegistry - Adding type registration class -> org.hibernate.type.ClassType@56a4f272
[DEBUG] 2021-03-02 14-29-29.245 [main] BasicTypeRegistry - Adding type registration java.lang.Class -> org.hibernate.type.ClassType@56a4f272
[DEBUG] 2021-03-02 14-29-29.246 [main] BasicTypeRegistry - Adding type registration uuid-binary -> org.hibernate.type.UUIDBinaryType@7ceb4478
[DEBUG] 2021-03-02 14-29-29.246 [main] BasicTypeRegistry - Adding type registration java.util.UUID -> org.hibernate.type.UUIDBinaryType@7ceb4478
[DEBUG] 2021-03-02 14-29-29.247 [main] BasicTypeRegistry - Adding type registration uuid-char -> org.hibernate.type.UUIDCharType@6f94a5a5
[DEBUG] 2021-03-02 14-29-29.248 [main] BasicTypeRegistry - Adding type registration binary -> org.hibernate.type.BinaryType@a92be4f
[DEBUG] 2021-03-02 14-29-29.248 [main] BasicTypeRegistry - Adding type registration byte[] -> org.hibernate.type.BinaryType@a92be4f
[DEBUG] 2021-03-02 14-29-29.248 [main] BasicTypeRegistry - Adding type registration [B -> org.hibernate.type.BinaryType@a92be4f
[DEBUG] 2021-03-02 14-29-29.249 [main] BasicTypeRegistry - Adding type registration wrapper-binary -> org.hibernate.type.WrapperBinaryType@2924f1d8
[DEBUG] 2021-03-02 14-29-29.249 [main] BasicTypeRegistry - Adding type registration Byte[] -> org.hibernate.type.WrapperBinaryType@2924f1d8
[DEBUG] 2021-03-02 14-29-29.249 [main] BasicTypeRegistry - Adding type registration [Ljava.lang.Byte; -> org.hibernate.type.WrapperBinaryType@2924f1d8
[DEBUG] 2021-03-02 14-29-29.250 [main] BasicTypeRegistry - Adding type registration row_version -> org.hibernate.type.RowVersionType@7baf1f5a
[DEBUG] 2021-03-02 14-29-29.251 [main] BasicTypeRegistry - Adding type registration image -> org.hibernate.type.ImageType@7fe82967
[DEBUG] 2021-03-02 14-29-29.252 [main] BasicTypeRegistry - Adding type registration characters -> org.hibernate.type.CharArrayType@1aad0b1
[DEBUG] 2021-03-02 14-29-29.252 [main] BasicTypeRegistry - Adding type registration char[] -> org.hibernate.type.CharArrayType@1aad0b1
[DEBUG] 2021-03-02 14-29-29.252 [main] BasicTypeRegistry - Adding type registration [C -> org.hibernate.type.CharArrayType@1aad0b1
[DEBUG] 2021-03-02 14-29-29.253 [main] BasicTypeRegistry - Adding type registration wrapper-characters -> org.hibernate.type.CharacterArrayType@44536de4
[DEBUG] 2021-03-02 14-29-29.253 [main] BasicTypeRegistry - Adding type registration [Ljava.lang.Character; -> org.hibernate.type.CharacterArrayType@44536de4
[DEBUG] 2021-03-02 14-29-29.253 [main] BasicTypeRegistry - Adding type registration Character[] -> org.hibernate.type.CharacterArrayType@44536de4
[DEBUG] 2021-03-02 14-29-29.254 [main] BasicTypeRegistry - Adding type registration text -> org.hibernate.type.TextType@77b919a3
[DEBUG] 2021-03-02 14-29-29.254 [main] BasicTypeRegistry - Adding type registration ntext -> org.hibernate.type.NTextType@726aa968
[DEBUG] 2021-03-02 14-29-29.255 [main] BasicTypeRegistry - Adding type registration blob -> org.hibernate.type.BlobType@b52b755
[DEBUG] 2021-03-02 14-29-29.255 [main] BasicTypeRegistry - Adding type registration java.sql.Blob -> org.hibernate.type.BlobType@b52b755
[DEBUG] 2021-03-02 14-29-29.256 [main] BasicTypeRegistry - Adding type registration materialized_blob -> org.hibernate.type.MaterializedBlobType@6dcc40f5
[DEBUG] 2021-03-02 14-29-29.257 [main] BasicTypeRegistry - Adding type registration clob -> org.hibernate.type.ClobType@fc807c1
[DEBUG] 2021-03-02 14-29-29.257 [main] BasicTypeRegistry - Adding type registration java.sql.Clob -> org.hibernate.type.ClobType@fc807c1
[DEBUG] 2021-03-02 14-29-29.258 [main] BasicTypeRegistry - Adding type registration nclob -> org.hibernate.type.NClobType@5a6fa56e
[DEBUG] 2021-03-02 14-29-29.259 [main] BasicTypeRegistry - Adding type registration java.sql.NClob -> org.hibernate.type.NClobType@5a6fa56e
[DEBUG] 2021-03-02 14-29-29.259 [main] BasicTypeRegistry - Adding type registration materialized_clob -> org.hibernate.type.MaterializedClobType@74174a23
[DEBUG] 2021-03-02 14-29-29.259 [main] BasicTypeRegistry - Adding type registration materialized_nclob -> org.hibernate.type.MaterializedNClobType@36c2b646
[DEBUG] 2021-03-02 14-29-29.261 [main] BasicTypeRegistry - Adding type registration serializable -> org.hibernate.type.SerializableType@7724704f
[DEBUG] 2021-03-02 14-29-29.264 [main] BasicTypeRegistry - Adding type registration object -> org.hibernate.type.ObjectType@4c1bdcc2
[DEBUG] 2021-03-02 14-29-29.264 [main] BasicTypeRegistry - Adding type registration java.lang.Object -> org.hibernate.type.ObjectType@4c1bdcc2
[DEBUG] 2021-03-02 14-29-29.265 [main] BasicTypeRegistry - Adding type registration imm_date -> org.hibernate.type.AdaptedImmutableType@642f9a77
[DEBUG] 2021-03-02 14-29-29.265 [main] BasicTypeRegistry - Adding type registration imm_time -> org.hibernate.type.AdaptedImmutableType@23f3da8b
[DEBUG] 2021-03-02 14-29-29.265 [main] BasicTypeRegistry - Adding type registration imm_timestamp -> org.hibernate.type.AdaptedImmutableType@5634d0f4
[DEBUG] 2021-03-02 14-29-29.265 [main] BasicTypeRegistry - Adding type registration imm_dbtimestamp -> org.hibernate.type.AdaptedImmutableType@252a8aae
[DEBUG] 2021-03-02 14-29-29.265 [main] BasicTypeRegistry - Adding type registration imm_calendar -> org.hibernate.type.AdaptedImmutableType@3d4e405e
[DEBUG] 2021-03-02 14-29-29.265 [main] BasicTypeRegistry - Adding type registration imm_calendar_date -> org.hibernate.type.AdaptedImmutableType@54e2fe
[DEBUG] 2021-03-02 14-29-29.265 [main] BasicTypeRegistry - Adding type registration imm_binary -> org.hibernate.type.AdaptedImmutableType@70972170
[DEBUG] 2021-03-02 14-29-29.265 [main] BasicTypeRegistry - Adding type registration imm_serializable -> org.hibernate.type.AdaptedImmutableType@119aa36
[DEBUG] 2021-03-02 14-29-29.294 [main] DefaultIdentifierGeneratorFactory - Registering IdentifierGenerator strategy [uuid2] -> [org.hibernate.id.UUIDGenerator]
[DEBUG] 2021-03-02 14-29-29.294 [main] DefaultIdentifierGeneratorFactory - Registering IdentifierGenerator strategy [guid] -> [org.hibernate.id.GUIDGenerator]
[DEBUG] 2021-03-02 14-29-29.295 [main] DefaultIdentifierGeneratorFactory - Registering IdentifierGenerator strategy [uuid] -> [org.hibernate.id.UUIDHexGenerator]
[DEBUG] 2021-03-02 14-29-29.295 [main] DefaultIdentifierGeneratorFactory - Registering IdentifierGenerator strategy [uuid.hex] -> [org.hibernate.id.UUIDHexGenerator]
[DEBUG] 2021-03-02 14-29-29.296 [main] DefaultIdentifierGeneratorFactory - Registering IdentifierGenerator strategy [assigned] -> [org.hibernate.id.Assigned]
[DEBUG] 2021-03-02 14-29-29.296 [main] DefaultIdentifierGeneratorFactory - Registering IdentifierGenerator strategy [identity] -> [org.hibernate.id.IdentityGenerator]
[DEBUG] 2021-03-02 14-29-29.297 [main] DefaultIdentifierGeneratorFactory - Registering IdentifierGenerator strategy [select] -> [org.hibernate.id.SelectGenerator]
[DEBUG] 2021-03-02 14-29-29.298 [main] DefaultIdentifierGeneratorFactory - Registering IdentifierGenerator strategy [sequence] -> [org.hibernate.id.enhanced.SequenceStyleGenerator]
[DEBUG] 2021-03-02 14-29-29.299 [main] DefaultIdentifierGeneratorFactory - Registering IdentifierGenerator strategy [seqhilo] -> [org.hibernate.id.SequenceHiLoGenerator]
[DEBUG] 2021-03-02 14-29-29.299 [main] DefaultIdentifierGeneratorFactory - Registering IdentifierGenerator strategy [increment] -> [org.hibernate.id.IncrementGenerator]
[DEBUG] 2021-03-02 14-29-29.300 [main] DefaultIdentifierGeneratorFactory - Registering IdentifierGenerator strategy [foreign] -> [org.hibernate.id.ForeignGenerator]
[DEBUG] 2021-03-02 14-29-29.300 [main] DefaultIdentifierGeneratorFactory - Registering IdentifierGenerator strategy [sequence-identity] -> [org.hibernate.id.SequenceIdentityGenerator]
[DEBUG] 2021-03-02 14-29-29.300 [main] DefaultIdentifierGeneratorFactory - Registering IdentifierGenerator strategy [enhanced-sequence] -> [org.hibernate.id.enhanced.SequenceStyleGenerator]
[DEBUG] 2021-03-02 14-29-29.301 [main] DefaultIdentifierGeneratorFactory - Registering IdentifierGenerator strategy [enhanced-table] -> [org.hibernate.id.enhanced.TableGenerator]
[INFO ] 2021-03-02 14-29-29.306 [main] C3P0ConnectionProvider - HHH010002: C3P0 using driver: com.mysql.cj.jdbc.Driver at URL: jdbc:mysql://localhost:3306/test_stardew_assistant
[INFO ] 2021-03-02 14-29-29.307 [main] C3P0ConnectionProvider - HHH10001001: Connection properties: {password=****, user=root}
[INFO ] 2021-03-02 14-29-29.307 [main] C3P0ConnectionProvider - HHH10001003: Autocommit mode: false
[INFO ] 2021-03-02 14-29-29.401 [main] C3P0ConnectionProvider - HHH10001007: JDBC isolation level: <unknown>
[DEBUG] 2021-03-02 14-29-29.532 [main] JdbcEnvironmentInitiator - Database ->
       name : MySQL
    version : 8.0.23
      major : 8
      minor : 0
[DEBUG] 2021-03-02 14-29-29.532 [main] JdbcEnvironmentInitiator - Driver ->
       name : MySQL Connector/J
    version : mysql-connector-java-8.0.16 (Revision: 34cbc6bc61f72836e26327537a432d6db7c77de6)
      major : 8
      minor : 0
[DEBUG] 2021-03-02 14-29-29.532 [main] JdbcEnvironmentInitiator - JDBC version : 4.2
[INFO ] 2021-03-02 14-29-29.555 [main] Dialect - HHH000400: Using dialect: org.hibernate.dialect.MySQL8Dialect
[DEBUG] 2021-03-02 14-29-29.571 [main] IdentifierHelperBuilder - JDBC driver metadata reported database stores quoted identifiers in more than one case
[DEBUG] 2021-03-02 14-29-29.591 [main] IdentifierHelperBuilder - IdentifierCaseStrategy for both quoted and unquoted identifiers was set to the same strategy [LOWER]; that will likely lead to problems in schema update and validation if using quoted identifiers
[DEBUG] 2021-03-02 14-29-29.621 [main] Namespace - Created database namespace [logicalName=Name{catalog=null, schema=null}, physicalName=Name{catalog=null, schema=null}]
[DEBUG] 2021-03-02 14-29-29.624 [main] TypeConfiguration$Scope - Scoping TypeConfiguration [org.hibernate.type.spi.TypeConfiguration@a83495d] to MetadataBuildingContext [org.hibernate.boot.internal.MetadataBuildingContextRootImpl@7e83992]
[DEBUG] 2021-03-02 14-29-29.673 [main] AnnotationBinder - Binding entity from annotated class: edu.matc.entity.Favorite
[DEBUG] 2021-03-02 14-29-29.693 [main] Ejb3Column - Binding column: Ejb3DiscriminatorColumn{logicalColumnName'DTYPE', discriminatorTypeName='string'}
[DEBUG] 2021-03-02 14-29-29.698 [main] EntityBinder - Import with entity name Favorite
[DEBUG] 2021-03-02 14-29-29.701 [main] EntityBinder - Bind entity edu.matc.entity.Favorite on table user_favorites
[DEBUG] 2021-03-02 14-29-29.721 [main] Ejb3Column - Binding column: Ejb3Column{table=org.hibernate.mapping.Table(user_favorites), mappingColumn=id, insertable=true, updatable=true, unique=false}
[DEBUG] 2021-03-02 14-29-29.723 [main] PropertyBinder - MetadataSourceProcessor property id with lazy=false
[DEBUG] 2021-03-02 14-29-29.725 [main] AbstractPropertyHolder - Attempting to locate auto-apply AttributeConverter for property [edu.matc.entity.Favorite:id]
[DEBUG] 2021-03-02 14-29-29.727 [main] SimpleValueBinder - building SimpleValue for id
[DEBUG] 2021-03-02 14-29-29.728 [main] PropertyBinder - Building property id
[DEBUG] 2021-03-02 14-29-29.732 [main] BinderHelper - #makeIdGenerator(org.hibernate.mapping.SimpleValue([org.hibernate.mapping.Column(id)]), id, org.hibernate.id.enhanced.SequenceStyleGenerator, native, ...)
[DEBUG] 2021-03-02 14-29-29.733 [main] Ejb3Column - Binding column: Ejb3Column{table=org.hibernate.mapping.Table(user_favorites), mappingColumn=itemId, insertable=true, updatable=true, unique=false}
[DEBUG] 2021-03-02 14-29-29.734 [main] PropertyBinder - MetadataSourceProcessor property itemId with lazy=false
[DEBUG] 2021-03-02 14-29-29.734 [main] AbstractPropertyHolder - Attempting to locate auto-apply AttributeConverter for property [edu.matc.entity.Favorite:itemId]
[DEBUG] 2021-03-02 14-29-29.734 [main] SimpleValueBinder - building SimpleValue for itemId
[DEBUG] 2021-03-02 14-29-29.734 [main] PropertyBinder - Building property itemId
[DEBUG] 2021-03-02 14-29-29.734 [main] Ejb3Column - Binding column: Ejb3Column{table=org.hibernate.mapping.Table(user_favorites), mappingColumn=userId, insertable=true, updatable=true, unique=false}
[DEBUG] 2021-03-02 14-29-29.734 [main] PropertyBinder - MetadataSourceProcessor property userId with lazy=false
[DEBUG] 2021-03-02 14-29-29.734 [main] AbstractPropertyHolder - Attempting to locate auto-apply AttributeConverter for property [edu.matc.entity.Favorite:userId]
[DEBUG] 2021-03-02 14-29-29.734 [main] SimpleValueBinder - building SimpleValue for userId
[DEBUG] 2021-03-02 14-29-29.734 [main] PropertyBinder - Building property userId
[DEBUG] 2021-03-02 14-29-29.735 [main] AnnotationBinder - Binding entity from annotated class: edu.matc.entity.Item
[DEBUG] 2021-03-02 14-29-29.736 [main] Ejb3Column - Binding column: Ejb3DiscriminatorColumn{logicalColumnName'DTYPE', discriminatorTypeName='string'}
[DEBUG] 2021-03-02 14-29-29.736 [main] EntityBinder - Import with entity name Item
[DEBUG] 2021-03-02 14-29-29.736 [main] EntityBinder - Bind entity edu.matc.entity.Item on table item
[DEBUG] 2021-03-02 14-29-29.738 [main] Ejb3Column - Binding column: Ejb3Column{table=org.hibernate.mapping.Table(item), mappingColumn=id, insertable=true, updatable=true, unique=false}
[DEBUG] 2021-03-02 14-29-29.738 [main] PropertyBinder - MetadataSourceProcessor property id with lazy=false
[DEBUG] 2021-03-02 14-29-29.738 [main] AbstractPropertyHolder - Attempting to locate auto-apply AttributeConverter for property [edu.matc.entity.Item:id]
[DEBUG] 2021-03-02 14-29-29.738 [main] SimpleValueBinder - building SimpleValue for id
[DEBUG] 2021-03-02 14-29-29.738 [main] PropertyBinder - Building property id
[DEBUG] 2021-03-02 14-29-29.738 [main] BinderHelper - #makeIdGenerator(org.hibernate.mapping.SimpleValue([org.hibernate.mapping.Column(id)]), id, org.hibernate.id.enhanced.SequenceStyleGenerator, native, ...)
[DEBUG] 2021-03-02 14-29-29.738 [main] Ejb3Column - Binding column: Ejb3Column{table=org.hibernate.mapping.Table(item), mappingColumn=name, insertable=true, updatable=true, unique=false}
[DEBUG] 2021-03-02 14-29-29.738 [main] PropertyBinder - MetadataSourceProcessor property name with lazy=false
[DEBUG] 2021-03-02 14-29-29.739 [main] AbstractPropertyHolder - Attempting to locate auto-apply AttributeConverter for property [edu.matc.entity.Item:name]
[DEBUG] 2021-03-02 14-29-29.739 [main] SimpleValueBinder - building SimpleValue for name
[DEBUG] 2021-03-02 14-29-29.739 [main] PropertyBinder - Building property name
[DEBUG] 2021-03-02 14-29-29.739 [main] Ejb3Column - Binding column: Ejb3Column{table=org.hibernate.mapping.Table(item), mappingColumn=type, insertable=true, updatable=true, unique=false}
[DEBUG] 2021-03-02 14-29-29.739 [main] PropertyBinder - MetadataSourceProcessor property type with lazy=false
[DEBUG] 2021-03-02 14-29-29.739 [main] AbstractPropertyHolder - Attempting to locate auto-apply AttributeConverter for property [edu.matc.entity.Item:type]
[DEBUG] 2021-03-02 14-29-29.739 [main] SimpleValueBinder - building SimpleValue for type
[DEBUG] 2021-03-02 14-29-29.739 [main] PropertyBinder - Building property type
[DEBUG] 2021-03-02 14-29-29.739 [main] AnnotationBinder - Binding entity from annotated class: edu.matc.entity.User
[DEBUG] 2021-03-02 14-29-29.740 [main] Ejb3Column - Binding column: Ejb3DiscriminatorColumn{logicalColumnName'DTYPE', discriminatorTypeName='string'}
[DEBUG] 2021-03-02 14-29-29.740 [main] EntityBinder - Import with entity name User
[DEBUG] 2021-03-02 14-29-29.740 [main] EntityBinder - Bind entity edu.matc.entity.User on table user
[DEBUG] 2021-03-02 14-29-29.743 [main] Ejb3Column - Binding column: Ejb3Column{table=org.hibernate.mapping.Table(user), mappingColumn=id, insertable=true, updatable=true, unique=false}
[DEBUG] 2021-03-02 14-29-29.743 [main] PropertyBinder - MetadataSourceProcessor property id with lazy=false
[DEBUG] 2021-03-02 14-29-29.743 [main] AbstractPropertyHolder - Attempting to locate auto-apply AttributeConverter for property [edu.matc.entity.User:id]
[DEBUG] 2021-03-02 14-29-29.743 [main] SimpleValueBinder - building SimpleValue for id
[DEBUG] 2021-03-02 14-29-29.743 [main] PropertyBinder - Building property id
[DEBUG] 2021-03-02 14-29-29.743 [main] BinderHelper - #makeIdGenerator(org.hibernate.mapping.SimpleValue([org.hibernate.mapping.Column(id)]), id, org.hibernate.id.enhanced.SequenceStyleGenerator, native, ...)
[DEBUG] 2021-03-02 14-29-29.744 [main] Ejb3Column - Binding column: Ejb3JoinColumn{logicalColumnName='null', referencedColumn='null', mappedBy='user'}
[DEBUG] 2021-03-02 14-29-29.744 [main] Ejb3Column - Binding column: Ejb3Column{table=org.hibernate.mapping.Table(user), mappingColumn=notes, insertable=true, updatable=true, unique=false}
[DEBUG] 2021-03-02 14-29-29.746 [main] Ejb3Column - Binding column: Ejb3Column{table=org.hibernate.mapping.Table(user), mappingColumn=null, insertable=true, updatable=true, unique=false}
[DEBUG] 2021-03-02 14-29-29.754 [main] Ejb3Column - Binding column: Ejb3Column{table=org.hibernate.mapping.Table(user), mappingColumn=element, insertable=true, updatable=true, unique=false}
[DEBUG] 2021-03-02 14-29-29.754 [main] Ejb3Column - Binding column: Ejb3Column{table=org.hibernate.mapping.Table(user), mappingColumn=notes_KEY, insertable=true, updatable=true, unique=false}
[DEBUG] 2021-03-02 14-29-29.755 [main] Ejb3Column - Binding column: Ejb3JoinColumn{logicalColumnName='notes_KEY', referencedColumn='null', mappedBy='null'}
[DEBUG] 2021-03-02 14-29-29.756 [main] Ejb3Column - Binding column: Ejb3JoinColumn{logicalColumnName='null', referencedColumn='null', mappedBy='user'}
[DEBUG] 2021-03-02 14-29-29.756 [main] Ejb3Column - Binding column: Ejb3JoinColumn{logicalColumnName='null', referencedColumn='null', mappedBy='user'}
[DEBUG] 2021-03-02 14-29-29.756 [main] CollectionBinder - Collection role: edu.matc.entity.User.notes
[DEBUG] 2021-03-02 14-29-29.758 [main] PropertyBinder - Building property notes
[DEBUG] 2021-03-02 14-29-29.759 [main] Ejb3Column - Binding column: Ejb3Column{table=org.hibernate.mapping.Table(user), mappingColumn=password, insertable=true, updatable=true, unique=false}
[DEBUG] 2021-03-02 14-29-29.759 [main] PropertyBinder - MetadataSourceProcessor property password with lazy=false
[DEBUG] 2021-03-02 14-29-29.759 [main] AbstractPropertyHolder - Attempting to locate auto-apply AttributeConverter for property [edu.matc.entity.User:password]
[DEBUG] 2021-03-02 14-29-29.759 [main] SimpleValueBinder - building SimpleValue for password
[DEBUG] 2021-03-02 14-29-29.759 [main] PropertyBinder - Building property password
[DEBUG] 2021-03-02 14-29-29.759 [main] Ejb3Column - Binding column: Ejb3Column{table=org.hibernate.mapping.Table(user), mappingColumn=username, insertable=true, updatable=true, unique=false}
[DEBUG] 2021-03-02 14-29-29.759 [main] PropertyBinder - MetadataSourceProcessor property username with lazy=false
[DEBUG] 2021-03-02 14-29-29.759 [main] AbstractPropertyHolder - Attempting to locate auto-apply AttributeConverter for property [edu.matc.entity.User:username]
[DEBUG] 2021-03-02 14-29-29.759 [main] SimpleValueBinder - building SimpleValue for username
[DEBUG] 2021-03-02 14-29-29.759 [main] PropertyBinder - Building property username
[DEBUG] 2021-03-02 14-29-29.759 [main] AnnotationBinder - Binding entity from annotated class: edu.matc.entity.Note
[DEBUG] 2021-03-02 14-29-29.760 [main] Ejb3Column - Binding column: Ejb3DiscriminatorColumn{logicalColumnName'DTYPE', discriminatorTypeName='string'}
[DEBUG] 2021-03-02 14-29-29.760 [main] EntityBinder - Import with entity name Note
[DEBUG] 2021-03-02 14-29-29.760 [main] EntityBinder - Bind entity edu.matc.entity.Note on table notes
[DEBUG] 2021-03-02 14-29-29.761 [main] Ejb3Column - Binding column: Ejb3Column{table=org.hibernate.mapping.Table(notes), mappingColumn=id, insertable=true, updatable=true, unique=false}
[DEBUG] 2021-03-02 14-29-29.761 [main] PropertyBinder - MetadataSourceProcessor property id with lazy=false
[DEBUG] 2021-03-02 14-29-29.761 [main] AbstractPropertyHolder - Attempting to locate auto-apply AttributeConverter for property [edu.matc.entity.Note:id]
[DEBUG] 2021-03-02 14-29-29.761 [main] SimpleValueBinder - building SimpleValue for id
[DEBUG] 2021-03-02 14-29-29.761 [main] PropertyBinder - Building property id
[DEBUG] 2021-03-02 14-29-29.761 [main] BinderHelper - #makeIdGenerator(org.hibernate.mapping.SimpleValue([org.hibernate.mapping.Column(id)]), id, org.hibernate.id.enhanced.SequenceStyleGenerator, native, ...)
[DEBUG] 2021-03-02 14-29-29.762 [main] Ejb3Column - Binding column: Ejb3JoinColumn{logicalColumnName='null', referencedColumn='null', mappedBy='null'}
[DEBUG] 2021-03-02 14-29-29.762 [main] Ejb3Column - Binding column: Ejb3Column{table=org.hibernate.mapping.Table(notes), mappingColumn=item, insertable=true, updatable=true, unique=false}
[DEBUG] 2021-03-02 14-29-29.763 [main] PropertyBinder - Building property item
[DEBUG] 2021-03-02 14-29-29.763 [main] Ejb3Column - Binding column: Ejb3Column{table=org.hibernate.mapping.Table(notes), mappingColumn=note, insertable=true, updatable=true, unique=false}
[DEBUG] 2021-03-02 14-29-29.763 [main] PropertyBinder - MetadataSourceProcessor property noteContent with lazy=false
[DEBUG] 2021-03-02 14-29-29.764 [main] AbstractPropertyHolder - Attempting to locate auto-apply AttributeConverter for property [edu.matc.entity.Note:noteContent]
[DEBUG] 2021-03-02 14-29-29.764 [main] SimpleValueBinder - building SimpleValue for noteContent
[DEBUG] 2021-03-02 14-29-29.764 [main] PropertyBinder - Building property noteContent
[DEBUG] 2021-03-02 14-29-29.764 [main] Ejb3Column - Binding column: Ejb3JoinColumn{logicalColumnName='null', referencedColumn='null', mappedBy='null'}
[DEBUG] 2021-03-02 14-29-29.764 [main] Ejb3Column - Binding column: Ejb3Column{table=org.hibernate.mapping.Table(notes), mappingColumn=user, insertable=true, updatable=true, unique=false}
[DEBUG] 2021-03-02 14-29-29.764 [main] PropertyBinder - Building property user
[DEBUG] 2021-03-02 14-29-29.765 [main] SimpleValueBinder - Starting fillSimpleValue for id
[DEBUG] 2021-03-02 14-29-29.765 [main] SimpleValueBinder - Starting fillSimpleValue for itemId
[DEBUG] 2021-03-02 14-29-29.765 [main] SimpleValueBinder - Starting fillSimpleValue for userId
[DEBUG] 2021-03-02 14-29-29.766 [main] SimpleValueBinder - Starting fillSimpleValue for id
[DEBUG] 2021-03-02 14-29-29.766 [main] SimpleValueBinder - Starting fillSimpleValue for name
[DEBUG] 2021-03-02 14-29-29.766 [main] SimpleValueBinder - Starting fillSimpleValue for type
[DEBUG] 2021-03-02 14-29-29.766 [main] SimpleValueBinder - Starting fillSimpleValue for id
[DEBUG] 2021-03-02 14-29-29.766 [main] SimpleValueBinder - Starting fillSimpleValue for password
[DEBUG] 2021-03-02 14-29-29.766 [main] SimpleValueBinder - Starting fillSimpleValue for username
[DEBUG] 2021-03-02 14-29-29.766 [main] SimpleValueBinder - Starting fillSimpleValue for id
[DEBUG] 2021-03-02 14-29-29.766 [main] SimpleValueBinder - Starting fillSimpleValue for noteContent
[DEBUG] 2021-03-02 14-29-29.770 [main] PrimaryKey - Forcing column [id] to be non-null as it is part of the primary key for table [user_favorites]
[DEBUG] 2021-03-02 14-29-29.770 [main] PrimaryKey - Forcing column [id] to be non-null as it is part of the primary key for table [item]
[DEBUG] 2021-03-02 14-29-29.770 [main] PrimaryKey - Forcing column [id] to be non-null as it is part of the primary key for table [user]
[DEBUG] 2021-03-02 14-29-29.770 [main] PrimaryKey - Forcing column [id] to be non-null as it is part of the primary key for table [notes]
[DEBUG] 2021-03-02 14-29-29.771 [main] CollectionSecondPass - Second pass for collection: edu.matc.entity.User.notes
[DEBUG] 2021-03-02 14-29-29.771 [main] CollectionBinder - Binding a OneToMany: edu.matc.entity.User.notes through a foreign key
[DEBUG] 2021-03-02 14-29-29.772 [main] CollectionBinder - Mapping collection: edu.matc.entity.User.notes -> notes
[DEBUG] 2021-03-02 14-29-29.773 [main] TableBinder - Retrieving property edu.matc.entity.Note.user
[DEBUG] 2021-03-02 14-29-29.773 [main] CollectionSecondPass - Mapped collection key: user_id, one-to-many: edu.matc.entity.Note
[DEBUG] 2021-03-02 14-29-29.773 [main] InFlightMetadataCollectorImpl - Resolving reference to class: edu.matc.entity.Item
[DEBUG] 2021-03-02 14-29-29.775 [main] InFlightMetadataCollectorImpl - Resolving reference to class: edu.matc.entity.User
[DEBUG] 2021-03-02 14-29-29.776 [main] InFlightMetadataCollectorImpl - Resolving reference to class: edu.matc.entity.Item
[DEBUG] 2021-03-02 14-29-29.776 [main] InFlightMetadataCollectorImpl - Resolving reference to class: edu.matc.entity.User
[DEBUG] 2021-03-02 14-29-29.805 [main] SessionFactoryImpl - Building session factory
[DEBUG] 2021-03-02 14-29-29.805 [main] Settings - SessionFactory name : null
[DEBUG] 2021-03-02 14-29-29.805 [main] Settings - Automatic flush during beforeCompletion(): enabled
[DEBUG] 2021-03-02 14-29-29.806 [main] Settings - Automatic session close at end of transaction: disabled
[DEBUG] 2021-03-02 14-29-29.806 [main] Settings - Statistics: disabled
[DEBUG] 2021-03-02 14-29-29.806 [main] Settings - Deleted entity synthetic identifier rollback: disabled
[DEBUG] 2021-03-02 14-29-29.806 [main] Settings - Default entity-mode: pojo
[DEBUG] 2021-03-02 14-29-29.806 [main] Settings - Check Nullability in Core (should be disabled when Bean Validation is on): enabled
[DEBUG] 2021-03-02 14-29-29.806 [main] Settings - Allow initialization of lazy state outside session : disabled
[DEBUG] 2021-03-02 14-29-29.806 [main] Settings - Using BatchFetchStyle : LEGACY
[DEBUG] 2021-03-02 14-29-29.806 [main] Settings - Default batch fetch size: -1
[DEBUG] 2021-03-02 14-29-29.806 [main] Settings - Maximum outer join fetch depth: 2
[DEBUG] 2021-03-02 14-29-29.806 [main] Settings - Default null ordering: NONE
[DEBUG] 2021-03-02 14-29-29.806 [main] Settings - Order SQL updates by primary key: disabled
[DEBUG] 2021-03-02 14-29-29.806 [main] Settings - Order SQL inserts for batching: disabled
[DEBUG] 2021-03-02 14-29-29.806 [main] Settings - multi-tenancy strategy : NONE
[DEBUG] 2021-03-02 14-29-29.806 [main] Settings - JTA Track by Thread: enabled
[DEBUG] 2021-03-02 14-29-29.806 [main] Settings - Query language substitutions: {}
[DEBUG] 2021-03-02 14-29-29.806 [main] Settings - Named query checking : enabled
[DEBUG] 2021-03-02 14-29-29.806 [main] Settings - Second-level cache: disabled
[DEBUG] 2021-03-02 14-29-29.806 [main] Settings - Second-level query cache: disabled
[DEBUG] 2021-03-02 14-29-29.806 [main] Settings - Second-level query cache factory: null
[DEBUG] 2021-03-02 14-29-29.806 [main] Settings - Second-level cache region prefix: null
[DEBUG] 2021-03-02 14-29-29.806 [main] Settings - Optimize second-level cache for minimal puts: disabled
[DEBUG] 2021-03-02 14-29-29.806 [main] Settings - Structured second-level cache entries: disabled
[DEBUG] 2021-03-02 14-29-29.806 [main] Settings - Second-level cache direct-reference entries: disabled
[DEBUG] 2021-03-02 14-29-29.806 [main] Settings - Automatic eviction of collection cache: disabled
[DEBUG] 2021-03-02 14-29-29.807 [main] Settings - JDBC batch size: 15
[DEBUG] 2021-03-02 14-29-29.807 [main] Settings - JDBC batch updates for versioned data: enabled
[DEBUG] 2021-03-02 14-29-29.807 [main] Settings - Scrollable result sets: enabled
[DEBUG] 2021-03-02 14-29-29.807 [main] Settings - Wrap result sets: disabled
[DEBUG] 2021-03-02 14-29-29.807 [main] Settings - JDBC3 getGeneratedKeys(): enabled
[DEBUG] 2021-03-02 14-29-29.807 [main] Settings - JDBC result set fetch size: null
[DEBUG] 2021-03-02 14-29-29.807 [main] Settings - Connection release mode: AFTER_TRANSACTION
[DEBUG] 2021-03-02 14-29-29.807 [main] Settings - Generate SQL with comments: disabled
[DEBUG] 2021-03-02 14-29-29.807 [main] Settings - JPA compliance - query : 
[DEBUG] 2021-03-02 14-29-29.807 [main] Settings - JPA compliance - closed-handling : 
[DEBUG] 2021-03-02 14-29-29.807 [main] Settings - JPA compliance - lists : 
[DEBUG] 2021-03-02 14-29-29.807 [main] Settings - JPA compliance - transactions : 
[INFO ] 2021-03-02 14-29-29.853 [main] beans - HHH10005002: No explicit CDI BeanManager reference was passed to Hibernate, but CDI is available on the Hibernate ClassLoader.
[DEBUG] 2021-03-02 14-29-29.870 [main] SessionFactoryImpl - Session factory constructed with filter configurations : {}
[DEBUG] 2021-03-02 14-29-29.870 [main] SessionFactoryImpl - Instantiating session factory with properties: {sun.desktop=windows, awt.toolkit=sun.awt.windows.WToolkit, java.specification.version=11, sun.cpu.isalist=amd64, hibernate.c3p0.idle_test_period=3000, sun.jnu.encoding=Cp1252, hibernate.c3p0.min_size=5, java.class.path=C:\Program Files\JetBrains\IntelliJ IDEA 2020.3.2\lib\idea_rt.jar;C:\Program Files\JetBrains\IntelliJ IDEA 2020.3.2\plugins\junit\lib\junit5-rt.jar;C:\Program Files\JetBrains\IntelliJ IDEA 2020.3.2\plugins\junit\lib\junit-rt.jar;C:\Users\fishe\Desktop\EnterpriseRepos\stardewValleyAssistant\target\test-classes;C:\Users\fishe\Desktop\EnterpriseRepos\stardewValleyAssistant\target\classes;C:\Users\fishe\.m2\repository\org\junit\platform\junit-platform-runner\1.0.0\junit-platform-runner-1.0.0.jar;C:\Users\fishe\.m2\repository\org\apiguardian\apiguardian-api\1.0.0\apiguardian-api-1.0.0.jar;C:\Users\fishe\.m2\repository\org\junit\platform\junit-platform-launcher\1.0.0\junit-platform-launcher-1.0.0.jar;C:\Users\fishe\.m2\repository\org\junit\platform\junit-platform-suite-api\1.0.0\junit-platform-suite-api-1.0.0.jar;C:\Users\fishe\.m2\repository\org\junit\platform\junit-platform-commons\1.0.0\junit-platform-commons-1.0.0.jar;C:\Users\fishe\.m2\repository\org\junit\vintage\junit-vintage-engine\4.12.0\junit-vintage-engine-4.12.0.jar;C:\Users\fishe\.m2\repository\org\junit\platform\junit-platform-engine\1.0.0\junit-platform-engine-1.0.0.jar;C:\Users\fishe\.m2\repository\org\opentest4j\opentest4j\1.0.0\opentest4j-1.0.0.jar;C:\Users\fishe\.m2\repository\org\junit\jupiter\junit-jupiter-engine\5.0.0\junit-jupiter-engine-5.0.0.jar;C:\Users\fishe\.m2\repository\org\junit\jupiter\junit-jupiter-api\5.0.0\junit-jupiter-api-5.0.0.jar;C:\Users\fishe\.m2\repository\junit\junit\4.12\junit-4.12.jar;C:\Users\fishe\.m2\repository\org\hamcrest\hamcrest-core\1.3\hamcrest-core-1.3.jar;C:\Users\fishe\.m2\repository\org\junit\jupiter\junit-jupiter\5.8.0-M1\junit-jupiter-5.8.0-M1.jar;C:\Users\fishe\.m2\repository\org\junit\jupiter\junit-jupiter-params\5.8.0-M1\junit-jupiter-params-5.8.0-M1.jar;C:\Users\fishe\.m2\repository\javax\javaee-web-api\7.0\javaee-web-api-7.0.jar;C:\Users\fishe\.m2\repository\mysql\mysql-connector-java\8.0.16\mysql-connector-java-8.0.16.jar;C:\Users\fishe\.m2\repository\com\google\protobuf\protobuf-java\3.6.1\protobuf-java-3.6.1.jar;C:\Users\fishe\.m2\repository\jstl\jstl\1.2\jstl-1.2.jar;C:\Users\fishe\.m2\repository\org\apache\logging\log4j\log4j-api\2.10.0\log4j-api-2.10.0.jar;C:\Users\fishe\.m2\repository\org\apache\logging\log4j\log4j-core\2.10.0\log4j-core-2.10.0.jar;C:\Users\fishe\.m2\repository\org\hibernate\hibernate-core\5.4.4.Final\hibernate-core-5.4.4.Final.jar;C:\Users\fishe\.m2\repository\org\jboss\logging\jboss-logging\3.3.2.Final\jboss-logging-3.3.2.Final.jar;C:\Users\fishe\.m2\repository\javax\persistence\javax.persistence-api\2.2\javax.persistence-api-2.2.jar;C:\Users\fishe\.m2\repository\org\javassist\javassist\3.24.0-GA\javassist-3.24.0-GA.jar;C:\Users\fishe\.m2\repository\net\bytebuddy\byte-buddy\1.9.11\byte-buddy-1.9.11.jar;C:\Users\fishe\.m2\repository\antlr\antlr\2.7.7\antlr-2.7.7.jar;C:\Users\fishe\.m2\repository\org\jboss\spec\javax\transaction\jboss-transaction-api_1.2_spec\1.1.1.Final\jboss-transaction-api_1.2_spec-1.1.1.Final.jar;C:\Users\fishe\.m2\repository\org\jboss\jandex\2.0.5.Final\jandex-2.0.5.Final.jar;C:\Users\fishe\.m2\repository\com\fasterxml\classmate\1.3.4\classmate-1.3.4.jar;C:\Users\fishe\.m2\repository\javax\activation\javax.activation-api\1.2.0\javax.activation-api-1.2.0.jar;C:\Users\fishe\.m2\repository\org\dom4j\dom4j\2.1.1\dom4j-2.1.1.jar;C:\Users\fishe\.m2\repository\org\hibernate\common\hibernate-commons-annotations\5.1.0.Final\hibernate-commons-annotations-5.1.0.Final.jar;C:\Users\fishe\.m2\repository\javax\xml\bind\jaxb-api\2.3.1\jaxb-api-2.3.1.jar;C:\Users\fishe\.m2\repository\org\glassfish\jaxb\jaxb-runtime\2.3.1\jaxb-runtime-2.3.1.jar;C:\Users\fishe\.m2\repository\org\glassfish\jaxb\txw2\2.3.1\txw2-2.3.1.jar;C:\Users\fishe\.m2\repository\com\sun\istack\istack-commons-runtime\3.0.7\istack-commons-runtime-3.0.7.jar;C:\Users\fishe\.m2\repository\org\jvnet\staxex\stax-ex\1.8\stax-ex-1.8.jar;C:\Users\fishe\.m2\repository\com\sun\xml\fastinfoset\FastInfoset\1.2.15\FastInfoset-1.2.15.jar;C:\Users\fishe\.m2\repository\org\hibernate\hibernate-c3p0\5.4.4.Final\hibernate-c3p0-5.4.4.Final.jar;C:\Users\fishe\.m2\repository\com\mchange\c3p0\0.9.5.3\c3p0-0.9.5.3.jar;C:\Users\fishe\.m2\repository\com\mchange\mchange-commons-java\0.2.15\mchange-commons-java-0.2.15.jar;C:\Users\fishe\.m2\repository\org\projectlombok\lombok\1.18.18\lombok-1.18.18.jar, java.vm.vendor=Oracle Corporation, sun.arch.data.model=64, idea.test.cyclic.buffer.size=1048576, user.variant=, java.vendor.url=https://openjdk.java.net/, user.timezone=America/Chicago, os.name=Windows 10, java.vm.specification.version=11, sun.java.launcher=SUN_STANDARD, user.country=US, sun.boot.library.path=C:\Program Files\Java\jdk-11.0.10\bin, sun.java.command=com.intellij.rt.junit.JUnitStarter -ideVersion5 -junit5 edu.matc.persistence.NoteDaoTest,insertSuccess, jdk.debug=release, sun.cpu.endian=little, user.home=C:\Users\fishe, hibernate.c3p0.max_statements=50, user.language=en, java.specification.vendor=Oracle Corporation, java.version.date=2021-01-19, java.home=C:\Program Files\Java\jdk-11.0.10, file.separator=\, java.vm.compressedOopsMode=Zero based, line.separator=
, hibernate.c3p0.timeout=300, java.specification.name=Java Platform API Specification, java.vm.specification.vendor=Oracle Corporation, java.awt.graphicsenv=sun.awt.Win32GraphicsEnvironment, user.script=, connection.password=709dearholt, sun.management.compiler=HotSpot 64-Bit Tiered Compilers, hibernate.c3p0.max_size=20, java.runtime.version=11.0.10+8-LTS-162, user.name=jordyn, path.separator=;, hibernate.connection.username=****, os.version=10.0, java.runtime.name=Java(TM) SE Runtime Environment, hibernate.connection.url=jdbc:mysql://localhost:3306/test_stardew_assistant, file.encoding=UTF-8, java.vm.name=Java HotSpot(TM) 64-Bit Server VM, java.vendor.version=18.9, hibernate.connection.driver_class=com.mysql.cj.jdbc.Driver, java.vendor.url.bug=https://bugreport.java.com/bugreport/, java.io.tmpdir=C:\Users\fishe\AppData\Local\Temp\, java.version=11.0.10, user.dir=C:\Users\fishe\Desktop\EnterpriseRepos\stardewValleyAssistant, os.arch=amd64, connection.username=root, java.vm.specification.name=Java Virtual Machine Specification, java.awt.printerjob=sun.awt.windows.WPrinterJob, hibernate.connection.password=****, sun.os.patch.level=, connection.driver_class=com.mysql.cj.jdbc.Driver, hibernate.boot.CfgXmlAccessService.key=org.hibernate.boot.cfgxml.spi.LoadedConfig@5df7e31b, java.library.path=C:\Program Files\Java\jdk-11.0.10\bin;C:\WINDOWS\Sun\Java\bin;C:\WINDOWS\system32;C:\WINDOWS;C:\Program Files\Common Files\Oracle\Java\javapath;C:\Program Files (x86)\Common Files\Oracle\Java\javapath;C:\Program Files (x86)\Razer\ChromaBroadcast\bin;C:\Program Files\Razer\ChromaBroadcast\bin;C:\Program Files (x86)\Razer Chroma SDK\bin;C:\Program Files\Razer Chroma SDK\bin;C:\Windows\system32;C:\Windows;C:\Windows\System32\Wbem;C:\Windows\System32\WindowsPowerShell\v1.0\;C:\Windows\System32\OpenSSH\;C:\Users\fishe\AppData\Local\Microsoft\WindowsApps;C:\Users\fishe\AppData\Local\atom\bin;C:\Program Files\Java\jdk1.8.0_241\bin;C:\WINDOWS\system32;C:\WINDOWS;C:\WINDOWS\System32\Wbem;C:\WINDOWS\System32\WindowsPowerShell\v1.0\;C:\WINDOWS\System32\OpenSSH\;C:\xampp\php;C:\ProgramData\ComposerSetup\bin;C:\Program Files\Git\cmd;C:\Program Files\PuTTY\;C:\Users\fishe\AppData\Local\Programs\Python\Python38-32\Scripts\;C:\Users\fishe\AppData\Local\Programs\Python\Python38-32\;C:\Users\fishe\AppData\Local\Microsoft\WindowsApps;C:\Users\fishe\AppData\Local\atom\bin;C:\Users\fishe\AppData\Local\Programs\Microsoft VS Code\bin;C:\Users\fishe\AppData\Local\Microsoft\WindowsApps;C:\Users\fishe\AppData\Roaming\Composer\vendor\bin;C:\Users\fishe\AppData\Local\GitHubDesktop\bin;., java.vendor=Oracle Corporation, java.vm.info=mixed mode, java.vm.version=11.0.10+8-LTS-162, hibernate.bytecode.use_reflection_optimizer=false, sun.io.unicode.encoding=UnicodeLittle, connection.url=jdbc:mysql://localhost:3306/test_stardew_assistant, java.class.version=55.0}
[DEBUG] 2021-03-02 14-29-29.886 [main] TypeSafeActivator - Unable to acquire Bean Validation ValidatorFactory, skipping activation
[DEBUG] 2021-03-02 14-29-29.886 [main] JaccIntegrator - Skipping JACC integration as it was not enabled
[DEBUG] 2021-03-02 14-29-29.887 [main] SessionFactoryImpl - Instantiated session factory
[DEBUG] 2021-03-02 14-29-29.887 [main] TypeConfiguration$Scope - Scoping TypeConfiguration [org.hibernate.type.spi.TypeConfiguration@a83495d] to SessionFactoryImpl [org.hibernate.internal.SessionFactoryImpl@4e80a001]
[DEBUG] 2021-03-02 14-29-29.931 [main] ClassLoaderAccessImpl - Not known whether passed class name [edu.matc.entity.User] is safe
[DEBUG] 2021-03-02 14-29-29.931 [main] ClassLoaderAccessImpl - No temp ClassLoader provided; using live ClassLoader for loading potentially unsafe class : edu.matc.entity.User
[DEBUG] 2021-03-02 14-29-29.947 [main] ClassLoaderAccessImpl - Not known whether passed class name [edu.matc.entity.User] is safe
[DEBUG] 2021-03-02 14-29-29.948 [main] ClassLoaderAccessImpl - No temp ClassLoader provided; using live ClassLoader for loading potentially unsafe class : edu.matc.entity.User
[DEBUG] 2021-03-02 14-29-30.134 [main] ClassLoaderAccessImpl - Not known whether passed class name [edu.matc.entity.Item] is safe
[DEBUG] 2021-03-02 14-29-30.134 [main] ClassLoaderAccessImpl - No temp ClassLoader provided; using live ClassLoader for loading potentially unsafe class : edu.matc.entity.Item
[DEBUG] 2021-03-02 14-29-30.135 [main] ClassLoaderAccessImpl - Not known whether passed class name [edu.matc.entity.Item] is safe
[DEBUG] 2021-03-02 14-29-30.135 [main] ClassLoaderAccessImpl - No temp ClassLoader provided; using live ClassLoader for loading potentially unsafe class : edu.matc.entity.Item
[DEBUG] 2021-03-02 14-29-30.146 [main] ClassLoaderAccessImpl - Not known whether passed class name [edu.matc.entity.Note] is safe
[DEBUG] 2021-03-02 14-29-30.146 [main] ClassLoaderAccessImpl - No temp ClassLoader provided; using live ClassLoader for loading potentially unsafe class : edu.matc.entity.Note
[DEBUG] 2021-03-02 14-29-30.147 [main] ClassLoaderAccessImpl - Not known whether passed class name [edu.matc.entity.Note] is safe
[DEBUG] 2021-03-02 14-29-30.147 [main] ClassLoaderAccessImpl - No temp ClassLoader provided; using live ClassLoader for loading potentially unsafe class : edu.matc.entity.Note
[DEBUG] 2021-03-02 14-29-30.157 [main] ClassLoaderAccessImpl - Not known whether passed class name [edu.matc.entity.Favorite] is safe
[DEBUG] 2021-03-02 14-29-30.158 [main] ClassLoaderAccessImpl - No temp ClassLoader provided; using live ClassLoader for loading potentially unsafe class : edu.matc.entity.Favorite
[DEBUG] 2021-03-02 14-29-30.158 [main] ClassLoaderAccessImpl - Not known whether passed class name [edu.matc.entity.Favorite] is safe
[DEBUG] 2021-03-02 14-29-30.158 [main] ClassLoaderAccessImpl - No temp ClassLoader provided; using live ClassLoader for loading potentially unsafe class : edu.matc.entity.Favorite
[DEBUG] 2021-03-02 14-29-30.174 [main] AbstractCollectionPersister - Static SQL for collection: edu.matc.entity.User.notes
[DEBUG] 2021-03-02 14-29-30.174 [main] AbstractCollectionPersister -  Row insert: update notes set user_id=? where id=?
[DEBUG] 2021-03-02 14-29-30.174 [main] AbstractCollectionPersister -  Row update: update notes set  where id=?
[DEBUG] 2021-03-02 14-29-30.174 [main] AbstractCollectionPersister -  Row delete: update notes set user_id=null where user_id=? and id=?
[DEBUG] 2021-03-02 14-29-30.174 [main] AbstractCollectionPersister -  One-shot delete: update notes set user_id=null where user_id=?
[DEBUG] 2021-03-02 14-29-30.177 [main] AbstractEntityPersister - Static SQL for entity: edu.matc.entity.User
[DEBUG] 2021-03-02 14-29-30.177 [main] AbstractEntityPersister -  Version select: select id from user where id =?
[DEBUG] 2021-03-02 14-29-30.178 [main] AbstractEntityPersister -  Snapshot select: select user_.id, user_.password as password2_2_, user_.username as username3_2_ from user user_ where user_.id=?
[DEBUG] 2021-03-02 14-29-30.178 [main] AbstractEntityPersister -  Insert 0: insert into user (password, username, id) values (?, ?, ?)
[DEBUG] 2021-03-02 14-29-30.178 [main] AbstractEntityPersister -  Update 0: update user set password=?, username=? where id=?
[DEBUG] 2021-03-02 14-29-30.178 [main] AbstractEntityPersister -  Delete 0: delete from user where id=?
[DEBUG] 2021-03-02 14-29-30.178 [main] AbstractEntityPersister -  Identity insert: insert into user (password, username) values (?, ?)
[DEBUG] 2021-03-02 14-29-30.200 [main] QuerySpacesImpl - Adding QuerySpace : uid = <gen:0> -> org.hibernate.loader.plan.build.internal.spaces.EntityQuerySpaceImpl@6bf570c]
[DEBUG] 2021-03-02 14-29-30.201 [main] MetamodelGraphWalker - Visiting attribute path : notes
[DEBUG] 2021-03-02 14-29-30.206 [main] QuerySpacesImpl - Adding QuerySpace : uid = <gen:1> -> org.hibernate.loader.plan.build.internal.spaces.CollectionQuerySpaceImpl@3e38c472]
[DEBUG] 2021-03-02 14-29-30.208 [main] QuerySpacesImpl - Adding QuerySpace : uid = <gen:2> -> org.hibernate.loader.plan.build.internal.spaces.EntityQuerySpaceImpl@4e4395c]
[DEBUG] 2021-03-02 14-29-30.209 [main] MetamodelGraphWalker - Visiting attribute path : notes.item
[DEBUG] 2021-03-02 14-29-30.209 [main] QuerySpacesImpl - Adding QuerySpace : uid = <gen:3> -> org.hibernate.loader.plan.build.internal.spaces.EntityQuerySpaceImpl@3f0ce0d1]
[DEBUG] 2021-03-02 14-29-30.210 [main] MetamodelGraphWalker - Visiting attribute path : notes.item.name
[DEBUG] 2021-03-02 14-29-30.210 [main] MetamodelGraphWalker - Visiting attribute path : notes.item.type
[DEBUG] 2021-03-02 14-29-30.210 [main] MetamodelGraphWalker - Visiting attribute path : notes.noteContent
[DEBUG] 2021-03-02 14-29-30.210 [main] MetamodelGraphWalker - Visiting attribute path : notes.user
[DEBUG] 2021-03-02 14-29-30.210 [main] MetamodelGraphWalker - Property path deemed to be circular : notes.user
[DEBUG] 2021-03-02 14-29-30.210 [main] MetamodelGraphWalker - Visiting attribute path : password
[DEBUG] 2021-03-02 14-29-30.210 [main] MetamodelGraphWalker - Visiting attribute path : username
[DEBUG] 2021-03-02 14-29-30.210 [main] FetchStyleLoadPlanBuildingAssociationVisitationStrategy - Building LoadPlan...
[DEBUG] 2021-03-02 14-29-30.222 [main] LoadQueryJoinAndFetchProcessor - processing queryspace <gen:0>
[DEBUG] 2021-03-02 14-29-30.228 [main] LoadPlanTreePrinter - LoadPlan(entity=edu.matc.entity.User)
    - Returns
       - EntityReturnImpl(entity=edu.matc.entity.User, querySpaceUid=<gen:0>, path=edu.matc.entity.User)
          - CollectionAttributeFetchImpl(collection=edu.matc.entity.User.notes, querySpaceUid=<gen:1>, path=edu.matc.entity.User.notes)
             - (collection element) CollectionFetchableElementEntityGraph(entity=edu.matc.entity.Note, querySpaceUid=<gen:2>, path=edu.matc.entity.User.notes.<elements>)
                - EntityAttributeFetchImpl(entity=edu.matc.entity.Item, querySpaceUid=<gen:3>, path=edu.matc.entity.User.notes.<elements>.item)
    - QuerySpaces
       - EntityQuerySpaceImpl(uid=<gen:0>, entity=edu.matc.entity.User)
          - SQL table alias mapping - user0_
          - alias suffix - 0_
          - suffixed key columns - {id1_2_0_}
          - JOIN (JoinDefinedByMetadata(notes)) : <gen:0> -> <gen:1>
             - CollectionQuerySpaceImpl(uid=<gen:1>, collection=edu.matc.entity.User.notes)
                - SQL table alias mapping - notes1_
                - alias suffix - 1_
                - suffixed key columns - {user_id4_1_1_}
                - entity-element alias suffix - 2_
                - 2_entity-element suffixed key columns - id1_1_2_
                - JOIN (JoinDefinedByMetadata(elements)) : <gen:1> -> <gen:2>
                   - EntityQuerySpaceImpl(uid=<gen:2>, entity=edu.matc.entity.Note)
                      - SQL table alias mapping - notes1_
                      - alias suffix - 2_
                      - suffixed key columns - {id1_1_2_}
                      - JOIN (JoinDefinedByMetadata(item)) : <gen:2> -> <gen:3>
                         - EntityQuerySpaceImpl(uid=<gen:3>, entity=edu.matc.entity.Item)
                            - SQL table alias mapping - item2_
                            - alias suffix - 3_
                            - suffixed key columns - {id1_0_3_}

[DEBUG] 2021-03-02 14-29-30.230 [main] EntityLoader - Static select for entity edu.matc.entity.User [NONE]: select user0_.id as id1_2_0_, user0_.password as password2_2_0_, user0_.username as username3_2_0_, notes1_.user_id as user_id4_1_1_, notes1_.id as id1_1_1_, notes1_.id as id1_1_2_, notes1_.item_id as item_id3_1_2_, notes1_.note as note2_1_2_, notes1_.user_id as user_id4_1_2_, item2_.id as id1_0_3_, item2_.name as name2_0_3_, item2_.type as type3_0_3_ from user user0_ left outer join notes notes1_ on user0_.id=notes1_.user_id left outer join item item2_ on notes1_.item_id=item2_.id where user0_.id=?
[DEBUG] 2021-03-02 14-29-30.230 [main] QuerySpacesImpl - Adding QuerySpace : uid = <gen:0> -> org.hibernate.loader.plan.build.internal.spaces.EntityQuerySpaceImpl@639c7f9c]
[DEBUG] 2021-03-02 14-29-30.230 [main] MetamodelGraphWalker - Visiting attribute path : notes
[DEBUG] 2021-03-02 14-29-30.230 [main] QuerySpacesImpl - Adding QuerySpace : uid = <gen:1> -> org.hibernate.loader.plan.build.internal.spaces.CollectionQuerySpaceImpl@1815577b]
[DEBUG] 2021-03-02 14-29-30.230 [main] QuerySpacesImpl - Adding QuerySpace : uid = <gen:2> -> org.hibernate.loader.plan.build.internal.spaces.EntityQuerySpaceImpl@71567f33]
[DEBUG] 2021-03-02 14-29-30.231 [main] MetamodelGraphWalker - Visiting attribute path : notes.item
[DEBUG] 2021-03-02 14-29-30.231 [main] QuerySpacesImpl - Adding QuerySpace : uid = <gen:3> -> org.hibernate.loader.plan.build.internal.spaces.EntityQuerySpaceImpl@ee96866]
[DEBUG] 2021-03-02 14-29-30.231 [main] MetamodelGraphWalker - Visiting attribute path : notes.item.name
[DEBUG] 2021-03-02 14-29-30.231 [main] MetamodelGraphWalker - Visiting attribute path : notes.item.type
[DEBUG] 2021-03-02 14-29-30.231 [main] MetamodelGraphWalker - Visiting attribute path : notes.noteContent
[DEBUG] 2021-03-02 14-29-30.231 [main] MetamodelGraphWalker - Visiting attribute path : notes.user
[DEBUG] 2021-03-02 14-29-30.231 [main] MetamodelGraphWalker - Property path deemed to be circular : notes.user
[DEBUG] 2021-03-02 14-29-30.231 [main] MetamodelGraphWalker - Visiting attribute path : password
[DEBUG] 2021-03-02 14-29-30.231 [main] MetamodelGraphWalker - Visiting attribute path : username
[DEBUG] 2021-03-02 14-29-30.231 [main] FetchStyleLoadPlanBuildingAssociationVisitationStrategy - Building LoadPlan...
[DEBUG] 2021-03-02 14-29-30.231 [main] LoadQueryJoinAndFetchProcessor - processing queryspace <gen:0>
[DEBUG] 2021-03-02 14-29-30.232 [main] LoadPlanTreePrinter - LoadPlan(entity=edu.matc.entity.User)
    - Returns
       - EntityReturnImpl(entity=edu.matc.entity.User, querySpaceUid=<gen:0>, path=edu.matc.entity.User)
          - CollectionAttributeFetchImpl(collection=edu.matc.entity.User.notes, querySpaceUid=<gen:1>, path=edu.matc.entity.User.notes)
             - (collection element) CollectionFetchableElementEntityGraph(entity=edu.matc.entity.Note, querySpaceUid=<gen:2>, path=edu.matc.entity.User.notes.<elements>)
                - EntityAttributeFetchImpl(entity=edu.matc.entity.Item, querySpaceUid=<gen:3>, path=edu.matc.entity.User.notes.<elements>.item)
    - QuerySpaces
       - EntityQuerySpaceImpl(uid=<gen:0>, entity=edu.matc.entity.User)
          - SQL table alias mapping - user0_
          - alias suffix - 0_
          - suffixed key columns - {id1_2_0_}
          - JOIN (JoinDefinedByMetadata(notes)) : <gen:0> -> <gen:1>
             - CollectionQuerySpaceImpl(uid=<gen:1>, collection=edu.matc.entity.User.notes)
                - SQL table alias mapping - notes1_
                - alias suffix - 1_
                - suffixed key columns - {user_id4_1_1_}
                - entity-element alias suffix - 2_
                - 2_entity-element suffixed key columns - id1_1_2_
                - JOIN (JoinDefinedByMetadata(elements)) : <gen:1> -> <gen:2>
                   - EntityQuerySpaceImpl(uid=<gen:2>, entity=edu.matc.entity.Note)
                      - SQL table alias mapping - notes1_
                      - alias suffix - 2_
                      - suffixed key columns - {id1_1_2_}
                      - JOIN (JoinDefinedByMetadata(item)) : <gen:2> -> <gen:3>
                         - EntityQuerySpaceImpl(uid=<gen:3>, entity=edu.matc.entity.Item)
                            - SQL table alias mapping - item2_
                            - alias suffix - 3_
                            - suffixed key columns - {id1_0_3_}

[DEBUG] 2021-03-02 14-29-30.232 [main] EntityLoader - Static select for entity edu.matc.entity.User [READ]: select user0_.id as id1_2_0_, user0_.password as password2_2_0_, user0_.username as username3_2_0_, notes1_.user_id as user_id4_1_1_, notes1_.id as id1_1_1_, notes1_.id as id1_1_2_, notes1_.item_id as item_id3_1_2_, notes1_.note as note2_1_2_, notes1_.user_id as user_id4_1_2_, item2_.id as id1_0_3_, item2_.name as name2_0_3_, item2_.type as type3_0_3_ from user user0_ left outer join notes notes1_ on user0_.id=notes1_.user_id left outer join item item2_ on notes1_.item_id=item2_.id where user0_.id=?
[DEBUG] 2021-03-02 14-29-30.244 [main] Loader - Static select for action ACTION_MERGE on entity edu.matc.entity.User: select user0_.id as id1_2_1_, user0_.password as password2_2_1_, user0_.username as username3_2_1_, notes1_.user_id as user_id4_1_3_, notes1_.id as id1_1_3_, notes1_.id as id1_1_0_, notes1_.item_id as item_id3_1_0_, notes1_.note as note2_1_0_, notes1_.user_id as user_id4_1_0_ from user user0_ left outer join notes notes1_ on user0_.id=notes1_.user_id where user0_.id=?
[DEBUG] 2021-03-02 14-29-30.245 [main] Loader - Static select for action ACTION_REFRESH on entity edu.matc.entity.User: select user0_.id as id1_2_1_, user0_.password as password2_2_1_, user0_.username as username3_2_1_, notes1_.user_id as user_id4_1_3_, notes1_.id as id1_1_3_, notes1_.id as id1_1_0_, notes1_.item_id as item_id3_1_0_, notes1_.note as note2_1_0_, notes1_.user_id as user_id4_1_0_ from user user0_ left outer join notes notes1_ on user0_.id=notes1_.user_id where user0_.id=?
[DEBUG] 2021-03-02 14-29-30.245 [main] AbstractEntityPersister - Static SQL for entity: edu.matc.entity.Item
[DEBUG] 2021-03-02 14-29-30.245 [main] AbstractEntityPersister -  Version select: select id from item where id =?
[DEBUG] 2021-03-02 14-29-30.245 [main] AbstractEntityPersister -  Snapshot select: select item_.id, item_.name as name2_0_, item_.type as type3_0_ from item item_ where item_.id=?
[DEBUG] 2021-03-02 14-29-30.245 [main] AbstractEntityPersister -  Insert 0: insert into item (name, type, id) values (?, ?, ?)
[DEBUG] 2021-03-02 14-29-30.245 [main] AbstractEntityPersister -  Update 0: update item set name=?, type=? where id=?
[DEBUG] 2021-03-02 14-29-30.245 [main] AbstractEntityPersister -  Delete 0: delete from item where id=?
[DEBUG] 2021-03-02 14-29-30.245 [main] AbstractEntityPersister -  Identity insert: insert into item (name, type) values (?, ?)
[DEBUG] 2021-03-02 14-29-30.245 [main] QuerySpacesImpl - Adding QuerySpace : uid = <gen:0> -> org.hibernate.loader.plan.build.internal.spaces.EntityQuerySpaceImpl@722787b5]
[DEBUG] 2021-03-02 14-29-30.246 [main] MetamodelGraphWalker - Visiting attribute path : name
[DEBUG] 2021-03-02 14-29-30.246 [main] MetamodelGraphWalker - Visiting attribute path : type
[DEBUG] 2021-03-02 14-29-30.246 [main] FetchStyleLoadPlanBuildingAssociationVisitationStrategy - Building LoadPlan...
[DEBUG] 2021-03-02 14-29-30.246 [main] LoadQueryJoinAndFetchProcessor - processing queryspace <gen:0>
[DEBUG] 2021-03-02 14-29-30.246 [main] LoadPlanTreePrinter - LoadPlan(entity=edu.matc.entity.Item)
    - Returns
       - EntityReturnImpl(entity=edu.matc.entity.Item, querySpaceUid=<gen:0>, path=edu.matc.entity.Item)
    - QuerySpaces
       - EntityQuerySpaceImpl(uid=<gen:0>, entity=edu.matc.entity.Item)
          - SQL table alias mapping - item0_
          - alias suffix - 0_
          - suffixed key columns - {id1_0_0_}

[DEBUG] 2021-03-02 14-29-30.246 [main] EntityLoader - Static select for entity edu.matc.entity.Item [NONE]: select item0_.id as id1_0_0_, item0_.name as name2_0_0_, item0_.type as type3_0_0_ from item item0_ where item0_.id=?
[DEBUG] 2021-03-02 14-29-30.246 [main] QuerySpacesImpl - Adding QuerySpace : uid = <gen:0> -> org.hibernate.loader.plan.build.internal.spaces.EntityQuerySpaceImpl@8b41ad]
[DEBUG] 2021-03-02 14-29-30.246 [main] MetamodelGraphWalker - Visiting attribute path : name
[DEBUG] 2021-03-02 14-29-30.247 [main] MetamodelGraphWalker - Visiting attribute path : type
[DEBUG] 2021-03-02 14-29-30.247 [main] FetchStyleLoadPlanBuildingAssociationVisitationStrategy - Building LoadPlan...
[DEBUG] 2021-03-02 14-29-30.247 [main] LoadQueryJoinAndFetchProcessor - processing queryspace <gen:0>
[DEBUG] 2021-03-02 14-29-30.247 [main] LoadPlanTreePrinter - LoadPlan(entity=edu.matc.entity.Item)
    - Returns
       - EntityReturnImpl(entity=edu.matc.entity.Item, querySpaceUid=<gen:0>, path=edu.matc.entity.Item)
    - QuerySpaces
       - EntityQuerySpaceImpl(uid=<gen:0>, entity=edu.matc.entity.Item)
          - SQL table alias mapping - item0_
          - alias suffix - 0_
          - suffixed key columns - {id1_0_0_}

[DEBUG] 2021-03-02 14-29-30.247 [main] EntityLoader - Static select for entity edu.matc.entity.Item [READ]: select item0_.id as id1_0_0_, item0_.name as name2_0_0_, item0_.type as type3_0_0_ from item item0_ where item0_.id=?
[DEBUG] 2021-03-02 14-29-30.247 [main] Loader - Static select for action ACTION_MERGE on entity edu.matc.entity.Item: select item0_.id as id1_0_0_, item0_.name as name2_0_0_, item0_.type as type3_0_0_ from item item0_ where item0_.id=?
[DEBUG] 2021-03-02 14-29-30.247 [main] Loader - Static select for action ACTION_REFRESH on entity edu.matc.entity.Item: select item0_.id as id1_0_0_, item0_.name as name2_0_0_, item0_.type as type3_0_0_ from item item0_ where item0_.id=?
[DEBUG] 2021-03-02 14-29-30.247 [main] AbstractEntityPersister - Static SQL for entity: edu.matc.entity.Note
[DEBUG] 2021-03-02 14-29-30.247 [main] AbstractEntityPersister -  Version select: select id from notes where id =?
[DEBUG] 2021-03-02 14-29-30.248 [main] AbstractEntityPersister -  Snapshot select: select note_.id, note_.item_id as item_id3_1_, note_.note as note2_1_, note_.user_id as user_id4_1_ from notes note_ where note_.id=?
[DEBUG] 2021-03-02 14-29-30.248 [main] AbstractEntityPersister -  Insert 0: insert into notes (item_id, note, user_id, id) values (?, ?, ?, ?)
[DEBUG] 2021-03-02 14-29-30.248 [main] AbstractEntityPersister -  Update 0: update notes set item_id=?, note=?, user_id=? where id=?
[DEBUG] 2021-03-02 14-29-30.248 [main] AbstractEntityPersister -  Delete 0: delete from notes where id=?
[DEBUG] 2021-03-02 14-29-30.248 [main] AbstractEntityPersister -  Identity insert: insert into notes (item_id, note, user_id) values (?, ?, ?)
[DEBUG] 2021-03-02 14-29-30.248 [main] QuerySpacesImpl - Adding QuerySpace : uid = <gen:0> -> org.hibernate.loader.plan.build.internal.spaces.EntityQuerySpaceImpl@1a497286]
[DEBUG] 2021-03-02 14-29-30.248 [main] MetamodelGraphWalker - Visiting attribute path : item
[DEBUG] 2021-03-02 14-29-30.248 [main] QuerySpacesImpl - Adding QuerySpace : uid = <gen:1> -> org.hibernate.loader.plan.build.internal.spaces.EntityQuerySpaceImpl@120350eb]
[DEBUG] 2021-03-02 14-29-30.248 [main] MetamodelGraphWalker - Visiting attribute path : item.name
[DEBUG] 2021-03-02 14-29-30.248 [main] MetamodelGraphWalker - Visiting attribute path : item.type
[DEBUG] 2021-03-02 14-29-30.248 [main] MetamodelGraphWalker - Visiting attribute path : noteContent
[DEBUG] 2021-03-02 14-29-30.248 [main] MetamodelGraphWalker - Visiting attribute path : user
[DEBUG] 2021-03-02 14-29-30.248 [main] QuerySpacesImpl - Adding QuerySpace : uid = <gen:2> -> org.hibernate.loader.plan.build.internal.spaces.EntityQuerySpaceImpl@7d401cdc]
[DEBUG] 2021-03-02 14-29-30.248 [main] MetamodelGraphWalker - Visiting attribute path : user.notes
[DEBUG] 2021-03-02 14-29-30.248 [main] MetamodelGraphWalker - Property path deemed to be circular : user.notes
[DEBUG] 2021-03-02 14-29-30.248 [main] MetamodelGraphWalker - Visiting attribute path : user.password
[DEBUG] 2021-03-02 14-29-30.248 [main] MetamodelGraphWalker - Visiting attribute path : user.username
[DEBUG] 2021-03-02 14-29-30.249 [main] FetchStyleLoadPlanBuildingAssociationVisitationStrategy - Building LoadPlan...
[DEBUG] 2021-03-02 14-29-30.249 [main] LoadQueryJoinAndFetchProcessor - processing queryspace <gen:0>
[DEBUG] 2021-03-02 14-29-30.249 [main] LoadPlanTreePrinter - LoadPlan(entity=edu.matc.entity.Note)
    - Returns
       - EntityReturnImpl(entity=edu.matc.entity.Note, querySpaceUid=<gen:0>, path=edu.matc.entity.Note)
          - EntityAttributeFetchImpl(entity=edu.matc.entity.Item, querySpaceUid=<gen:1>, path=edu.matc.entity.Note.item)
          - EntityAttributeFetchImpl(entity=edu.matc.entity.User, querySpaceUid=<gen:2>, path=edu.matc.entity.Note.user)
    - QuerySpaces
       - EntityQuerySpaceImpl(uid=<gen:0>, entity=edu.matc.entity.Note)
          - SQL table alias mapping - note0_
          - alias suffix - 0_
          - suffixed key columns - {id1_1_0_}
          - JOIN (JoinDefinedByMetadata(item)) : <gen:0> -> <gen:1>
             - EntityQuerySpaceImpl(uid=<gen:1>, entity=edu.matc.entity.Item)
                - SQL table alias mapping - item1_
                - alias suffix - 1_
                - suffixed key columns - {id1_0_1_}
          - JOIN (JoinDefinedByMetadata(user)) : <gen:0> -> <gen:2>
             - EntityQuerySpaceImpl(uid=<gen:2>, entity=edu.matc.entity.User)
                - SQL table alias mapping - user2_
                - alias suffix - 2_
                - suffixed key columns - {id1_2_2_}

[DEBUG] 2021-03-02 14-29-30.249 [main] EntityLoader - Static select for entity edu.matc.entity.Note [NONE]: select note0_.id as id1_1_0_, note0_.item_id as item_id3_1_0_, note0_.note as note2_1_0_, note0_.user_id as user_id4_1_0_, item1_.id as id1_0_1_, item1_.name as name2_0_1_, item1_.type as type3_0_1_, user2_.id as id1_2_2_, user2_.password as password2_2_2_, user2_.username as username3_2_2_ from notes note0_ left outer join item item1_ on note0_.item_id=item1_.id left outer join user user2_ on note0_.user_id=user2_.id where note0_.id=?
[DEBUG] 2021-03-02 14-29-30.249 [main] QuerySpacesImpl - Adding QuerySpace : uid = <gen:0> -> org.hibernate.loader.plan.build.internal.spaces.EntityQuerySpaceImpl@4217bce6]
[DEBUG] 2021-03-02 14-29-30.249 [main] MetamodelGraphWalker - Visiting attribute path : item
[DEBUG] 2021-03-02 14-29-30.249 [main] QuerySpacesImpl - Adding QuerySpace : uid = <gen:1> -> org.hibernate.loader.plan.build.internal.spaces.EntityQuerySpaceImpl@77fc19cf]
[DEBUG] 2021-03-02 14-29-30.249 [main] MetamodelGraphWalker - Visiting attribute path : item.name
[DEBUG] 2021-03-02 14-29-30.249 [main] MetamodelGraphWalker - Visiting attribute path : item.type
[DEBUG] 2021-03-02 14-29-30.250 [main] MetamodelGraphWalker - Visiting attribute path : noteContent
[DEBUG] 2021-03-02 14-29-30.250 [main] MetamodelGraphWalker - Visiting attribute path : user
[DEBUG] 2021-03-02 14-29-30.250 [main] QuerySpacesImpl - Adding QuerySpace : uid = <gen:2> -> org.hibernate.loader.plan.build.internal.spaces.EntityQuerySpaceImpl@1b31af02]
[DEBUG] 2021-03-02 14-29-30.250 [main] MetamodelGraphWalker - Visiting attribute path : user.notes
[DEBUG] 2021-03-02 14-29-30.250 [main] MetamodelGraphWalker - Property path deemed to be circular : user.notes
[DEBUG] 2021-03-02 14-29-30.250 [main] MetamodelGraphWalker - Visiting attribute path : user.password
[DEBUG] 2021-03-02 14-29-30.250 [main] MetamodelGraphWalker - Visiting attribute path : user.username
[DEBUG] 2021-03-02 14-29-30.250 [main] FetchStyleLoadPlanBuildingAssociationVisitationStrategy - Building LoadPlan...
[DEBUG] 2021-03-02 14-29-30.250 [main] LoadQueryJoinAndFetchProcessor - processing queryspace <gen:0>
[DEBUG] 2021-03-02 14-29-30.250 [main] LoadPlanTreePrinter - LoadPlan(entity=edu.matc.entity.Note)
    - Returns
       - EntityReturnImpl(entity=edu.matc.entity.Note, querySpaceUid=<gen:0>, path=edu.matc.entity.Note)
          - EntityAttributeFetchImpl(entity=edu.matc.entity.Item, querySpaceUid=<gen:1>, path=edu.matc.entity.Note.item)
          - EntityAttributeFetchImpl(entity=edu.matc.entity.User, querySpaceUid=<gen:2>, path=edu.matc.entity.Note.user)
    - QuerySpaces
       - EntityQuerySpaceImpl(uid=<gen:0>, entity=edu.matc.entity.Note)
          - SQL table alias mapping - note0_
          - alias suffix - 0_
          - suffixed key columns - {id1_1_0_}
          - JOIN (JoinDefinedByMetadata(item)) : <gen:0> -> <gen:1>
             - EntityQuerySpaceImpl(uid=<gen:1>, entity=edu.matc.entity.Item)
                - SQL table alias mapping - item1_
                - alias suffix - 1_
                - suffixed key columns - {id1_0_1_}
          - JOIN (JoinDefinedByMetadata(user)) : <gen:0> -> <gen:2>
             - EntityQuerySpaceImpl(uid=<gen:2>, entity=edu.matc.entity.User)
                - SQL table alias mapping - user2_
                - alias suffix - 2_
                - suffixed key columns - {id1_2_2_}

[DEBUG] 2021-03-02 14-29-30.250 [main] EntityLoader - Static select for entity edu.matc.entity.Note [READ]: select note0_.id as id1_1_0_, note0_.item_id as item_id3_1_0_, note0_.note as note2_1_0_, note0_.user_id as user_id4_1_0_, item1_.id as id1_0_1_, item1_.name as name2_0_1_, item1_.type as type3_0_1_, user2_.id as id1_2_2_, user2_.password as password2_2_2_, user2_.username as username3_2_2_ from notes note0_ left outer join item item1_ on note0_.item_id=item1_.id left outer join user user2_ on note0_.user_id=user2_.id where note0_.id=?
[DEBUG] 2021-03-02 14-29-30.251 [main] Loader - Static select for action ACTION_MERGE on entity edu.matc.entity.Note: select note0_.id as id1_1_0_, note0_.item_id as item_id3_1_0_, note0_.note as note2_1_0_, note0_.user_id as user_id4_1_0_ from notes note0_ where note0_.id=?
[DEBUG] 2021-03-02 14-29-30.251 [main] Loader - Static select for action ACTION_REFRESH on entity edu.matc.entity.Note: select note0_.id as id1_1_0_, note0_.item_id as item_id3_1_0_, note0_.note as note2_1_0_, note0_.user_id as user_id4_1_0_ from notes note0_ where note0_.id=?
[DEBUG] 2021-03-02 14-29-30.251 [main] AbstractEntityPersister - Static SQL for entity: edu.matc.entity.Favorite
[DEBUG] 2021-03-02 14-29-30.251 [main] AbstractEntityPersister -  Version select: select id from user_favorites where id =?
[DEBUG] 2021-03-02 14-29-30.251 [main] AbstractEntityPersister -  Snapshot select: select favorite_.id, favorite_.itemId as itemId2_3_, favorite_.userId as userId3_3_ from user_favorites favorite_ where favorite_.id=?
[DEBUG] 2021-03-02 14-29-30.251 [main] AbstractEntityPersister -  Insert 0: insert into user_favorites (itemId, userId, id) values (?, ?, ?)
[DEBUG] 2021-03-02 14-29-30.251 [main] AbstractEntityPersister -  Update 0: update user_favorites set itemId=?, userId=? where id=?
[DEBUG] 2021-03-02 14-29-30.251 [main] AbstractEntityPersister -  Delete 0: delete from user_favorites where id=?
[DEBUG] 2021-03-02 14-29-30.251 [main] AbstractEntityPersister -  Identity insert: insert into user_favorites (itemId, userId) values (?, ?)
[DEBUG] 2021-03-02 14-29-30.251 [main] QuerySpacesImpl - Adding QuerySpace : uid = <gen:0> -> org.hibernate.loader.plan.build.internal.spaces.EntityQuerySpaceImpl@3c16528d]
[DEBUG] 2021-03-02 14-29-30.251 [main] MetamodelGraphWalker - Visiting attribute path : itemId
[DEBUG] 2021-03-02 14-29-30.251 [main] MetamodelGraphWalker - Visiting attribute path : userId
[DEBUG] 2021-03-02 14-29-30.251 [main] FetchStyleLoadPlanBuildingAssociationVisitationStrategy - Building LoadPlan...
[DEBUG] 2021-03-02 14-29-30.251 [main] LoadQueryJoinAndFetchProcessor - processing queryspace <gen:0>
[DEBUG] 2021-03-02 14-29-30.251 [main] LoadPlanTreePrinter - LoadPlan(entity=edu.matc.entity.Favorite)
    - Returns
       - EntityReturnImpl(entity=edu.matc.entity.Favorite, querySpaceUid=<gen:0>, path=edu.matc.entity.Favorite)
    - QuerySpaces
       - EntityQuerySpaceImpl(uid=<gen:0>, entity=edu.matc.entity.Favorite)
          - SQL table alias mapping - favorite0_
          - alias suffix - 0_
          - suffixed key columns - {id1_3_0_}

[DEBUG] 2021-03-02 14-29-30.251 [main] EntityLoader - Static select for entity edu.matc.entity.Favorite [NONE]: select favorite0_.id as id1_3_0_, favorite0_.itemId as itemId2_3_0_, favorite0_.userId as userId3_3_0_ from user_favorites favorite0_ where favorite0_.id=?
[DEBUG] 2021-03-02 14-29-30.252 [main] QuerySpacesImpl - Adding QuerySpace : uid = <gen:0> -> org.hibernate.loader.plan.build.internal.spaces.EntityQuerySpaceImpl@389a5022]
[DEBUG] 2021-03-02 14-29-30.252 [main] MetamodelGraphWalker - Visiting attribute path : itemId
[DEBUG] 2021-03-02 14-29-30.252 [main] MetamodelGraphWalker - Visiting attribute path : userId
[DEBUG] 2021-03-02 14-29-30.252 [main] FetchStyleLoadPlanBuildingAssociationVisitationStrategy - Building LoadPlan...
[DEBUG] 2021-03-02 14-29-30.252 [main] LoadQueryJoinAndFetchProcessor - processing queryspace <gen:0>
[DEBUG] 2021-03-02 14-29-30.252 [main] LoadPlanTreePrinter - LoadPlan(entity=edu.matc.entity.Favorite)
    - Returns
       - EntityReturnImpl(entity=edu.matc.entity.Favorite, querySpaceUid=<gen:0>, path=edu.matc.entity.Favorite)
    - QuerySpaces
       - EntityQuerySpaceImpl(uid=<gen:0>, entity=edu.matc.entity.Favorite)
          - SQL table alias mapping - favorite0_
          - alias suffix - 0_
          - suffixed key columns - {id1_3_0_}

[DEBUG] 2021-03-02 14-29-30.252 [main] EntityLoader - Static select for entity edu.matc.entity.Favorite [READ]: select favorite0_.id as id1_3_0_, favorite0_.itemId as itemId2_3_0_, favorite0_.userId as userId3_3_0_ from user_favorites favorite0_ where favorite0_.id=?
[DEBUG] 2021-03-02 14-29-30.252 [main] Loader - Static select for action ACTION_MERGE on entity edu.matc.entity.Favorite: select favorite0_.id as id1_3_0_, favorite0_.itemId as itemId2_3_0_, favorite0_.userId as userId3_3_0_ from user_favorites favorite0_ where favorite0_.id=?
[DEBUG] 2021-03-02 14-29-30.252 [main] Loader - Static select for action ACTION_REFRESH on entity edu.matc.entity.Favorite: select favorite0_.id as id1_3_0_, favorite0_.itemId as itemId2_3_0_, favorite0_.userId as userId3_3_0_ from user_favorites favorite0_ where favorite0_.id=?
[DEBUG] 2021-03-02 14-29-30.256 [main] QuerySpacesImpl - Adding QuerySpace : uid = <gen:0> -> org.hibernate.loader.plan.build.internal.spaces.CollectionQuerySpaceImpl@1b409a79]
[DEBUG] 2021-03-02 14-29-30.256 [main] QuerySpacesImpl - Adding QuerySpace : uid = <gen:1> -> org.hibernate.loader.plan.build.internal.spaces.EntityQuerySpaceImpl@5940b14e]
[DEBUG] 2021-03-02 14-29-30.256 [main] MetamodelGraphWalker - Visiting attribute path : item
[DEBUG] 2021-03-02 14-29-30.256 [main] QuerySpacesImpl - Adding QuerySpace : uid = <gen:2> -> org.hibernate.loader.plan.build.internal.spaces.EntityQuerySpaceImpl@66d3b881]
[DEBUG] 2021-03-02 14-29-30.256 [main] MetamodelGraphWalker - Visiting attribute path : item.name
[DEBUG] 2021-03-02 14-29-30.256 [main] MetamodelGraphWalker - Visiting attribute path : item.type
[DEBUG] 2021-03-02 14-29-30.256 [main] MetamodelGraphWalker - Visiting attribute path : noteContent
[DEBUG] 2021-03-02 14-29-30.256 [main] MetamodelGraphWalker - Visiting attribute path : user
[DEBUG] 2021-03-02 14-29-30.256 [main] MetamodelGraphWalker - Property path deemed to be circular : user
[DEBUG] 2021-03-02 14-29-30.257 [main] FetchStyleLoadPlanBuildingAssociationVisitationStrategy - Building LoadPlan...
[DEBUG] 2021-03-02 14-29-30.258 [main] LoadQueryJoinAndFetchProcessor - processing queryspace <gen:0>
[DEBUG] 2021-03-02 14-29-30.259 [main] LoadPlanTreePrinter - LoadPlan(collection=edu.matc.entity.User.notes)
    - Returns
       - CollectionReturnImpl(collection=edu.matc.entity.User.notes, querySpaceUid=<gen:0>, path=[edu.matc.entity.User.notes])
          - (collection element) CollectionFetchableElementEntityGraph(entity=edu.matc.entity.Note, querySpaceUid=<gen:1>, path=[edu.matc.entity.User.notes].<elements>)
             - EntityAttributeFetchImpl(entity=edu.matc.entity.Item, querySpaceUid=<gen:2>, path=[edu.matc.entity.User.notes].<elements>.item)
    - QuerySpaces
       - CollectionQuerySpaceImpl(uid=<gen:0>, collection=edu.matc.entity.User.notes)
          - SQL table alias mapping - notes0_
          - alias suffix - 0_
          - suffixed key columns - {user_id4_1_0_}
          - entity-element alias suffix - 1_
          - 1_entity-element suffixed key columns - id1_1_1_
          - JOIN (JoinDefinedByMetadata(elements)) : <gen:0> -> <gen:1>
             - EntityQuerySpaceImpl(uid=<gen:1>, entity=edu.matc.entity.Note)
                - SQL table alias mapping - notes0_
                - alias suffix - 1_
                - suffixed key columns - {id1_1_1_}
                - JOIN (JoinDefinedByMetadata(item)) : <gen:1> -> <gen:2>
                   - EntityQuerySpaceImpl(uid=<gen:2>, entity=edu.matc.entity.Item)
                      - SQL table alias mapping - item1_
                      - alias suffix - 2_
                      - suffixed key columns - {id1_0_2_}

[DEBUG] 2021-03-02 14-29-30.259 [main] CollectionLoader - Static select for collection edu.matc.entity.User.notes: select notes0_.user_id as user_id4_1_0_, notes0_.id as id1_1_0_, notes0_.id as id1_1_1_, notes0_.item_id as item_id3_1_1_, notes0_.note as note2_1_1_, notes0_.user_id as user_id4_1_1_, item1_.id as id1_0_2_, item1_.name as name2_0_2_, item1_.type as type3_0_2_ from notes notes0_ left outer join item item1_ on notes0_.item_id=item1_.id where notes0_.user_id=?
[DEBUG] 2021-03-02 14-29-30.288 [main] SchemaManagementToolCoordinator - No actions specified; doing nothing
[DEBUG] 2021-03-02 14-29-30.288 [main] JtaPlatformInitiator - No JtaPlatform was specified, checking resolver
[DEBUG] 2021-03-02 14-29-30.289 [main] JtaPlatformResolverInitiator - No JtaPlatformResolver was specified, using default [org.hibernate.engine.transaction.jta.platform.internal.StandardJtaPlatformResolver]
[DEBUG] 2021-03-02 14-29-30.295 [main] StandardJtaPlatformResolver - Could not resolve JtaPlatform, using default [org.hibernate.engine.transaction.jta.platform.internal.NoJtaPlatform]
[INFO ] 2021-03-02 14-29-30.295 [main] JtaPlatformInitiator - HHH000490: Using JtaPlatform implementation: [org.hibernate.engine.transaction.jta.platform.internal.NoJtaPlatform]
[DEBUG] 2021-03-02 14-29-30.296 [main] NamedQueryRepository - Checking 0 named HQL queries
[DEBUG] 2021-03-02 14-29-30.296 [main] NamedQueryRepository - Checking 0 named SQL queries
[DEBUG] 2021-03-02 14-29-30.298 [main] SessionFactoryRegistry - Initializing SessionFactoryRegistry : org.hibernate.internal.SessionFactoryRegistry@61808ecd
[DEBUG] 2021-03-02 14-29-30.299 [main] SessionFactoryRegistry - Registering SessionFactory: c84d0011-9385-4852-a9f8-469815106e05 (<unnamed>)
[DEBUG] 2021-03-02 14-29-30.299 [main] SessionFactoryRegistry - Not binding SessionFactory to JNDI, no JNDI name configured
[DEBUG] 2021-03-02 14-29-30.373 [main] StatisticsInitiator - Statistics initialized [enabled=false]
[DEBUG] 2021-03-02 14-29-30.387 [main] SQL - select user0_.id as id1_2_0_, user0_.password as password2_2_0_, user0_.username as username3_2_0_, notes1_.user_id as user_id4_1_1_, notes1_.id as id1_1_1_, notes1_.id as id1_1_2_, notes1_.item_id as item_id3_1_2_, notes1_.note as note2_1_2_, notes1_.user_id as user_id4_1_2_, item2_.id as id1_0_3_, item2_.name as name2_0_3_, item2_.type as type3_0_3_ from user user0_ left outer join notes notes1_ on user0_.id=notes1_.user_id left outer join item item2_ on notes1_.item_id=item2_.id where user0_.id=?
[DEBUG] 2021-03-02 14-29-30.409 [main] ResultSetProcessorImpl - Starting ResultSet row #0
[DEBUG] 2021-03-02 14-29-30.410 [main] EntityReferenceInitializerImpl - On call to EntityIdentifierReaderImpl#resolve, EntityKey was already known; should only happen on root returns with an optional identifier specified
[DEBUG] 2021-03-02 14-29-30.419 [main] CollectionReferenceInitializerImpl - Result set contains (possibly empty) collection: [edu.matc.entity.User.notes#3]
[DEBUG] 2021-03-02 14-29-30.425 [main] TwoPhaseLoad - Resolving attributes for [edu.matc.entity.User#3]
[DEBUG] 2021-03-02 14-29-30.426 [main] TwoPhaseLoad - Processing attribute `notes` : value = NOT NULL COLLECTION
[DEBUG] 2021-03-02 14-29-30.426 [main] TwoPhaseLoad - Attribute (`notes`)  - enhanced for lazy-loading? - false
[DEBUG] 2021-03-02 14-29-30.426 [main] TwoPhaseLoad - Processing attribute `password` : value = password
[DEBUG] 2021-03-02 14-29-30.426 [main] TwoPhaseLoad - Attribute (`password`)  - enhanced for lazy-loading? - false
[DEBUG] 2021-03-02 14-29-30.426 [main] TwoPhaseLoad - Processing attribute `username` : value = user3
[DEBUG] 2021-03-02 14-29-30.426 [main] TwoPhaseLoad - Attribute (`username`)  - enhanced for lazy-loading? - false
[DEBUG] 2021-03-02 14-29-30.427 [main] TwoPhaseLoad - Done materializing entity [edu.matc.entity.User#3]
[DEBUG] 2021-03-02 14-29-30.427 [main] CollectionLoadContext - 1 collections were found in result set for role: edu.matc.entity.User.notes
[DEBUG] 2021-03-02 14-29-30.428 [main] CollectionLoadContext - Collection fully initialized: [edu.matc.entity.User.notes#3]
[DEBUG] 2021-03-02 14-29-30.428 [main] CollectionLoadContext - 1 collections initialized for role: edu.matc.entity.User.notes
[DEBUG] 2021-03-02 14-29-30.429 [main] ResourceRegistryStandardImpl - HHH000387: ResultSet's statement was not registered
[DEBUG] 2021-03-02 14-29-30.429 [main] AbstractLoadPlanBasedEntityLoader - Done entity load : edu.matc.entity.User#3
[DEBUG] 2021-03-02 14-29-30.429 [main] LogicalConnectionManagedImpl - Initiating JDBC connection release from afterTransaction
[DEBUG] 2021-03-02 14-29-30.432 [main] SQL - select item0_.id as id1_0_0_, item0_.name as name2_0_0_, item0_.type as type3_0_0_ from item item0_ where item0_.id=?
[DEBUG] 2021-03-02 14-29-30.434 [main] ResultSetProcessorImpl - Starting ResultSet row #0
[DEBUG] 2021-03-02 14-29-30.434 [main] EntityReferenceInitializerImpl - On call to EntityIdentifierReaderImpl#resolve, EntityKey was already known; should only happen on root returns with an optional identifier specified
[DEBUG] 2021-03-02 14-29-30.434 [main] TwoPhaseLoad - Resolving attributes for [edu.matc.entity.Item#6]
[DEBUG] 2021-03-02 14-29-30.434 [main] TwoPhaseLoad - Processing attribute `name` : value = strawberry
[DEBUG] 2021-03-02 14-29-30.434 [main] TwoPhaseLoad - Attribute (`name`)  - enhanced for lazy-loading? - false
[DEBUG] 2021-03-02 14-29-30.434 [main] TwoPhaseLoad - Processing attribute `type` : value = crop
[DEBUG] 2021-03-02 14-29-30.434 [main] TwoPhaseLoad - Attribute (`type`)  - enhanced for lazy-loading? - false
[DEBUG] 2021-03-02 14-29-30.435 [main] TwoPhaseLoad - Done materializing entity [edu.matc.entity.Item#6]
[DEBUG] 2021-03-02 14-29-30.435 [main] ResourceRegistryStandardImpl - HHH000387: ResultSet's statement was not registered
[DEBUG] 2021-03-02 14-29-30.435 [main] AbstractLoadPlanBasedEntityLoader - Done entity load : edu.matc.entity.Item#6
[DEBUG] 2021-03-02 14-29-30.435 [main] LogicalConnectionManagedImpl - Initiating JDBC connection release from afterTransaction
[DEBUG] 2021-03-02 14-29-30.438 [main] TransactionImpl - On TransactionImpl creation, JpaCompliance#isJpaTransactionComplianceEnabled == false
[DEBUG] 2021-03-02 14-29-30.438 [main] TransactionImpl - begin
[DEBUG] 2021-03-02 14-29-30.444 [main] ActionQueue - Executing identity-insert immediately
[DEBUG] 2021-03-02 14-29-30.445 [main] SQL - insert into notes (item_id, note, user_id) values (?, ?, ?)
[DEBUG] 2021-03-02 14-29-30.451 [main] IdentifierGeneratorHelper - Natively generated identity: 4
[DEBUG] 2021-03-02 14-29-30.451 [main] ResourceRegistryStandardImpl - HHH000387: ResultSet's statement was not registered
[DEBUG] 2021-03-02 14-29-30.452 [main] TransactionImpl - committing
[DEBUG] 2021-03-02 14-29-30.452 [main] AbstractFlushingEventListener - Processing flush-time cascades
[DEBUG] 2021-03-02 14-29-30.452 [main] AbstractFlushingEventListener - Dirty checking collections
[DEBUG] 2021-03-02 14-29-30.453 [main] AbstractFlushingEventListener - Flushed: 0 insertions, 0 updates, 0 deletions to 1 objects
[DEBUG] 2021-03-02 14-29-30.453 [main] AbstractFlushingEventListener - Flushed: 0 (re)creations, 0 updates, 0 removals to 0 collections
[DEBUG] 2021-03-02 14-29-30.454 [main] EntityPrinter - Listing entities:
[DEBUG] 2021-03-02 14-29-30.454 [main] EntityPrinter - edu.matc.entity.Note{item=edu.matc.entity.Item#6, noteContent=save 10 seeds, id=4, user=edu.matc.entity.User#3}
[DEBUG] 2021-03-02 14-29-30.458 [main] LogicalConnectionManagedImpl - Initiating JDBC connection release from afterTransaction
[DEBUG] 2021-03-02 14-29-30.458 [main] LogicalConnectionManagedImpl - Initiating JDBC connection release from afterTransaction
[DEBUG] 2021-03-02 14-29-30.461 [main] SQL - select note0_.id as id1_1_0_, note0_.item_id as item_id3_1_0_, note0_.note as note2_1_0_, note0_.user_id as user_id4_1_0_, item1_.id as id1_0_1_, item1_.name as name2_0_1_, item1_.type as type3_0_1_, user2_.id as id1_2_2_, user2_.password as password2_2_2_, user2_.username as username3_2_2_ from notes note0_ left outer join item item1_ on note0_.item_id=item1_.id left outer join user user2_ on note0_.user_id=user2_.id where note0_.id=?
[DEBUG] 2021-03-02 14-29-30.462 [main] ResultSetProcessorImpl - Starting ResultSet row #0
[DEBUG] 2021-03-02 14-29-30.462 [main] EntityReferenceInitializerImpl - On call to EntityIdentifierReaderImpl#resolve, EntityKey was already known; should only happen on root returns with an optional identifier specified
[DEBUG] 2021-03-02 14-29-30.463 [main] TwoPhaseLoad - Resolving attributes for [edu.matc.entity.Note#4]
[DEBUG] 2021-03-02 14-29-30.463 [main] TwoPhaseLoad - Processing attribute `item` : value = 6
[DEBUG] 2021-03-02 14-29-30.463 [main] TwoPhaseLoad - Attribute (`item`)  - enhanced for lazy-loading? - false
[DEBUG] 2021-03-02 14-29-30.463 [main] TwoPhaseLoad - Processing attribute `noteContent` : value = save 10 seeds
[DEBUG] 2021-03-02 14-29-30.463 [main] TwoPhaseLoad - Attribute (`noteContent`)  - enhanced for lazy-loading? - false
[DEBUG] 2021-03-02 14-29-30.463 [main] TwoPhaseLoad - Processing attribute `user` : value = 3
[DEBUG] 2021-03-02 14-29-30.463 [main] TwoPhaseLoad - Attribute (`user`)  - enhanced for lazy-loading? - false
[DEBUG] 2021-03-02 14-29-30.463 [main] TwoPhaseLoad - Done materializing entity [edu.matc.entity.Note#4]
[DEBUG] 2021-03-02 14-29-30.463 [main] TwoPhaseLoad - Resolving attributes for [edu.matc.entity.Item#6]
[DEBUG] 2021-03-02 14-29-30.463 [main] TwoPhaseLoad - Processing attribute `name` : value = strawberry
[DEBUG] 2021-03-02 14-29-30.463 [main] TwoPhaseLoad - Attribute (`name`)  - enhanced for lazy-loading? - false
[DEBUG] 2021-03-02 14-29-30.463 [main] TwoPhaseLoad - Processing attribute `type` : value = crop
[DEBUG] 2021-03-02 14-29-30.463 [main] TwoPhaseLoad - Attribute (`type`)  - enhanced for lazy-loading? - false
[DEBUG] 2021-03-02 14-29-30.463 [main] TwoPhaseLoad - Done materializing entity [edu.matc.entity.Item#6]
[DEBUG] 2021-03-02 14-29-30.463 [main] TwoPhaseLoad - Resolving attributes for [edu.matc.entity.User#3]
[DEBUG] 2021-03-02 14-29-30.463 [main] TwoPhaseLoad - Processing attribute `notes` : value = NOT NULL COLLECTION
[DEBUG] 2021-03-02 14-29-30.463 [main] TwoPhaseLoad - Attribute (`notes`)  - enhanced for lazy-loading? - false
[DEBUG] 2021-03-02 14-29-30.463 [main] TwoPhaseLoad - Processing attribute `password` : value = password
[DEBUG] 2021-03-02 14-29-30.463 [main] TwoPhaseLoad - Attribute (`password`)  - enhanced for lazy-loading? - false
[DEBUG] 2021-03-02 14-29-30.463 [main] TwoPhaseLoad - Processing attribute `username` : value = user3
[DEBUG] 2021-03-02 14-29-30.463 [main] TwoPhaseLoad - Attribute (`username`)  - enhanced for lazy-loading? - false
[DEBUG] 2021-03-02 14-29-30.463 [main] TwoPhaseLoad - Done materializing entity [edu.matc.entity.User#3]
[DEBUG] 2021-03-02 14-29-30.463 [main] ResourceRegistryStandardImpl - HHH000387: ResultSet's statement was not registered
[DEBUG] 2021-03-02 14-29-30.465 [main] AbstractLoadPlanBasedCollectionInitializer - Loading collection: [edu.matc.entity.User.notes#3]
[DEBUG] 2021-03-02 14-29-30.465 [main] SQL - select notes0_.user_id as user_id4_1_0_, notes0_.id as id1_1_0_, notes0_.id as id1_1_1_, notes0_.item_id as item_id3_1_1_, notes0_.note as note2_1_1_, notes0_.user_id as user_id4_1_1_, item1_.id as id1_0_2_, item1_.name as name2_0_2_, item1_.type as type3_0_2_ from notes notes0_ left outer join item item1_ on notes0_.item_id=item1_.id where notes0_.user_id=?
[DEBUG] 2021-03-02 14-29-30.466 [main] ResultSetProcessorImpl - Preparing collection initializer : [edu.matc.entity.User.notes#3]
[DEBUG] 2021-03-02 14-29-30.466 [main] ResultSetProcessorImpl - Starting ResultSet row #0
[DEBUG] 2021-03-02 14-29-30.466 [main] CollectionReferenceInitializerImpl - Found row of collection: [edu.matc.entity.User.notes#3]
[DEBUG] 2021-03-02 14-29-30.466 [main] CollectionLoadContext - 1 collections were found in result set for role: edu.matc.entity.User.notes
[DEBUG] 2021-03-02 14-29-30.467 [main] CollectionLoadContext - Collection fully initialized: [edu.matc.entity.User.notes#3]
[DEBUG] 2021-03-02 14-29-30.467 [main] CollectionLoadContext - 1 collections initialized for role: edu.matc.entity.User.notes
[DEBUG] 2021-03-02 14-29-30.467 [main] ResourceRegistryStandardImpl - HHH000387: ResultSet's statement was not registered
[DEBUG] 2021-03-02 14-29-30.467 [main] AbstractLoadPlanBasedCollectionInitializer - Done loading collection
[DEBUG] 2021-03-02 14-29-30.467 [main] AbstractLoadPlanBasedEntityLoader - Done entity load : edu.matc.entity.Note#4
[DEBUG] 2021-03-02 14-29-30.467 [main] LogicalConnectionManagedImpl - Initiating JDBC connection release from afterTransaction
