[DEBUG] 2021-02-27 18-14-16.968 [main] IntegratorServiceImpl - Adding Integrator [org.hibernate.cfg.beanvalidation.BeanValidationIntegrator].
[DEBUG] 2021-02-27 18-14-16.970 [main] IntegratorServiceImpl - Adding Integrator [org.hibernate.secure.spi.JaccIntegrator].
[DEBUG] 2021-02-27 18-14-16.974 [main] IntegratorServiceImpl - Adding Integrator [org.hibernate.cache.internal.CollectionCacheInvalidator].
[INFO ] 2021-02-27 18-14-17.042 [main] Version - HHH000412: Hibernate Core {5.4.4.Final}
[DEBUG] 2021-02-27 18-14-17.043 [main] Environment - HHH000206: hibernate.properties not found
[DEBUG] 2021-02-27 18-14-17.190 [main] LocalXmlResourceResolver - Interpreting public/system identifier : [-//Hibernate/Hibernate Configuration DTD//EN] - [http://www.hibernate.org/dtd/hibernate-configuration-3.0.dtd]
[DEBUG] 2021-02-27 18-14-17.191 [main] LocalXmlResourceResolver - Recognized hibernate-configuration identifier; attempting to resolve on classpath under org/hibernate/
[DEBUG] 2021-02-27 18-14-17.195 [main] JaxbCfgProcessor - cfg.xml document did not define namespaces; wrapping in custom event reader to introduce namespace information
[DEBUG] 2021-02-27 18-14-17.408 [main] ServiceBinding - Overriding existing service binding [org.hibernate.secure.spi.JaccService]
[DEBUG] 2021-02-27 18-14-17.427 [main] RegionFactoryInitiator - Cannot default RegionFactory based on registered strategies as `[]` RegionFactory strategies were registered
[DEBUG] 2021-02-27 18-14-17.428 [main] RegionFactoryInitiator - Cache region factory : org.hibernate.cache.internal.NoCachingRegionFactory
[INFO ] 2021-02-27 18-14-17.447 [main] Version - HCANN000001: Hibernate Commons Annotations {5.1.0.Final}
[DEBUG] 2021-02-27 18-14-17.478 [main] BasicTypeRegistry - Adding type registration boolean -> org.hibernate.type.BooleanType@397ef2
[DEBUG] 2021-02-27 18-14-17.478 [main] BasicTypeRegistry - Adding type registration boolean -> org.hibernate.type.BooleanType@397ef2
[DEBUG] 2021-02-27 18-14-17.478 [main] BasicTypeRegistry - Adding type registration java.lang.Boolean -> org.hibernate.type.BooleanType@397ef2
[DEBUG] 2021-02-27 18-14-17.479 [main] BasicTypeRegistry - Adding type registration numeric_boolean -> org.hibernate.type.NumericBooleanType@9b21bd3
[DEBUG] 2021-02-27 18-14-17.479 [main] BasicTypeRegistry - Adding type registration true_false -> org.hibernate.type.TrueFalseType@65c33b92
[DEBUG] 2021-02-27 18-14-17.480 [main] BasicTypeRegistry - Adding type registration yes_no -> org.hibernate.type.YesNoType@78cd163b
[DEBUG] 2021-02-27 18-14-17.481 [main] BasicTypeRegistry - Adding type registration byte -> org.hibernate.type.ByteType@2b2f5fcf
[DEBUG] 2021-02-27 18-14-17.481 [main] BasicTypeRegistry - Adding type registration byte -> org.hibernate.type.ByteType@2b2f5fcf
[DEBUG] 2021-02-27 18-14-17.481 [main] BasicTypeRegistry - Adding type registration java.lang.Byte -> org.hibernate.type.ByteType@2b2f5fcf
[DEBUG] 2021-02-27 18-14-17.482 [main] BasicTypeRegistry - Adding type registration character -> org.hibernate.type.CharacterType@7718a40f
[DEBUG] 2021-02-27 18-14-17.482 [main] BasicTypeRegistry - Adding type registration char -> org.hibernate.type.CharacterType@7718a40f
[DEBUG] 2021-02-27 18-14-17.482 [main] BasicTypeRegistry - Adding type registration java.lang.Character -> org.hibernate.type.CharacterType@7718a40f
[DEBUG] 2021-02-27 18-14-17.483 [main] BasicTypeRegistry - Adding type registration short -> org.hibernate.type.ShortType@6c008c24
[DEBUG] 2021-02-27 18-14-17.483 [main] BasicTypeRegistry - Adding type registration short -> org.hibernate.type.ShortType@6c008c24
[DEBUG] 2021-02-27 18-14-17.483 [main] BasicTypeRegistry - Adding type registration java.lang.Short -> org.hibernate.type.ShortType@6c008c24
[DEBUG] 2021-02-27 18-14-17.484 [main] BasicTypeRegistry - Adding type registration integer -> org.hibernate.type.IntegerType@472a11ae
[DEBUG] 2021-02-27 18-14-17.484 [main] BasicTypeRegistry - Adding type registration int -> org.hibernate.type.IntegerType@472a11ae
[DEBUG] 2021-02-27 18-14-17.484 [main] BasicTypeRegistry - Adding type registration java.lang.Integer -> org.hibernate.type.IntegerType@472a11ae
[DEBUG] 2021-02-27 18-14-17.485 [main] BasicTypeRegistry - Adding type registration long -> org.hibernate.type.LongType@1ac4ccad
[DEBUG] 2021-02-27 18-14-17.485 [main] BasicTypeRegistry - Adding type registration long -> org.hibernate.type.LongType@1ac4ccad
[DEBUG] 2021-02-27 18-14-17.485 [main] BasicTypeRegistry - Adding type registration java.lang.Long -> org.hibernate.type.LongType@1ac4ccad
[DEBUG] 2021-02-27 18-14-17.486 [main] BasicTypeRegistry - Adding type registration float -> org.hibernate.type.FloatType@4b6d92e
[DEBUG] 2021-02-27 18-14-17.486 [main] BasicTypeRegistry - Adding type registration float -> org.hibernate.type.FloatType@4b6d92e
[DEBUG] 2021-02-27 18-14-17.486 [main] BasicTypeRegistry - Adding type registration java.lang.Float -> org.hibernate.type.FloatType@4b6d92e
[DEBUG] 2021-02-27 18-14-17.487 [main] BasicTypeRegistry - Adding type registration double -> org.hibernate.type.DoubleType@13d9261f
[DEBUG] 2021-02-27 18-14-17.487 [main] BasicTypeRegistry - Adding type registration double -> org.hibernate.type.DoubleType@13d9261f
[DEBUG] 2021-02-27 18-14-17.487 [main] BasicTypeRegistry - Adding type registration java.lang.Double -> org.hibernate.type.DoubleType@13d9261f
[DEBUG] 2021-02-27 18-14-17.488 [main] BasicTypeRegistry - Adding type registration big_decimal -> org.hibernate.type.BigDecimalType@25d93198
[DEBUG] 2021-02-27 18-14-17.488 [main] BasicTypeRegistry - Adding type registration java.math.BigDecimal -> org.hibernate.type.BigDecimalType@25d93198
[DEBUG] 2021-02-27 18-14-17.489 [main] BasicTypeRegistry - Adding type registration big_integer -> org.hibernate.type.BigIntegerType@2e8a1ab4
[DEBUG] 2021-02-27 18-14-17.489 [main] BasicTypeRegistry - Adding type registration java.math.BigInteger -> org.hibernate.type.BigIntegerType@2e8a1ab4
[DEBUG] 2021-02-27 18-14-17.489 [main] BasicTypeRegistry - Adding type registration string -> org.hibernate.type.StringType@64984b0f
[DEBUG] 2021-02-27 18-14-17.490 [main] BasicTypeRegistry - Adding type registration java.lang.String -> org.hibernate.type.StringType@64984b0f
[DEBUG] 2021-02-27 18-14-17.490 [main] BasicTypeRegistry - Adding type registration nstring -> org.hibernate.type.StringNVarcharType@7e19755a
[DEBUG] 2021-02-27 18-14-17.491 [main] BasicTypeRegistry - Adding type registration ncharacter -> org.hibernate.type.CharacterNCharType@7e7f0216
[DEBUG] 2021-02-27 18-14-17.491 [main] BasicTypeRegistry - Adding type registration url -> org.hibernate.type.UrlType@5bc7e78e
[DEBUG] 2021-02-27 18-14-17.491 [main] BasicTypeRegistry - Adding type registration java.net.URL -> org.hibernate.type.UrlType@5bc7e78e
[DEBUG] 2021-02-27 18-14-17.492 [main] BasicTypeRegistry - Adding type registration Duration -> org.hibernate.type.DurationType@b606cb6
[DEBUG] 2021-02-27 18-14-17.492 [main] BasicTypeRegistry - Adding type registration java.time.Duration -> org.hibernate.type.DurationType@b606cb6
[DEBUG] 2021-02-27 18-14-17.500 [main] BasicTypeRegistry - Adding type registration Instant -> org.hibernate.type.InstantType@25290bca
[DEBUG] 2021-02-27 18-14-17.500 [main] BasicTypeRegistry - Adding type registration java.time.Instant -> org.hibernate.type.InstantType@25290bca
[DEBUG] 2021-02-27 18-14-17.501 [main] BasicTypeRegistry - Adding type registration LocalDateTime -> org.hibernate.type.LocalDateTimeType@210308d5
[DEBUG] 2021-02-27 18-14-17.501 [main] BasicTypeRegistry - Adding type registration java.time.LocalDateTime -> org.hibernate.type.LocalDateTimeType@210308d5
[DEBUG] 2021-02-27 18-14-17.503 [main] BasicTypeRegistry - Adding type registration LocalDate -> org.hibernate.type.LocalDateType@6ede46f6
[DEBUG] 2021-02-27 18-14-17.503 [main] BasicTypeRegistry - Adding type registration java.time.LocalDate -> org.hibernate.type.LocalDateType@6ede46f6
[DEBUG] 2021-02-27 18-14-17.504 [main] BasicTypeRegistry - Adding type registration LocalTime -> org.hibernate.type.LocalTimeType@10a0fe30
[DEBUG] 2021-02-27 18-14-17.504 [main] BasicTypeRegistry - Adding type registration java.time.LocalTime -> org.hibernate.type.LocalTimeType@10a0fe30
[DEBUG] 2021-02-27 18-14-17.505 [main] BasicTypeRegistry - Adding type registration OffsetDateTime -> org.hibernate.type.OffsetDateTimeType@6920614
[DEBUG] 2021-02-27 18-14-17.505 [main] BasicTypeRegistry - Adding type registration java.time.OffsetDateTime -> org.hibernate.type.OffsetDateTimeType@6920614
[DEBUG] 2021-02-27 18-14-17.512 [main] BasicTypeRegistry - Adding type registration OffsetTime -> org.hibernate.type.OffsetTimeType@7ff35a3f
[DEBUG] 2021-02-27 18-14-17.512 [main] BasicTypeRegistry - Adding type registration java.time.OffsetTime -> org.hibernate.type.OffsetTimeType@7ff35a3f
[DEBUG] 2021-02-27 18-14-17.514 [main] BasicTypeRegistry - Adding type registration ZonedDateTime -> org.hibernate.type.ZonedDateTimeType@70228253
[DEBUG] 2021-02-27 18-14-17.515 [main] BasicTypeRegistry - Adding type registration java.time.ZonedDateTime -> org.hibernate.type.ZonedDateTimeType@70228253
[DEBUG] 2021-02-27 18-14-17.516 [main] BasicTypeRegistry - Adding type registration date -> org.hibernate.type.DateType@54e3658c
[DEBUG] 2021-02-27 18-14-17.518 [main] BasicTypeRegistry - Adding type registration java.sql.Date -> org.hibernate.type.DateType@54e3658c
[DEBUG] 2021-02-27 18-14-17.520 [main] BasicTypeRegistry - Adding type registration time -> org.hibernate.type.TimeType@122d6c22
[DEBUG] 2021-02-27 18-14-17.520 [main] BasicTypeRegistry - Adding type registration java.sql.Time -> org.hibernate.type.TimeType@122d6c22
[DEBUG] 2021-02-27 18-14-17.521 [main] BasicTypeRegistry - Adding type registration timestamp -> org.hibernate.type.TimestampType@3e33d73e
[DEBUG] 2021-02-27 18-14-17.521 [main] BasicTypeRegistry - Adding type registration java.sql.Timestamp -> org.hibernate.type.TimestampType@3e33d73e
[DEBUG] 2021-02-27 18-14-17.521 [main] BasicTypeRegistry - Adding type registration java.util.Date -> org.hibernate.type.TimestampType@3e33d73e
[DEBUG] 2021-02-27 18-14-17.522 [main] BasicTypeRegistry - Adding type registration dbtimestamp -> org.hibernate.type.DbTimestampType@e84fb85
[DEBUG] 2021-02-27 18-14-17.523 [main] BasicTypeRegistry - Adding type registration calendar -> org.hibernate.type.CalendarType@7e74a380
[DEBUG] 2021-02-27 18-14-17.523 [main] BasicTypeRegistry - Adding type registration java.util.Calendar -> org.hibernate.type.CalendarType@7e74a380
[DEBUG] 2021-02-27 18-14-17.523 [main] BasicTypeRegistry - Adding type registration java.util.GregorianCalendar -> org.hibernate.type.CalendarType@7e74a380
[DEBUG] 2021-02-27 18-14-17.524 [main] BasicTypeRegistry - Adding type registration calendar_date -> org.hibernate.type.CalendarDateType@6dfa915a
[DEBUG] 2021-02-27 18-14-17.525 [main] BasicTypeRegistry - Adding type registration locale -> org.hibernate.type.LocaleType@26cb5207
[DEBUG] 2021-02-27 18-14-17.525 [main] BasicTypeRegistry - Adding type registration java.util.Locale -> org.hibernate.type.LocaleType@26cb5207
[DEBUG] 2021-02-27 18-14-17.527 [main] BasicTypeRegistry - Adding type registration currency -> org.hibernate.type.CurrencyType@6cd64ee8
[DEBUG] 2021-02-27 18-14-17.527 [main] BasicTypeRegistry - Adding type registration java.util.Currency -> org.hibernate.type.CurrencyType@6cd64ee8
[DEBUG] 2021-02-27 18-14-17.528 [main] BasicTypeRegistry - Adding type registration timezone -> org.hibernate.type.TimeZoneType@1a2bcd56
[DEBUG] 2021-02-27 18-14-17.528 [main] BasicTypeRegistry - Adding type registration java.util.TimeZone -> org.hibernate.type.TimeZoneType@1a2bcd56
[DEBUG] 2021-02-27 18-14-17.529 [main] BasicTypeRegistry - Adding type registration class -> org.hibernate.type.ClassType@4f0f7849
[DEBUG] 2021-02-27 18-14-17.529 [main] BasicTypeRegistry - Adding type registration java.lang.Class -> org.hibernate.type.ClassType@4f0f7849
[DEBUG] 2021-02-27 18-14-17.530 [main] BasicTypeRegistry - Adding type registration uuid-binary -> org.hibernate.type.UUIDBinaryType@3c3a0032
[DEBUG] 2021-02-27 18-14-17.530 [main] BasicTypeRegistry - Adding type registration java.util.UUID -> org.hibernate.type.UUIDBinaryType@3c3a0032
[DEBUG] 2021-02-27 18-14-17.530 [main] BasicTypeRegistry - Adding type registration uuid-char -> org.hibernate.type.UUIDCharType@49faf066
[DEBUG] 2021-02-27 18-14-17.531 [main] BasicTypeRegistry - Adding type registration binary -> org.hibernate.type.BinaryType@58472096
[DEBUG] 2021-02-27 18-14-17.531 [main] BasicTypeRegistry - Adding type registration byte[] -> org.hibernate.type.BinaryType@58472096
[DEBUG] 2021-02-27 18-14-17.531 [main] BasicTypeRegistry - Adding type registration [B -> org.hibernate.type.BinaryType@58472096
[DEBUG] 2021-02-27 18-14-17.532 [main] BasicTypeRegistry - Adding type registration wrapper-binary -> org.hibernate.type.WrapperBinaryType@30b131b2
[DEBUG] 2021-02-27 18-14-17.532 [main] BasicTypeRegistry - Adding type registration Byte[] -> org.hibernate.type.WrapperBinaryType@30b131b2
[DEBUG] 2021-02-27 18-14-17.532 [main] BasicTypeRegistry - Adding type registration [Ljava.lang.Byte; -> org.hibernate.type.WrapperBinaryType@30b131b2
[DEBUG] 2021-02-27 18-14-17.533 [main] BasicTypeRegistry - Adding type registration row_version -> org.hibernate.type.RowVersionType@467b684d
[DEBUG] 2021-02-27 18-14-17.534 [main] BasicTypeRegistry - Adding type registration image -> org.hibernate.type.ImageType@7cbeac65
[DEBUG] 2021-02-27 18-14-17.534 [main] BasicTypeRegistry - Adding type registration characters -> org.hibernate.type.CharArrayType@5f0f9947
[DEBUG] 2021-02-27 18-14-17.534 [main] BasicTypeRegistry - Adding type registration char[] -> org.hibernate.type.CharArrayType@5f0f9947
[DEBUG] 2021-02-27 18-14-17.535 [main] BasicTypeRegistry - Adding type registration [C -> org.hibernate.type.CharArrayType@5f0f9947
[DEBUG] 2021-02-27 18-14-17.535 [main] BasicTypeRegistry - Adding type registration wrapper-characters -> org.hibernate.type.CharacterArrayType@4b65d9f4
[DEBUG] 2021-02-27 18-14-17.536 [main] BasicTypeRegistry - Adding type registration [Ljava.lang.Character; -> org.hibernate.type.CharacterArrayType@4b65d9f4
[DEBUG] 2021-02-27 18-14-17.536 [main] BasicTypeRegistry - Adding type registration Character[] -> org.hibernate.type.CharacterArrayType@4b65d9f4
[DEBUG] 2021-02-27 18-14-17.536 [main] BasicTypeRegistry - Adding type registration text -> org.hibernate.type.TextType@28da7d11
[DEBUG] 2021-02-27 18-14-17.536 [main] BasicTypeRegistry - Adding type registration ntext -> org.hibernate.type.NTextType@4d21c56e
[DEBUG] 2021-02-27 18-14-17.537 [main] BasicTypeRegistry - Adding type registration blob -> org.hibernate.type.BlobType@5a6d30e2
[DEBUG] 2021-02-27 18-14-17.538 [main] BasicTypeRegistry - Adding type registration java.sql.Blob -> org.hibernate.type.BlobType@5a6d30e2
[DEBUG] 2021-02-27 18-14-17.538 [main] BasicTypeRegistry - Adding type registration materialized_blob -> org.hibernate.type.MaterializedBlobType@733aa9d8
[DEBUG] 2021-02-27 18-14-17.539 [main] BasicTypeRegistry - Adding type registration clob -> org.hibernate.type.ClobType@75de29c0
[DEBUG] 2021-02-27 18-14-17.540 [main] BasicTypeRegistry - Adding type registration java.sql.Clob -> org.hibernate.type.ClobType@75de29c0
[DEBUG] 2021-02-27 18-14-17.541 [main] BasicTypeRegistry - Adding type registration nclob -> org.hibernate.type.NClobType@588f63c
[DEBUG] 2021-02-27 18-14-17.541 [main] BasicTypeRegistry - Adding type registration java.sql.NClob -> org.hibernate.type.NClobType@588f63c
[DEBUG] 2021-02-27 18-14-17.541 [main] BasicTypeRegistry - Adding type registration materialized_clob -> org.hibernate.type.MaterializedClobType@53f4c1e6
[DEBUG] 2021-02-27 18-14-17.542 [main] BasicTypeRegistry - Adding type registration materialized_nclob -> org.hibernate.type.MaterializedNClobType@784abd3e
[DEBUG] 2021-02-27 18-14-17.543 [main] BasicTypeRegistry - Adding type registration serializable -> org.hibernate.type.SerializableType@7efb53af
[DEBUG] 2021-02-27 18-14-17.546 [main] BasicTypeRegistry - Adding type registration object -> org.hibernate.type.ObjectType@72f9f27c
[DEBUG] 2021-02-27 18-14-17.546 [main] BasicTypeRegistry - Adding type registration java.lang.Object -> org.hibernate.type.ObjectType@72f9f27c
[DEBUG] 2021-02-27 18-14-17.547 [main] BasicTypeRegistry - Adding type registration imm_date -> org.hibernate.type.AdaptedImmutableType@7640a5b1
[DEBUG] 2021-02-27 18-14-17.547 [main] BasicTypeRegistry - Adding type registration imm_time -> org.hibernate.type.AdaptedImmutableType@642f9a77
[DEBUG] 2021-02-27 18-14-17.547 [main] BasicTypeRegistry - Adding type registration imm_timestamp -> org.hibernate.type.AdaptedImmutableType@23f3da8b
[DEBUG] 2021-02-27 18-14-17.547 [main] BasicTypeRegistry - Adding type registration imm_dbtimestamp -> org.hibernate.type.AdaptedImmutableType@5634d0f4
[DEBUG] 2021-02-27 18-14-17.547 [main] BasicTypeRegistry - Adding type registration imm_calendar -> org.hibernate.type.AdaptedImmutableType@252a8aae
[DEBUG] 2021-02-27 18-14-17.547 [main] BasicTypeRegistry - Adding type registration imm_calendar_date -> org.hibernate.type.AdaptedImmutableType@3d4e405e
[DEBUG] 2021-02-27 18-14-17.547 [main] BasicTypeRegistry - Adding type registration imm_binary -> org.hibernate.type.AdaptedImmutableType@54e2fe
[DEBUG] 2021-02-27 18-14-17.547 [main] BasicTypeRegistry - Adding type registration imm_serializable -> org.hibernate.type.AdaptedImmutableType@70972170
[DEBUG] 2021-02-27 18-14-17.575 [main] DefaultIdentifierGeneratorFactory - Registering IdentifierGenerator strategy [uuid2] -> [org.hibernate.id.UUIDGenerator]
[DEBUG] 2021-02-27 18-14-17.575 [main] DefaultIdentifierGeneratorFactory - Registering IdentifierGenerator strategy [guid] -> [org.hibernate.id.GUIDGenerator]
[DEBUG] 2021-02-27 18-14-17.576 [main] DefaultIdentifierGeneratorFactory - Registering IdentifierGenerator strategy [uuid] -> [org.hibernate.id.UUIDHexGenerator]
[DEBUG] 2021-02-27 18-14-17.576 [main] DefaultIdentifierGeneratorFactory - Registering IdentifierGenerator strategy [uuid.hex] -> [org.hibernate.id.UUIDHexGenerator]
[DEBUG] 2021-02-27 18-14-17.577 [main] DefaultIdentifierGeneratorFactory - Registering IdentifierGenerator strategy [assigned] -> [org.hibernate.id.Assigned]
[DEBUG] 2021-02-27 18-14-17.578 [main] DefaultIdentifierGeneratorFactory - Registering IdentifierGenerator strategy [identity] -> [org.hibernate.id.IdentityGenerator]
[DEBUG] 2021-02-27 18-14-17.578 [main] DefaultIdentifierGeneratorFactory - Registering IdentifierGenerator strategy [select] -> [org.hibernate.id.SelectGenerator]
[DEBUG] 2021-02-27 18-14-17.579 [main] DefaultIdentifierGeneratorFactory - Registering IdentifierGenerator strategy [sequence] -> [org.hibernate.id.enhanced.SequenceStyleGenerator]
[DEBUG] 2021-02-27 18-14-17.580 [main] DefaultIdentifierGeneratorFactory - Registering IdentifierGenerator strategy [seqhilo] -> [org.hibernate.id.SequenceHiLoGenerator]
[DEBUG] 2021-02-27 18-14-17.581 [main] DefaultIdentifierGeneratorFactory - Registering IdentifierGenerator strategy [increment] -> [org.hibernate.id.IncrementGenerator]
[DEBUG] 2021-02-27 18-14-17.581 [main] DefaultIdentifierGeneratorFactory - Registering IdentifierGenerator strategy [foreign] -> [org.hibernate.id.ForeignGenerator]
[DEBUG] 2021-02-27 18-14-17.582 [main] DefaultIdentifierGeneratorFactory - Registering IdentifierGenerator strategy [sequence-identity] -> [org.hibernate.id.SequenceIdentityGenerator]
[DEBUG] 2021-02-27 18-14-17.582 [main] DefaultIdentifierGeneratorFactory - Registering IdentifierGenerator strategy [enhanced-sequence] -> [org.hibernate.id.enhanced.SequenceStyleGenerator]
[DEBUG] 2021-02-27 18-14-17.583 [main] DefaultIdentifierGeneratorFactory - Registering IdentifierGenerator strategy [enhanced-table] -> [org.hibernate.id.enhanced.TableGenerator]
[INFO ] 2021-02-27 18-14-17.587 [main] C3P0ConnectionProvider - HHH010002: C3P0 using driver: com.mysql.cj.jdbc.Driver at URL: jdbc:mysql://localhost:3306/test_stardew_assistant
[INFO ] 2021-02-27 18-14-17.588 [main] C3P0ConnectionProvider - HHH10001001: Connection properties: {password=****, user=root}
[INFO ] 2021-02-27 18-14-17.588 [main] C3P0ConnectionProvider - HHH10001003: Autocommit mode: false
[INFO ] 2021-02-27 18-14-17.686 [main] C3P0ConnectionProvider - HHH10001007: JDBC isolation level: <unknown>
[DEBUG] 2021-02-27 18-14-17.762 [main] JdbcEnvironmentInitiator - Database ->
       name : MySQL
    version : 8.0.23
      major : 8
      minor : 0
[DEBUG] 2021-02-27 18-14-17.762 [main] JdbcEnvironmentInitiator - Driver ->
       name : MySQL Connector/J
    version : mysql-connector-java-8.0.16 (Revision: 34cbc6bc61f72836e26327537a432d6db7c77de6)
      major : 8
      minor : 0
[DEBUG] 2021-02-27 18-14-17.762 [main] JdbcEnvironmentInitiator - JDBC version : 4.2
[INFO ] 2021-02-27 18-14-17.783 [main] Dialect - HHH000400: Using dialect: org.hibernate.dialect.MySQL8Dialect
[DEBUG] 2021-02-27 18-14-17.802 [main] IdentifierHelperBuilder - JDBC driver metadata reported database stores quoted identifiers in more than one case
[DEBUG] 2021-02-27 18-14-17.822 [main] IdentifierHelperBuilder - IdentifierCaseStrategy for both quoted and unquoted identifiers was set to the same strategy [LOWER]; that will likely lead to problems in schema update and validation if using quoted identifiers
[DEBUG] 2021-02-27 18-14-17.851 [main] Namespace - Created database namespace [logicalName=Name{catalog=null, schema=null}, physicalName=Name{catalog=null, schema=null}]
[DEBUG] 2021-02-27 18-14-17.854 [main] TypeConfiguration$Scope - Scoping TypeConfiguration [org.hibernate.type.spi.TypeConfiguration@7668892a] to MetadataBuildingContext [org.hibernate.boot.internal.MetadataBuildingContextRootImpl@a83495d]
[DEBUG] 2021-02-27 18-14-17.902 [main] AnnotationBinder - Binding entity from annotated class: edu.matc.entity.Favorite
[DEBUG] 2021-02-27 18-14-17.924 [main] Ejb3Column - Binding column: Ejb3DiscriminatorColumn{logicalColumnName'DTYPE', discriminatorTypeName='string'}
[DEBUG] 2021-02-27 18-14-17.930 [main] EntityBinder - Import with entity name Favorite
[DEBUG] 2021-02-27 18-14-17.932 [main] EntityBinder - Bind entity edu.matc.entity.Favorite on table user_favorites
[DEBUG] 2021-02-27 18-14-17.952 [main] Ejb3Column - Binding column: Ejb3Column{table=org.hibernate.mapping.Table(user_favorites), mappingColumn=id, insertable=true, updatable=true, unique=false}
[DEBUG] 2021-02-27 18-14-17.954 [main] PropertyBinder - MetadataSourceProcessor property id with lazy=false
[DEBUG] 2021-02-27 18-14-17.956 [main] AbstractPropertyHolder - Attempting to locate auto-apply AttributeConverter for property [edu.matc.entity.Favorite:id]
[DEBUG] 2021-02-27 18-14-17.958 [main] SimpleValueBinder - building SimpleValue for id
[DEBUG] 2021-02-27 18-14-17.960 [main] PropertyBinder - Building property id
[DEBUG] 2021-02-27 18-14-17.963 [main] BinderHelper - #makeIdGenerator(org.hibernate.mapping.SimpleValue([org.hibernate.mapping.Column(id)]), id, org.hibernate.id.enhanced.SequenceStyleGenerator, native, ...)
[DEBUG] 2021-02-27 18-14-17.964 [main] Ejb3Column - Binding column: Ejb3Column{table=org.hibernate.mapping.Table(user_favorites), mappingColumn=itemId, insertable=true, updatable=true, unique=false}
[DEBUG] 2021-02-27 18-14-17.964 [main] PropertyBinder - MetadataSourceProcessor property itemId with lazy=false
[DEBUG] 2021-02-27 18-14-17.964 [main] AbstractPropertyHolder - Attempting to locate auto-apply AttributeConverter for property [edu.matc.entity.Favorite:itemId]
[DEBUG] 2021-02-27 18-14-17.964 [main] SimpleValueBinder - building SimpleValue for itemId
[DEBUG] 2021-02-27 18-14-17.965 [main] PropertyBinder - Building property itemId
[DEBUG] 2021-02-27 18-14-17.965 [main] Ejb3Column - Binding column: Ejb3Column{table=org.hibernate.mapping.Table(user_favorites), mappingColumn=userId, insertable=true, updatable=true, unique=false}
[DEBUG] 2021-02-27 18-14-17.965 [main] PropertyBinder - MetadataSourceProcessor property userId with lazy=false
[DEBUG] 2021-02-27 18-14-17.965 [main] AbstractPropertyHolder - Attempting to locate auto-apply AttributeConverter for property [edu.matc.entity.Favorite:userId]
[DEBUG] 2021-02-27 18-14-17.965 [main] SimpleValueBinder - building SimpleValue for userId
[DEBUG] 2021-02-27 18-14-17.965 [main] PropertyBinder - Building property userId
[DEBUG] 2021-02-27 18-14-17.966 [main] AnnotationBinder - Binding entity from annotated class: edu.matc.entity.Item
[DEBUG] 2021-02-27 18-14-17.966 [main] Ejb3Column - Binding column: Ejb3DiscriminatorColumn{logicalColumnName'DTYPE', discriminatorTypeName='string'}
[DEBUG] 2021-02-27 18-14-17.966 [main] EntityBinder - Import with entity name Item
[DEBUG] 2021-02-27 18-14-17.966 [main] EntityBinder - Bind entity edu.matc.entity.Item on table item
[DEBUG] 2021-02-27 18-14-17.968 [main] Ejb3Column - Binding column: Ejb3Column{table=org.hibernate.mapping.Table(item), mappingColumn=id, insertable=true, updatable=true, unique=false}
[DEBUG] 2021-02-27 18-14-17.968 [main] PropertyBinder - MetadataSourceProcessor property id with lazy=false
[DEBUG] 2021-02-27 18-14-17.968 [main] AbstractPropertyHolder - Attempting to locate auto-apply AttributeConverter for property [edu.matc.entity.Item:id]
[DEBUG] 2021-02-27 18-14-17.968 [main] SimpleValueBinder - building SimpleValue for id
[DEBUG] 2021-02-27 18-14-17.968 [main] PropertyBinder - Building property id
[DEBUG] 2021-02-27 18-14-17.968 [main] BinderHelper - #makeIdGenerator(org.hibernate.mapping.SimpleValue([org.hibernate.mapping.Column(id)]), id, org.hibernate.id.enhanced.SequenceStyleGenerator, native, ...)
[DEBUG] 2021-02-27 18-14-17.969 [main] Ejb3Column - Binding column: Ejb3Column{table=org.hibernate.mapping.Table(item), mappingColumn=name, insertable=true, updatable=true, unique=false}
[DEBUG] 2021-02-27 18-14-17.969 [main] PropertyBinder - MetadataSourceProcessor property name with lazy=false
[DEBUG] 2021-02-27 18-14-17.969 [main] AbstractPropertyHolder - Attempting to locate auto-apply AttributeConverter for property [edu.matc.entity.Item:name]
[DEBUG] 2021-02-27 18-14-17.969 [main] SimpleValueBinder - building SimpleValue for name
[DEBUG] 2021-02-27 18-14-17.969 [main] PropertyBinder - Building property name
[DEBUG] 2021-02-27 18-14-17.969 [main] Ejb3Column - Binding column: Ejb3Column{table=org.hibernate.mapping.Table(item), mappingColumn=type, insertable=true, updatable=true, unique=false}
[DEBUG] 2021-02-27 18-14-17.969 [main] PropertyBinder - MetadataSourceProcessor property type with lazy=false
[DEBUG] 2021-02-27 18-14-17.969 [main] AbstractPropertyHolder - Attempting to locate auto-apply AttributeConverter for property [edu.matc.entity.Item:type]
[DEBUG] 2021-02-27 18-14-17.969 [main] SimpleValueBinder - building SimpleValue for type
[DEBUG] 2021-02-27 18-14-17.969 [main] PropertyBinder - Building property type
[DEBUG] 2021-02-27 18-14-17.969 [main] AnnotationBinder - Binding entity from annotated class: edu.matc.entity.User
[DEBUG] 2021-02-27 18-14-17.969 [main] Ejb3Column - Binding column: Ejb3DiscriminatorColumn{logicalColumnName'DTYPE', discriminatorTypeName='string'}
[DEBUG] 2021-02-27 18-14-17.969 [main] EntityBinder - Import with entity name User
[DEBUG] 2021-02-27 18-14-17.970 [main] EntityBinder - Bind entity edu.matc.entity.User on table user
[DEBUG] 2021-02-27 18-14-17.973 [main] Ejb3Column - Binding column: Ejb3Column{table=org.hibernate.mapping.Table(user), mappingColumn=id, insertable=true, updatable=true, unique=false}
[DEBUG] 2021-02-27 18-14-17.973 [main] PropertyBinder - MetadataSourceProcessor property id with lazy=false
[DEBUG] 2021-02-27 18-14-17.973 [main] AbstractPropertyHolder - Attempting to locate auto-apply AttributeConverter for property [edu.matc.entity.User:id]
[DEBUG] 2021-02-27 18-14-17.973 [main] SimpleValueBinder - building SimpleValue for id
[DEBUG] 2021-02-27 18-14-17.973 [main] PropertyBinder - Building property id
[DEBUG] 2021-02-27 18-14-17.973 [main] BinderHelper - #makeIdGenerator(org.hibernate.mapping.SimpleValue([org.hibernate.mapping.Column(id)]), id, org.hibernate.id.enhanced.SequenceStyleGenerator, native, ...)
[DEBUG] 2021-02-27 18-14-17.974 [main] Ejb3Column - Binding column: Ejb3JoinColumn{logicalColumnName='null', referencedColumn='null', mappedBy='user'}
[DEBUG] 2021-02-27 18-14-17.975 [main] Ejb3Column - Binding column: Ejb3Column{table=org.hibernate.mapping.Table(user), mappingColumn=notes, insertable=true, updatable=true, unique=false}
[DEBUG] 2021-02-27 18-14-17.976 [main] Ejb3Column - Binding column: Ejb3Column{table=org.hibernate.mapping.Table(user), mappingColumn=null, insertable=true, updatable=true, unique=false}
[DEBUG] 2021-02-27 18-14-17.984 [main] Ejb3Column - Binding column: Ejb3Column{table=org.hibernate.mapping.Table(user), mappingColumn=element, insertable=true, updatable=true, unique=false}
[DEBUG] 2021-02-27 18-14-17.984 [main] Ejb3Column - Binding column: Ejb3Column{table=org.hibernate.mapping.Table(user), mappingColumn=notes_KEY, insertable=true, updatable=true, unique=false}
[DEBUG] 2021-02-27 18-14-17.985 [main] Ejb3Column - Binding column: Ejb3JoinColumn{logicalColumnName='notes_KEY', referencedColumn='null', mappedBy='null'}
[DEBUG] 2021-02-27 18-14-17.986 [main] Ejb3Column - Binding column: Ejb3JoinColumn{logicalColumnName='null', referencedColumn='null', mappedBy='user'}
[DEBUG] 2021-02-27 18-14-17.986 [main] Ejb3Column - Binding column: Ejb3JoinColumn{logicalColumnName='null', referencedColumn='null', mappedBy='user'}
[DEBUG] 2021-02-27 18-14-17.987 [main] CollectionBinder - Collection role: edu.matc.entity.User.notes
[DEBUG] 2021-02-27 18-14-17.989 [main] PropertyBinder - Building property notes
[DEBUG] 2021-02-27 18-14-17.989 [main] Ejb3Column - Binding column: Ejb3Column{table=org.hibernate.mapping.Table(user), mappingColumn=password, insertable=true, updatable=true, unique=false}
[DEBUG] 2021-02-27 18-14-17.989 [main] PropertyBinder - MetadataSourceProcessor property password with lazy=false
[DEBUG] 2021-02-27 18-14-17.989 [main] AbstractPropertyHolder - Attempting to locate auto-apply AttributeConverter for property [edu.matc.entity.User:password]
[DEBUG] 2021-02-27 18-14-17.989 [main] SimpleValueBinder - building SimpleValue for password
[DEBUG] 2021-02-27 18-14-17.989 [main] PropertyBinder - Building property password
[DEBUG] 2021-02-27 18-14-17.989 [main] Ejb3Column - Binding column: Ejb3Column{table=org.hibernate.mapping.Table(user), mappingColumn=username, insertable=true, updatable=true, unique=false}
[DEBUG] 2021-02-27 18-14-17.989 [main] PropertyBinder - MetadataSourceProcessor property username with lazy=false
[DEBUG] 2021-02-27 18-14-17.989 [main] AbstractPropertyHolder - Attempting to locate auto-apply AttributeConverter for property [edu.matc.entity.User:username]
[DEBUG] 2021-02-27 18-14-17.990 [main] SimpleValueBinder - building SimpleValue for username
[DEBUG] 2021-02-27 18-14-17.990 [main] PropertyBinder - Building property username
[DEBUG] 2021-02-27 18-14-17.990 [main] AnnotationBinder - Binding entity from annotated class: edu.matc.entity.Note
[DEBUG] 2021-02-27 18-14-17.990 [main] Ejb3Column - Binding column: Ejb3DiscriminatorColumn{logicalColumnName'DTYPE', discriminatorTypeName='string'}
[DEBUG] 2021-02-27 18-14-17.990 [main] EntityBinder - Import with entity name Note
[DEBUG] 2021-02-27 18-14-17.990 [main] EntityBinder - Bind entity edu.matc.entity.Note on table notes
[DEBUG] 2021-02-27 18-14-17.991 [main] Ejb3Column - Binding column: Ejb3Column{table=org.hibernate.mapping.Table(notes), mappingColumn=id, insertable=true, updatable=true, unique=false}
[DEBUG] 2021-02-27 18-14-17.991 [main] PropertyBinder - MetadataSourceProcessor property id with lazy=false
[DEBUG] 2021-02-27 18-14-17.991 [main] AbstractPropertyHolder - Attempting to locate auto-apply AttributeConverter for property [edu.matc.entity.Note:id]
[DEBUG] 2021-02-27 18-14-17.991 [main] SimpleValueBinder - building SimpleValue for id
[DEBUG] 2021-02-27 18-14-17.992 [main] PropertyBinder - Building property id
[DEBUG] 2021-02-27 18-14-17.992 [main] BinderHelper - #makeIdGenerator(org.hibernate.mapping.SimpleValue([org.hibernate.mapping.Column(id)]), id, org.hibernate.id.enhanced.SequenceStyleGenerator, native, ...)
[DEBUG] 2021-02-27 18-14-17.992 [main] Ejb3Column - Binding column: Ejb3Column{table=org.hibernate.mapping.Table(notes), mappingColumn=item, insertable=true, updatable=true, unique=false}
[DEBUG] 2021-02-27 18-14-17.992 [main] PropertyBinder - MetadataSourceProcessor property item with lazy=false
[DEBUG] 2021-02-27 18-14-17.992 [main] AbstractPropertyHolder - Attempting to locate auto-apply AttributeConverter for property [edu.matc.entity.Note:item]
[DEBUG] 2021-02-27 18-14-17.992 [main] SimpleValueBinder - building SimpleValue for item
[DEBUG] 2021-02-27 18-14-17.992 [main] PropertyBinder - Building property item
[DEBUG] 2021-02-27 18-14-17.992 [main] Ejb3Column - Binding column: Ejb3Column{table=org.hibernate.mapping.Table(notes), mappingColumn=noteContent, insertable=true, updatable=true, unique=false}
[DEBUG] 2021-02-27 18-14-17.992 [main] PropertyBinder - MetadataSourceProcessor property noteContent with lazy=false
[DEBUG] 2021-02-27 18-14-17.992 [main] AbstractPropertyHolder - Attempting to locate auto-apply AttributeConverter for property [edu.matc.entity.Note:noteContent]
[DEBUG] 2021-02-27 18-14-17.992 [main] SimpleValueBinder - building SimpleValue for noteContent
[DEBUG] 2021-02-27 18-14-17.992 [main] PropertyBinder - Building property noteContent
[DEBUG] 2021-02-27 18-14-17.993 [main] Ejb3Column - Binding column: Ejb3JoinColumn{logicalColumnName='null', referencedColumn='null', mappedBy='null'}
[DEBUG] 2021-02-27 18-14-17.993 [main] Ejb3Column - Binding column: Ejb3Column{table=org.hibernate.mapping.Table(notes), mappingColumn=user, insertable=true, updatable=true, unique=false}
[DEBUG] 2021-02-27 18-14-17.994 [main] PropertyBinder - Building property user
[DEBUG] 2021-02-27 18-14-17.995 [main] SimpleValueBinder - Starting fillSimpleValue for id
[DEBUG] 2021-02-27 18-14-17.996 [main] SimpleValueBinder - Starting fillSimpleValue for itemId
[DEBUG] 2021-02-27 18-14-17.996 [main] SimpleValueBinder - Starting fillSimpleValue for userId
[DEBUG] 2021-02-27 18-14-17.996 [main] SimpleValueBinder - Starting fillSimpleValue for id
[DEBUG] 2021-02-27 18-14-17.996 [main] SimpleValueBinder - Starting fillSimpleValue for name
[DEBUG] 2021-02-27 18-14-17.996 [main] SimpleValueBinder - Starting fillSimpleValue for type
[DEBUG] 2021-02-27 18-14-17.996 [main] SimpleValueBinder - Starting fillSimpleValue for id
[DEBUG] 2021-02-27 18-14-17.996 [main] SimpleValueBinder - Starting fillSimpleValue for password
[DEBUG] 2021-02-27 18-14-17.996 [main] SimpleValueBinder - Starting fillSimpleValue for username
[DEBUG] 2021-02-27 18-14-17.996 [main] SimpleValueBinder - Starting fillSimpleValue for id
[DEBUG] 2021-02-27 18-14-17.996 [main] SimpleValueBinder - Starting fillSimpleValue for item
[DEBUG] 2021-02-27 18-14-17.996 [main] SimpleValueBinder - Starting fillSimpleValue for noteContent
[DEBUG] 2021-02-27 18-14-18.000 [main] PrimaryKey - Forcing column [id] to be non-null as it is part of the primary key for table [user_favorites]
[DEBUG] 2021-02-27 18-14-18.000 [main] PrimaryKey - Forcing column [id] to be non-null as it is part of the primary key for table [item]
[DEBUG] 2021-02-27 18-14-18.000 [main] PrimaryKey - Forcing column [id] to be non-null as it is part of the primary key for table [user]
[DEBUG] 2021-02-27 18-14-18.000 [main] PrimaryKey - Forcing column [id] to be non-null as it is part of the primary key for table [notes]
[DEBUG] 2021-02-27 18-14-18.000 [main] CollectionSecondPass - Second pass for collection: edu.matc.entity.User.notes
[DEBUG] 2021-02-27 18-14-18.001 [main] CollectionBinder - Binding a OneToMany: edu.matc.entity.User.notes through a foreign key
[DEBUG] 2021-02-27 18-14-18.002 [main] CollectionBinder - Mapping collection: edu.matc.entity.User.notes -> notes
[DEBUG] 2021-02-27 18-14-18.002 [main] TableBinder - Retrieving property edu.matc.entity.Note.user
[DEBUG] 2021-02-27 18-14-18.003 [main] CollectionSecondPass - Mapped collection key: user_id, one-to-many: edu.matc.entity.Note
[DEBUG] 2021-02-27 18-14-18.003 [main] InFlightMetadataCollectorImpl - Resolving reference to class: edu.matc.entity.User
[DEBUG] 2021-02-27 18-14-18.006 [main] InFlightMetadataCollectorImpl - Resolving reference to class: edu.matc.entity.User
[DEBUG] 2021-02-27 18-14-18.034 [main] SessionFactoryImpl - Building session factory
[DEBUG] 2021-02-27 18-14-18.035 [main] Settings - SessionFactory name : null
[DEBUG] 2021-02-27 18-14-18.035 [main] Settings - Automatic flush during beforeCompletion(): enabled
[DEBUG] 2021-02-27 18-14-18.035 [main] Settings - Automatic session close at end of transaction: disabled
[DEBUG] 2021-02-27 18-14-18.035 [main] Settings - Statistics: disabled
[DEBUG] 2021-02-27 18-14-18.035 [main] Settings - Deleted entity synthetic identifier rollback: disabled
[DEBUG] 2021-02-27 18-14-18.035 [main] Settings - Default entity-mode: pojo
[DEBUG] 2021-02-27 18-14-18.035 [main] Settings - Check Nullability in Core (should be disabled when Bean Validation is on): enabled
[DEBUG] 2021-02-27 18-14-18.035 [main] Settings - Allow initialization of lazy state outside session : disabled
[DEBUG] 2021-02-27 18-14-18.035 [main] Settings - Using BatchFetchStyle : LEGACY
[DEBUG] 2021-02-27 18-14-18.035 [main] Settings - Default batch fetch size: -1
[DEBUG] 2021-02-27 18-14-18.035 [main] Settings - Maximum outer join fetch depth: 2
[DEBUG] 2021-02-27 18-14-18.035 [main] Settings - Default null ordering: NONE
[DEBUG] 2021-02-27 18-14-18.035 [main] Settings - Order SQL updates by primary key: disabled
[DEBUG] 2021-02-27 18-14-18.036 [main] Settings - Order SQL inserts for batching: disabled
[DEBUG] 2021-02-27 18-14-18.036 [main] Settings - multi-tenancy strategy : NONE
[DEBUG] 2021-02-27 18-14-18.036 [main] Settings - JTA Track by Thread: enabled
[DEBUG] 2021-02-27 18-14-18.036 [main] Settings - Query language substitutions: {}
[DEBUG] 2021-02-27 18-14-18.036 [main] Settings - Named query checking : enabled
[DEBUG] 2021-02-27 18-14-18.036 [main] Settings - Second-level cache: disabled
[DEBUG] 2021-02-27 18-14-18.036 [main] Settings - Second-level query cache: disabled
[DEBUG] 2021-02-27 18-14-18.036 [main] Settings - Second-level query cache factory: null
[DEBUG] 2021-02-27 18-14-18.036 [main] Settings - Second-level cache region prefix: null
[DEBUG] 2021-02-27 18-14-18.036 [main] Settings - Optimize second-level cache for minimal puts: disabled
[DEBUG] 2021-02-27 18-14-18.036 [main] Settings - Structured second-level cache entries: disabled
[DEBUG] 2021-02-27 18-14-18.036 [main] Settings - Second-level cache direct-reference entries: disabled
[DEBUG] 2021-02-27 18-14-18.036 [main] Settings - Automatic eviction of collection cache: disabled
[DEBUG] 2021-02-27 18-14-18.036 [main] Settings - JDBC batch size: 15
[DEBUG] 2021-02-27 18-14-18.036 [main] Settings - JDBC batch updates for versioned data: enabled
[DEBUG] 2021-02-27 18-14-18.036 [main] Settings - Scrollable result sets: enabled
[DEBUG] 2021-02-27 18-14-18.036 [main] Settings - Wrap result sets: disabled
[DEBUG] 2021-02-27 18-14-18.036 [main] Settings - JDBC3 getGeneratedKeys(): enabled
[DEBUG] 2021-02-27 18-14-18.036 [main] Settings - JDBC result set fetch size: null
[DEBUG] 2021-02-27 18-14-18.036 [main] Settings - Connection release mode: AFTER_TRANSACTION
[DEBUG] 2021-02-27 18-14-18.036 [main] Settings - Generate SQL with comments: disabled
[DEBUG] 2021-02-27 18-14-18.036 [main] Settings - JPA compliance - query : 
[DEBUG] 2021-02-27 18-14-18.036 [main] Settings - JPA compliance - closed-handling : 
[DEBUG] 2021-02-27 18-14-18.036 [main] Settings - JPA compliance - lists : 
[DEBUG] 2021-02-27 18-14-18.036 [main] Settings - JPA compliance - transactions : 
[INFO ] 2021-02-27 18-14-18.084 [main] beans - HHH10005002: No explicit CDI BeanManager reference was passed to Hibernate, but CDI is available on the Hibernate ClassLoader.
[DEBUG] 2021-02-27 18-14-18.101 [main] SessionFactoryImpl - Session factory constructed with filter configurations : {}
[DEBUG] 2021-02-27 18-14-18.101 [main] SessionFactoryImpl - Instantiating session factory with properties: {sun.desktop=windows, awt.toolkit=sun.awt.windows.WToolkit, java.specification.version=11, sun.cpu.isalist=amd64, hibernate.c3p0.idle_test_period=3000, sun.jnu.encoding=Cp1252, hibernate.c3p0.min_size=5, java.class.path=C:\Program Files\JetBrains\IntelliJ IDEA 2020.3.2\lib\idea_rt.jar;C:\Program Files\JetBrains\IntelliJ IDEA 2020.3.2\plugins\junit\lib\junit5-rt.jar;C:\Program Files\JetBrains\IntelliJ IDEA 2020.3.2\plugins\junit\lib\junit-rt.jar;C:\Users\fishe\Desktop\EnterpriseRepos\stardewValleyAssistant\target\test-classes;C:\Users\fishe\Desktop\EnterpriseRepos\stardewValleyAssistant\target\classes;C:\Users\fishe\.m2\repository\org\junit\platform\junit-platform-runner\1.0.0\junit-platform-runner-1.0.0.jar;C:\Users\fishe\.m2\repository\org\apiguardian\apiguardian-api\1.0.0\apiguardian-api-1.0.0.jar;C:\Users\fishe\.m2\repository\org\junit\platform\junit-platform-launcher\1.0.0\junit-platform-launcher-1.0.0.jar;C:\Users\fishe\.m2\repository\org\junit\platform\junit-platform-suite-api\1.0.0\junit-platform-suite-api-1.0.0.jar;C:\Users\fishe\.m2\repository\org\junit\platform\junit-platform-commons\1.0.0\junit-platform-commons-1.0.0.jar;C:\Users\fishe\.m2\repository\org\junit\vintage\junit-vintage-engine\4.12.0\junit-vintage-engine-4.12.0.jar;C:\Users\fishe\.m2\repository\org\junit\platform\junit-platform-engine\1.0.0\junit-platform-engine-1.0.0.jar;C:\Users\fishe\.m2\repository\org\opentest4j\opentest4j\1.0.0\opentest4j-1.0.0.jar;C:\Users\fishe\.m2\repository\org\junit\jupiter\junit-jupiter-engine\5.0.0\junit-jupiter-engine-5.0.0.jar;C:\Users\fishe\.m2\repository\org\junit\jupiter\junit-jupiter-api\5.0.0\junit-jupiter-api-5.0.0.jar;C:\Users\fishe\.m2\repository\junit\junit\4.12\junit-4.12.jar;C:\Users\fishe\.m2\repository\org\hamcrest\hamcrest-core\1.3\hamcrest-core-1.3.jar;C:\Users\fishe\.m2\repository\org\junit\jupiter\junit-jupiter\5.8.0-M1\junit-jupiter-5.8.0-M1.jar;C:\Users\fishe\.m2\repository\org\junit\jupiter\junit-jupiter-params\5.8.0-M1\junit-jupiter-params-5.8.0-M1.jar;C:\Users\fishe\.m2\repository\javax\javaee-web-api\7.0\javaee-web-api-7.0.jar;C:\Users\fishe\.m2\repository\mysql\mysql-connector-java\8.0.16\mysql-connector-java-8.0.16.jar;C:\Users\fishe\.m2\repository\com\google\protobuf\protobuf-java\3.6.1\protobuf-java-3.6.1.jar;C:\Users\fishe\.m2\repository\jstl\jstl\1.2\jstl-1.2.jar;C:\Users\fishe\.m2\repository\org\apache\logging\log4j\log4j-api\2.10.0\log4j-api-2.10.0.jar;C:\Users\fishe\.m2\repository\org\apache\logging\log4j\log4j-core\2.10.0\log4j-core-2.10.0.jar;C:\Users\fishe\.m2\repository\org\hibernate\hibernate-core\5.4.4.Final\hibernate-core-5.4.4.Final.jar;C:\Users\fishe\.m2\repository\org\jboss\logging\jboss-logging\3.3.2.Final\jboss-logging-3.3.2.Final.jar;C:\Users\fishe\.m2\repository\javax\persistence\javax.persistence-api\2.2\javax.persistence-api-2.2.jar;C:\Users\fishe\.m2\repository\org\javassist\javassist\3.24.0-GA\javassist-3.24.0-GA.jar;C:\Users\fishe\.m2\repository\net\bytebuddy\byte-buddy\1.9.11\byte-buddy-1.9.11.jar;C:\Users\fishe\.m2\repository\antlr\antlr\2.7.7\antlr-2.7.7.jar;C:\Users\fishe\.m2\repository\org\jboss\spec\javax\transaction\jboss-transaction-api_1.2_spec\1.1.1.Final\jboss-transaction-api_1.2_spec-1.1.1.Final.jar;C:\Users\fishe\.m2\repository\org\jboss\jandex\2.0.5.Final\jandex-2.0.5.Final.jar;C:\Users\fishe\.m2\repository\com\fasterxml\classmate\1.3.4\classmate-1.3.4.jar;C:\Users\fishe\.m2\repository\javax\activation\javax.activation-api\1.2.0\javax.activation-api-1.2.0.jar;C:\Users\fishe\.m2\repository\org\dom4j\dom4j\2.1.1\dom4j-2.1.1.jar;C:\Users\fishe\.m2\repository\org\hibernate\common\hibernate-commons-annotations\5.1.0.Final\hibernate-commons-annotations-5.1.0.Final.jar;C:\Users\fishe\.m2\repository\javax\xml\bind\jaxb-api\2.3.1\jaxb-api-2.3.1.jar;C:\Users\fishe\.m2\repository\org\glassfish\jaxb\jaxb-runtime\2.3.1\jaxb-runtime-2.3.1.jar;C:\Users\fishe\.m2\repository\org\glassfish\jaxb\txw2\2.3.1\txw2-2.3.1.jar;C:\Users\fishe\.m2\repository\com\sun\istack\istack-commons-runtime\3.0.7\istack-commons-runtime-3.0.7.jar;C:\Users\fishe\.m2\repository\org\jvnet\staxex\stax-ex\1.8\stax-ex-1.8.jar;C:\Users\fishe\.m2\repository\com\sun\xml\fastinfoset\FastInfoset\1.2.15\FastInfoset-1.2.15.jar;C:\Users\fishe\.m2\repository\org\hibernate\hibernate-c3p0\5.4.4.Final\hibernate-c3p0-5.4.4.Final.jar;C:\Users\fishe\.m2\repository\com\mchange\c3p0\0.9.5.3\c3p0-0.9.5.3.jar;C:\Users\fishe\.m2\repository\com\mchange\mchange-commons-java\0.2.15\mchange-commons-java-0.2.15.jar;C:\Users\fishe\.m2\repository\org\projectlombok\lombok\1.18.18\lombok-1.18.18.jar, java.vm.vendor=Oracle Corporation, sun.arch.data.model=64, idea.test.cyclic.buffer.size=1048576, user.variant=, java.vendor.url=https://openjdk.java.net/, user.timezone=America/Chicago, os.name=Windows 10, java.vm.specification.version=11, sun.java.launcher=SUN_STANDARD, user.country=US, sun.boot.library.path=C:\Program Files\Java\jdk-11.0.10\bin, sun.java.command=com.intellij.rt.junit.JUnitStarter -ideVersion5 -junit5 edu.matc.persistence.ItemDaoTest, jdk.debug=release, sun.cpu.endian=little, user.home=C:\Users\fishe, hibernate.c3p0.max_statements=50, user.language=en, java.specification.vendor=Oracle Corporation, java.version.date=2021-01-19, java.home=C:\Program Files\Java\jdk-11.0.10, file.separator=\, java.vm.compressedOopsMode=Zero based, line.separator=
, hibernate.c3p0.timeout=300, java.specification.name=Java Platform API Specification, java.vm.specification.vendor=Oracle Corporation, java.awt.graphicsenv=sun.awt.Win32GraphicsEnvironment, user.script=, connection.password=709dearholt, sun.management.compiler=HotSpot 64-Bit Tiered Compilers, hibernate.c3p0.max_size=20, java.runtime.version=11.0.10+8-LTS-162, user.name=jordyn, path.separator=;, hibernate.connection.username=****, os.version=10.0, java.runtime.name=Java(TM) SE Runtime Environment, hibernate.connection.url=jdbc:mysql://localhost:3306/test_stardew_assistant, file.encoding=UTF-8, java.vm.name=Java HotSpot(TM) 64-Bit Server VM, java.vendor.version=18.9, hibernate.connection.driver_class=com.mysql.cj.jdbc.Driver, java.vendor.url.bug=https://bugreport.java.com/bugreport/, java.io.tmpdir=C:\Users\fishe\AppData\Local\Temp\, java.version=11.0.10, user.dir=C:\Users\fishe\Desktop\EnterpriseRepos\stardewValleyAssistant, os.arch=amd64, connection.username=root, java.vm.specification.name=Java Virtual Machine Specification, java.awt.printerjob=sun.awt.windows.WPrinterJob, hibernate.connection.password=****, sun.os.patch.level=, connection.driver_class=com.mysql.cj.jdbc.Driver, hibernate.boot.CfgXmlAccessService.key=org.hibernate.boot.cfgxml.spi.LoadedConfig@196624bf, java.library.path=C:\Program Files\Java\jdk-11.0.10\bin;C:\WINDOWS\Sun\Java\bin;C:\WINDOWS\system32;C:\WINDOWS;C:\Program Files\Common Files\Oracle\Java\javapath;C:\Program Files (x86)\Common Files\Oracle\Java\javapath;C:\Program Files (x86)\Razer\ChromaBroadcast\bin;C:\Program Files\Razer\ChromaBroadcast\bin;C:\Program Files (x86)\Razer Chroma SDK\bin;C:\Program Files\Razer Chroma SDK\bin;C:\Windows\system32;C:\Windows;C:\Windows\System32\Wbem;C:\Windows\System32\WindowsPowerShell\v1.0\;C:\Windows\System32\OpenSSH\;C:\Users\fishe\AppData\Local\Microsoft\WindowsApps;C:\Users\fishe\AppData\Local\atom\bin;C:\Program Files\Java\jdk1.8.0_241\bin;C:\WINDOWS\system32;C:\WINDOWS;C:\WINDOWS\System32\Wbem;C:\WINDOWS\System32\WindowsPowerShell\v1.0\;C:\WINDOWS\System32\OpenSSH\;C:\xampp\php;C:\ProgramData\ComposerSetup\bin;C:\Program Files\Git\cmd;C:\Users\fishe\AppData\Local\Programs\Python\Python38-32\Scripts\;C:\Users\fishe\AppData\Local\Programs\Python\Python38-32\;C:\Users\fishe\AppData\Local\Microsoft\WindowsApps;C:\Users\fishe\AppData\Local\atom\bin;C:\Users\fishe\AppData\Local\Programs\Microsoft VS Code\bin;C:\Users\fishe\AppData\Local\Microsoft\WindowsApps;C:\Users\fishe\AppData\Roaming\Composer\vendor\bin;C:\Users\fishe\AppData\Local\GitHubDesktop\bin;., java.vendor=Oracle Corporation, java.vm.info=mixed mode, java.vm.version=11.0.10+8-LTS-162, hibernate.bytecode.use_reflection_optimizer=false, sun.io.unicode.encoding=UnicodeLittle, connection.url=jdbc:mysql://localhost:3306/test_stardew_assistant, java.class.version=55.0}
[DEBUG] 2021-02-27 18-14-18.117 [main] TypeSafeActivator - Unable to acquire Bean Validation ValidatorFactory, skipping activation
[DEBUG] 2021-02-27 18-14-18.117 [main] JaccIntegrator - Skipping JACC integration as it was not enabled
[DEBUG] 2021-02-27 18-14-18.118 [main] SessionFactoryImpl - Instantiated session factory
[DEBUG] 2021-02-27 18-14-18.118 [main] TypeConfiguration$Scope - Scoping TypeConfiguration [org.hibernate.type.spi.TypeConfiguration@7668892a] to SessionFactoryImpl [org.hibernate.internal.SessionFactoryImpl@31acfd4e]
[DEBUG] 2021-02-27 18-14-18.162 [main] ClassLoaderAccessImpl - Not known whether passed class name [edu.matc.entity.User] is safe
[DEBUG] 2021-02-27 18-14-18.162 [main] ClassLoaderAccessImpl - No temp ClassLoader provided; using live ClassLoader for loading potentially unsafe class : edu.matc.entity.User
[DEBUG] 2021-02-27 18-14-18.179 [main] ClassLoaderAccessImpl - Not known whether passed class name [edu.matc.entity.User] is safe
[DEBUG] 2021-02-27 18-14-18.179 [main] ClassLoaderAccessImpl - No temp ClassLoader provided; using live ClassLoader for loading potentially unsafe class : edu.matc.entity.User
[DEBUG] 2021-02-27 18-14-18.372 [main] ClassLoaderAccessImpl - Not known whether passed class name [edu.matc.entity.Item] is safe
[DEBUG] 2021-02-27 18-14-18.372 [main] ClassLoaderAccessImpl - No temp ClassLoader provided; using live ClassLoader for loading potentially unsafe class : edu.matc.entity.Item
[DEBUG] 2021-02-27 18-14-18.372 [main] ClassLoaderAccessImpl - Not known whether passed class name [edu.matc.entity.Item] is safe
[DEBUG] 2021-02-27 18-14-18.372 [main] ClassLoaderAccessImpl - No temp ClassLoader provided; using live ClassLoader for loading potentially unsafe class : edu.matc.entity.Item
[DEBUG] 2021-02-27 18-14-18.384 [main] ClassLoaderAccessImpl - Not known whether passed class name [edu.matc.entity.Note] is safe
[DEBUG] 2021-02-27 18-14-18.384 [main] ClassLoaderAccessImpl - No temp ClassLoader provided; using live ClassLoader for loading potentially unsafe class : edu.matc.entity.Note
[DEBUG] 2021-02-27 18-14-18.384 [main] ClassLoaderAccessImpl - Not known whether passed class name [edu.matc.entity.Note] is safe
[DEBUG] 2021-02-27 18-14-18.384 [main] ClassLoaderAccessImpl - No temp ClassLoader provided; using live ClassLoader for loading potentially unsafe class : edu.matc.entity.Note
[DEBUG] 2021-02-27 18-14-18.396 [main] ClassLoaderAccessImpl - Not known whether passed class name [edu.matc.entity.Favorite] is safe
[DEBUG] 2021-02-27 18-14-18.396 [main] ClassLoaderAccessImpl - No temp ClassLoader provided; using live ClassLoader for loading potentially unsafe class : edu.matc.entity.Favorite
[DEBUG] 2021-02-27 18-14-18.397 [main] ClassLoaderAccessImpl - Not known whether passed class name [edu.matc.entity.Favorite] is safe
[DEBUG] 2021-02-27 18-14-18.397 [main] ClassLoaderAccessImpl - No temp ClassLoader provided; using live ClassLoader for loading potentially unsafe class : edu.matc.entity.Favorite
[DEBUG] 2021-02-27 18-14-18.413 [main] AbstractCollectionPersister - Static SQL for collection: edu.matc.entity.User.notes
[DEBUG] 2021-02-27 18-14-18.413 [main] AbstractCollectionPersister -  Row insert: update notes set user_id=? where id=?
[DEBUG] 2021-02-27 18-14-18.413 [main] AbstractCollectionPersister -  Row update: update notes set  where id=?
[DEBUG] 2021-02-27 18-14-18.413 [main] AbstractCollectionPersister -  Row delete: update notes set user_id=null where user_id=? and id=?
[DEBUG] 2021-02-27 18-14-18.414 [main] AbstractCollectionPersister -  One-shot delete: update notes set user_id=null where user_id=?
[DEBUG] 2021-02-27 18-14-18.417 [main] AbstractEntityPersister - Static SQL for entity: edu.matc.entity.User
[DEBUG] 2021-02-27 18-14-18.417 [main] AbstractEntityPersister -  Version select: select id from user where id =?
[DEBUG] 2021-02-27 18-14-18.417 [main] AbstractEntityPersister -  Snapshot select: select user_.id, user_.password as password2_2_, user_.username as username3_2_ from user user_ where user_.id=?
[DEBUG] 2021-02-27 18-14-18.417 [main] AbstractEntityPersister -  Insert 0: insert into user (password, username, id) values (?, ?, ?)
[DEBUG] 2021-02-27 18-14-18.417 [main] AbstractEntityPersister -  Update 0: update user set password=?, username=? where id=?
[DEBUG] 2021-02-27 18-14-18.417 [main] AbstractEntityPersister -  Delete 0: delete from user where id=?
[DEBUG] 2021-02-27 18-14-18.417 [main] AbstractEntityPersister -  Identity insert: insert into user (password, username) values (?, ?)
[DEBUG] 2021-02-27 18-14-18.440 [main] QuerySpacesImpl - Adding QuerySpace : uid = <gen:0> -> org.hibernate.loader.plan.build.internal.spaces.EntityQuerySpaceImpl@5db0003d]
[DEBUG] 2021-02-27 18-14-18.441 [main] MetamodelGraphWalker - Visiting attribute path : notes
[DEBUG] 2021-02-27 18-14-18.445 [main] QuerySpacesImpl - Adding QuerySpace : uid = <gen:1> -> org.hibernate.loader.plan.build.internal.spaces.CollectionQuerySpaceImpl@14b8a751]
[DEBUG] 2021-02-27 18-14-18.447 [main] QuerySpacesImpl - Adding QuerySpace : uid = <gen:2> -> org.hibernate.loader.plan.build.internal.spaces.EntityQuerySpaceImpl@72b2c5ed]
[DEBUG] 2021-02-27 18-14-18.448 [main] MetamodelGraphWalker - Visiting attribute path : notes.item
[DEBUG] 2021-02-27 18-14-18.448 [main] MetamodelGraphWalker - Visiting attribute path : notes.noteContent
[DEBUG] 2021-02-27 18-14-18.448 [main] MetamodelGraphWalker - Visiting attribute path : notes.user
[DEBUG] 2021-02-27 18-14-18.448 [main] MetamodelGraphWalker - Property path deemed to be circular : notes.user
[DEBUG] 2021-02-27 18-14-18.449 [main] MetamodelGraphWalker - Visiting attribute path : password
[DEBUG] 2021-02-27 18-14-18.449 [main] MetamodelGraphWalker - Visiting attribute path : username
[DEBUG] 2021-02-27 18-14-18.449 [main] FetchStyleLoadPlanBuildingAssociationVisitationStrategy - Building LoadPlan...
[DEBUG] 2021-02-27 18-14-18.460 [main] LoadQueryJoinAndFetchProcessor - processing queryspace <gen:0>
[DEBUG] 2021-02-27 18-14-18.465 [main] LoadPlanTreePrinter - LoadPlan(entity=edu.matc.entity.User)
    - Returns
       - EntityReturnImpl(entity=edu.matc.entity.User, querySpaceUid=<gen:0>, path=edu.matc.entity.User)
          - CollectionAttributeFetchImpl(collection=edu.matc.entity.User.notes, querySpaceUid=<gen:1>, path=edu.matc.entity.User.notes)
             - (collection element) CollectionFetchableElementEntityGraph(entity=edu.matc.entity.Note, querySpaceUid=<gen:2>, path=edu.matc.entity.User.notes.<elements>)
    - QuerySpaces
       - EntityQuerySpaceImpl(uid=<gen:0>, entity=edu.matc.entity.User)
          - SQL table alias mapping - user0_
          - alias suffix - 0_
          - suffixed key columns - {id1_2_0_}
          - JOIN (JoinDefinedByMetadata(notes)) : <gen:0> -> <gen:1>
             - CollectionQuerySpaceImpl(uid=<gen:1>, collection=edu.matc.entity.User.notes)
                - SQL table alias mapping - notes1_
                - alias suffix - 1_
                - suffixed key columns - {user_id4_1_1_}
                - entity-element alias suffix - 2_
                - 2_entity-element suffixed key columns - id1_1_2_
                - JOIN (JoinDefinedByMetadata(elements)) : <gen:1> -> <gen:2>
                   - EntityQuerySpaceImpl(uid=<gen:2>, entity=edu.matc.entity.Note)
                      - SQL table alias mapping - notes1_
                      - alias suffix - 2_
                      - suffixed key columns - {id1_1_2_}

[DEBUG] 2021-02-27 18-14-18.467 [main] EntityLoader - Static select for entity edu.matc.entity.User [NONE]: select user0_.id as id1_2_0_, user0_.password as password2_2_0_, user0_.username as username3_2_0_, notes1_.user_id as user_id4_1_1_, notes1_.id as id1_1_1_, notes1_.id as id1_1_2_, notes1_.item as item2_1_2_, notes1_.noteContent as noteCont3_1_2_, notes1_.user_id as user_id4_1_2_ from user user0_ left outer join notes notes1_ on user0_.id=notes1_.user_id where user0_.id=?
[DEBUG] 2021-02-27 18-14-18.467 [main] QuerySpacesImpl - Adding QuerySpace : uid = <gen:0> -> org.hibernate.loader.plan.build.internal.spaces.EntityQuerySpaceImpl@3181d4de]
[DEBUG] 2021-02-27 18-14-18.467 [main] MetamodelGraphWalker - Visiting attribute path : notes
[DEBUG] 2021-02-27 18-14-18.468 [main] QuerySpacesImpl - Adding QuerySpace : uid = <gen:1> -> org.hibernate.loader.plan.build.internal.spaces.CollectionQuerySpaceImpl@639c7f9c]
[DEBUG] 2021-02-27 18-14-18.468 [main] QuerySpacesImpl - Adding QuerySpace : uid = <gen:2> -> org.hibernate.loader.plan.build.internal.spaces.EntityQuerySpaceImpl@270d5060]
[DEBUG] 2021-02-27 18-14-18.468 [main] MetamodelGraphWalker - Visiting attribute path : notes.item
[DEBUG] 2021-02-27 18-14-18.468 [main] MetamodelGraphWalker - Visiting attribute path : notes.noteContent
[DEBUG] 2021-02-27 18-14-18.468 [main] MetamodelGraphWalker - Visiting attribute path : notes.user
[DEBUG] 2021-02-27 18-14-18.468 [main] MetamodelGraphWalker - Property path deemed to be circular : notes.user
[DEBUG] 2021-02-27 18-14-18.468 [main] MetamodelGraphWalker - Visiting attribute path : password
[DEBUG] 2021-02-27 18-14-18.468 [main] MetamodelGraphWalker - Visiting attribute path : username
[DEBUG] 2021-02-27 18-14-18.468 [main] FetchStyleLoadPlanBuildingAssociationVisitationStrategy - Building LoadPlan...
[DEBUG] 2021-02-27 18-14-18.468 [main] LoadQueryJoinAndFetchProcessor - processing queryspace <gen:0>
[DEBUG] 2021-02-27 18-14-18.469 [main] LoadPlanTreePrinter - LoadPlan(entity=edu.matc.entity.User)
    - Returns
       - EntityReturnImpl(entity=edu.matc.entity.User, querySpaceUid=<gen:0>, path=edu.matc.entity.User)
          - CollectionAttributeFetchImpl(collection=edu.matc.entity.User.notes, querySpaceUid=<gen:1>, path=edu.matc.entity.User.notes)
             - (collection element) CollectionFetchableElementEntityGraph(entity=edu.matc.entity.Note, querySpaceUid=<gen:2>, path=edu.matc.entity.User.notes.<elements>)
    - QuerySpaces
       - EntityQuerySpaceImpl(uid=<gen:0>, entity=edu.matc.entity.User)
          - SQL table alias mapping - user0_
          - alias suffix - 0_
          - suffixed key columns - {id1_2_0_}
          - JOIN (JoinDefinedByMetadata(notes)) : <gen:0> -> <gen:1>
             - CollectionQuerySpaceImpl(uid=<gen:1>, collection=edu.matc.entity.User.notes)
                - SQL table alias mapping - notes1_
                - alias suffix - 1_
                - suffixed key columns - {user_id4_1_1_}
                - entity-element alias suffix - 2_
                - 2_entity-element suffixed key columns - id1_1_2_
                - JOIN (JoinDefinedByMetadata(elements)) : <gen:1> -> <gen:2>
                   - EntityQuerySpaceImpl(uid=<gen:2>, entity=edu.matc.entity.Note)
                      - SQL table alias mapping - notes1_
                      - alias suffix - 2_
                      - suffixed key columns - {id1_1_2_}

[DEBUG] 2021-02-27 18-14-18.469 [main] EntityLoader - Static select for entity edu.matc.entity.User [READ]: select user0_.id as id1_2_0_, user0_.password as password2_2_0_, user0_.username as username3_2_0_, notes1_.user_id as user_id4_1_1_, notes1_.id as id1_1_1_, notes1_.id as id1_1_2_, notes1_.item as item2_1_2_, notes1_.noteContent as noteCont3_1_2_, notes1_.user_id as user_id4_1_2_ from user user0_ left outer join notes notes1_ on user0_.id=notes1_.user_id where user0_.id=?
[DEBUG] 2021-02-27 18-14-18.481 [main] Loader - Static select for action ACTION_MERGE on entity edu.matc.entity.User: select user0_.id as id1_2_1_, user0_.password as password2_2_1_, user0_.username as username3_2_1_, notes1_.user_id as user_id4_1_3_, notes1_.id as id1_1_3_, notes1_.id as id1_1_0_, notes1_.item as item2_1_0_, notes1_.noteContent as noteCont3_1_0_, notes1_.user_id as user_id4_1_0_ from user user0_ left outer join notes notes1_ on user0_.id=notes1_.user_id where user0_.id=?
[DEBUG] 2021-02-27 18-14-18.481 [main] Loader - Static select for action ACTION_REFRESH on entity edu.matc.entity.User: select user0_.id as id1_2_1_, user0_.password as password2_2_1_, user0_.username as username3_2_1_, notes1_.user_id as user_id4_1_3_, notes1_.id as id1_1_3_, notes1_.id as id1_1_0_, notes1_.item as item2_1_0_, notes1_.noteContent as noteCont3_1_0_, notes1_.user_id as user_id4_1_0_ from user user0_ left outer join notes notes1_ on user0_.id=notes1_.user_id where user0_.id=?
[DEBUG] 2021-02-27 18-14-18.481 [main] AbstractEntityPersister - Static SQL for entity: edu.matc.entity.Item
[DEBUG] 2021-02-27 18-14-18.481 [main] AbstractEntityPersister -  Version select: select id from item where id =?
[DEBUG] 2021-02-27 18-14-18.481 [main] AbstractEntityPersister -  Snapshot select: select item_.id, item_.name as name2_0_, item_.type as type3_0_ from item item_ where item_.id=?
[DEBUG] 2021-02-27 18-14-18.481 [main] AbstractEntityPersister -  Insert 0: insert into item (name, type, id) values (?, ?, ?)
[DEBUG] 2021-02-27 18-14-18.482 [main] AbstractEntityPersister -  Update 0: update item set name=?, type=? where id=?
[DEBUG] 2021-02-27 18-14-18.482 [main] AbstractEntityPersister -  Delete 0: delete from item where id=?
[DEBUG] 2021-02-27 18-14-18.482 [main] AbstractEntityPersister -  Identity insert: insert into item (name, type) values (?, ?)
[DEBUG] 2021-02-27 18-14-18.482 [main] QuerySpacesImpl - Adding QuerySpace : uid = <gen:0> -> org.hibernate.loader.plan.build.internal.spaces.EntityQuerySpaceImpl@216f01]
[DEBUG] 2021-02-27 18-14-18.482 [main] MetamodelGraphWalker - Visiting attribute path : name
[DEBUG] 2021-02-27 18-14-18.482 [main] MetamodelGraphWalker - Visiting attribute path : type
[DEBUG] 2021-02-27 18-14-18.482 [main] FetchStyleLoadPlanBuildingAssociationVisitationStrategy - Building LoadPlan...
[DEBUG] 2021-02-27 18-14-18.482 [main] LoadQueryJoinAndFetchProcessor - processing queryspace <gen:0>
[DEBUG] 2021-02-27 18-14-18.482 [main] LoadPlanTreePrinter - LoadPlan(entity=edu.matc.entity.Item)
    - Returns
       - EntityReturnImpl(entity=edu.matc.entity.Item, querySpaceUid=<gen:0>, path=edu.matc.entity.Item)
    - QuerySpaces
       - EntityQuerySpaceImpl(uid=<gen:0>, entity=edu.matc.entity.Item)
          - SQL table alias mapping - item0_
          - alias suffix - 0_
          - suffixed key columns - {id1_0_0_}

[DEBUG] 2021-02-27 18-14-18.482 [main] EntityLoader - Static select for entity edu.matc.entity.Item [NONE]: select item0_.id as id1_0_0_, item0_.name as name2_0_0_, item0_.type as type3_0_0_ from item item0_ where item0_.id=?
[DEBUG] 2021-02-27 18-14-18.482 [main] QuerySpacesImpl - Adding QuerySpace : uid = <gen:0> -> org.hibernate.loader.plan.build.internal.spaces.EntityQuerySpaceImpl@1e721583]
[DEBUG] 2021-02-27 18-14-18.482 [main] MetamodelGraphWalker - Visiting attribute path : name
[DEBUG] 2021-02-27 18-14-18.482 [main] MetamodelGraphWalker - Visiting attribute path : type
[DEBUG] 2021-02-27 18-14-18.483 [main] FetchStyleLoadPlanBuildingAssociationVisitationStrategy - Building LoadPlan...
[DEBUG] 2021-02-27 18-14-18.483 [main] LoadQueryJoinAndFetchProcessor - processing queryspace <gen:0>
[DEBUG] 2021-02-27 18-14-18.483 [main] LoadPlanTreePrinter - LoadPlan(entity=edu.matc.entity.Item)
    - Returns
       - EntityReturnImpl(entity=edu.matc.entity.Item, querySpaceUid=<gen:0>, path=edu.matc.entity.Item)
    - QuerySpaces
       - EntityQuerySpaceImpl(uid=<gen:0>, entity=edu.matc.entity.Item)
          - SQL table alias mapping - item0_
          - alias suffix - 0_
          - suffixed key columns - {id1_0_0_}

[DEBUG] 2021-02-27 18-14-18.483 [main] EntityLoader - Static select for entity edu.matc.entity.Item [READ]: select item0_.id as id1_0_0_, item0_.name as name2_0_0_, item0_.type as type3_0_0_ from item item0_ where item0_.id=?
[DEBUG] 2021-02-27 18-14-18.483 [main] Loader - Static select for action ACTION_MERGE on entity edu.matc.entity.Item: select item0_.id as id1_0_0_, item0_.name as name2_0_0_, item0_.type as type3_0_0_ from item item0_ where item0_.id=?
[DEBUG] 2021-02-27 18-14-18.483 [main] Loader - Static select for action ACTION_REFRESH on entity edu.matc.entity.Item: select item0_.id as id1_0_0_, item0_.name as name2_0_0_, item0_.type as type3_0_0_ from item item0_ where item0_.id=?
[DEBUG] 2021-02-27 18-14-18.483 [main] AbstractEntityPersister - Static SQL for entity: edu.matc.entity.Note
[DEBUG] 2021-02-27 18-14-18.483 [main] AbstractEntityPersister -  Version select: select id from notes where id =?
[DEBUG] 2021-02-27 18-14-18.483 [main] AbstractEntityPersister -  Snapshot select: select note_.id, note_.item as item2_1_, note_.noteContent as noteCont3_1_, note_.user_id as user_id4_1_ from notes note_ where note_.id=?
[DEBUG] 2021-02-27 18-14-18.483 [main] AbstractEntityPersister -  Insert 0: insert into notes (item, noteContent, user_id, id) values (?, ?, ?, ?)
[DEBUG] 2021-02-27 18-14-18.483 [main] AbstractEntityPersister -  Update 0: update notes set item=?, noteContent=?, user_id=? where id=?
[DEBUG] 2021-02-27 18-14-18.484 [main] AbstractEntityPersister -  Delete 0: delete from notes where id=?
[DEBUG] 2021-02-27 18-14-18.484 [main] AbstractEntityPersister -  Identity insert: insert into notes (item, noteContent, user_id) values (?, ?, ?)
[DEBUG] 2021-02-27 18-14-18.484 [main] QuerySpacesImpl - Adding QuerySpace : uid = <gen:0> -> org.hibernate.loader.plan.build.internal.spaces.EntityQuerySpaceImpl@722787b5]
[DEBUG] 2021-02-27 18-14-18.484 [main] MetamodelGraphWalker - Visiting attribute path : item
[DEBUG] 2021-02-27 18-14-18.484 [main] MetamodelGraphWalker - Visiting attribute path : noteContent
[DEBUG] 2021-02-27 18-14-18.484 [main] MetamodelGraphWalker - Visiting attribute path : user
[DEBUG] 2021-02-27 18-14-18.484 [main] QuerySpacesImpl - Adding QuerySpace : uid = <gen:1> -> org.hibernate.loader.plan.build.internal.spaces.EntityQuerySpaceImpl@8b41ad]
[DEBUG] 2021-02-27 18-14-18.485 [main] MetamodelGraphWalker - Visiting attribute path : user.notes
[DEBUG] 2021-02-27 18-14-18.485 [main] MetamodelGraphWalker - Property path deemed to be circular : user.notes
[DEBUG] 2021-02-27 18-14-18.485 [main] MetamodelGraphWalker - Visiting attribute path : user.password
[DEBUG] 2021-02-27 18-14-18.485 [main] MetamodelGraphWalker - Visiting attribute path : user.username
[DEBUG] 2021-02-27 18-14-18.485 [main] FetchStyleLoadPlanBuildingAssociationVisitationStrategy - Building LoadPlan...
[DEBUG] 2021-02-27 18-14-18.485 [main] LoadQueryJoinAndFetchProcessor - processing queryspace <gen:0>
[DEBUG] 2021-02-27 18-14-18.485 [main] LoadPlanTreePrinter - LoadPlan(entity=edu.matc.entity.Note)
    - Returns
       - EntityReturnImpl(entity=edu.matc.entity.Note, querySpaceUid=<gen:0>, path=edu.matc.entity.Note)
          - EntityAttributeFetchImpl(entity=edu.matc.entity.User, querySpaceUid=<gen:1>, path=edu.matc.entity.Note.user)
    - QuerySpaces
       - EntityQuerySpaceImpl(uid=<gen:0>, entity=edu.matc.entity.Note)
          - SQL table alias mapping - note0_
          - alias suffix - 0_
          - suffixed key columns - {id1_1_0_}
          - JOIN (JoinDefinedByMetadata(user)) : <gen:0> -> <gen:1>
             - EntityQuerySpaceImpl(uid=<gen:1>, entity=edu.matc.entity.User)
                - SQL table alias mapping - user1_
                - alias suffix - 1_
                - suffixed key columns - {id1_2_1_}

[DEBUG] 2021-02-27 18-14-18.485 [main] EntityLoader - Static select for entity edu.matc.entity.Note [NONE]: select note0_.id as id1_1_0_, note0_.item as item2_1_0_, note0_.noteContent as noteCont3_1_0_, note0_.user_id as user_id4_1_0_, user1_.id as id1_2_1_, user1_.password as password2_2_1_, user1_.username as username3_2_1_ from notes note0_ left outer join user user1_ on note0_.user_id=user1_.id where note0_.id=?
[DEBUG] 2021-02-27 18-14-18.485 [main] QuerySpacesImpl - Adding QuerySpace : uid = <gen:0> -> org.hibernate.loader.plan.build.internal.spaces.EntityQuerySpaceImpl@7d401cdc]
[DEBUG] 2021-02-27 18-14-18.485 [main] MetamodelGraphWalker - Visiting attribute path : item
[DEBUG] 2021-02-27 18-14-18.485 [main] MetamodelGraphWalker - Visiting attribute path : noteContent
[DEBUG] 2021-02-27 18-14-18.485 [main] MetamodelGraphWalker - Visiting attribute path : user
[DEBUG] 2021-02-27 18-14-18.486 [main] QuerySpacesImpl - Adding QuerySpace : uid = <gen:1> -> org.hibernate.loader.plan.build.internal.spaces.EntityQuerySpaceImpl@4217bce6]
[DEBUG] 2021-02-27 18-14-18.486 [main] MetamodelGraphWalker - Visiting attribute path : user.notes
[DEBUG] 2021-02-27 18-14-18.486 [main] MetamodelGraphWalker - Property path deemed to be circular : user.notes
[DEBUG] 2021-02-27 18-14-18.486 [main] MetamodelGraphWalker - Visiting attribute path : user.password
[DEBUG] 2021-02-27 18-14-18.486 [main] MetamodelGraphWalker - Visiting attribute path : user.username
[DEBUG] 2021-02-27 18-14-18.486 [main] FetchStyleLoadPlanBuildingAssociationVisitationStrategy - Building LoadPlan...
[DEBUG] 2021-02-27 18-14-18.486 [main] LoadQueryJoinAndFetchProcessor - processing queryspace <gen:0>
[DEBUG] 2021-02-27 18-14-18.486 [main] LoadPlanTreePrinter - LoadPlan(entity=edu.matc.entity.Note)
    - Returns
       - EntityReturnImpl(entity=edu.matc.entity.Note, querySpaceUid=<gen:0>, path=edu.matc.entity.Note)
          - EntityAttributeFetchImpl(entity=edu.matc.entity.User, querySpaceUid=<gen:1>, path=edu.matc.entity.Note.user)
    - QuerySpaces
       - EntityQuerySpaceImpl(uid=<gen:0>, entity=edu.matc.entity.Note)
          - SQL table alias mapping - note0_
          - alias suffix - 0_
          - suffixed key columns - {id1_1_0_}
          - JOIN (JoinDefinedByMetadata(user)) : <gen:0> -> <gen:1>
             - EntityQuerySpaceImpl(uid=<gen:1>, entity=edu.matc.entity.User)
                - SQL table alias mapping - user1_
                - alias suffix - 1_
                - suffixed key columns - {id1_2_1_}

[DEBUG] 2021-02-27 18-14-18.486 [main] EntityLoader - Static select for entity edu.matc.entity.Note [READ]: select note0_.id as id1_1_0_, note0_.item as item2_1_0_, note0_.noteContent as noteCont3_1_0_, note0_.user_id as user_id4_1_0_, user1_.id as id1_2_1_, user1_.password as password2_2_1_, user1_.username as username3_2_1_ from notes note0_ left outer join user user1_ on note0_.user_id=user1_.id where note0_.id=?
[DEBUG] 2021-02-27 18-14-18.486 [main] Loader - Static select for action ACTION_MERGE on entity edu.matc.entity.Note: select note0_.id as id1_1_0_, note0_.item as item2_1_0_, note0_.noteContent as noteCont3_1_0_, note0_.user_id as user_id4_1_0_ from notes note0_ where note0_.id=?
[DEBUG] 2021-02-27 18-14-18.487 [main] Loader - Static select for action ACTION_REFRESH on entity edu.matc.entity.Note: select note0_.id as id1_1_0_, note0_.item as item2_1_0_, note0_.noteContent as noteCont3_1_0_, note0_.user_id as user_id4_1_0_ from notes note0_ where note0_.id=?
[DEBUG] 2021-02-27 18-14-18.487 [main] AbstractEntityPersister - Static SQL for entity: edu.matc.entity.Favorite
[DEBUG] 2021-02-27 18-14-18.487 [main] AbstractEntityPersister -  Version select: select id from user_favorites where id =?
[DEBUG] 2021-02-27 18-14-18.487 [main] AbstractEntityPersister -  Snapshot select: select favorite_.id, favorite_.itemId as itemId2_3_, favorite_.userId as userId3_3_ from user_favorites favorite_ where favorite_.id=?
[DEBUG] 2021-02-27 18-14-18.487 [main] AbstractEntityPersister -  Insert 0: insert into user_favorites (itemId, userId, id) values (?, ?, ?)
[DEBUG] 2021-02-27 18-14-18.487 [main] AbstractEntityPersister -  Update 0: update user_favorites set itemId=?, userId=? where id=?
[DEBUG] 2021-02-27 18-14-18.487 [main] AbstractEntityPersister -  Delete 0: delete from user_favorites where id=?
[DEBUG] 2021-02-27 18-14-18.487 [main] AbstractEntityPersister -  Identity insert: insert into user_favorites (itemId, userId) values (?, ?)
[DEBUG] 2021-02-27 18-14-18.487 [main] QuerySpacesImpl - Adding QuerySpace : uid = <gen:0> -> org.hibernate.loader.plan.build.internal.spaces.EntityQuerySpaceImpl@77fc19cf]
[DEBUG] 2021-02-27 18-14-18.487 [main] MetamodelGraphWalker - Visiting attribute path : itemId
[DEBUG] 2021-02-27 18-14-18.487 [main] MetamodelGraphWalker - Visiting attribute path : userId
[DEBUG] 2021-02-27 18-14-18.487 [main] FetchStyleLoadPlanBuildingAssociationVisitationStrategy - Building LoadPlan...
[DEBUG] 2021-02-27 18-14-18.487 [main] LoadQueryJoinAndFetchProcessor - processing queryspace <gen:0>
[DEBUG] 2021-02-27 18-14-18.487 [main] LoadPlanTreePrinter - LoadPlan(entity=edu.matc.entity.Favorite)
    - Returns
       - EntityReturnImpl(entity=edu.matc.entity.Favorite, querySpaceUid=<gen:0>, path=edu.matc.entity.Favorite)
    - QuerySpaces
       - EntityQuerySpaceImpl(uid=<gen:0>, entity=edu.matc.entity.Favorite)
          - SQL table alias mapping - favorite0_
          - alias suffix - 0_
          - suffixed key columns - {id1_3_0_}

[DEBUG] 2021-02-27 18-14-18.487 [main] EntityLoader - Static select for entity edu.matc.entity.Favorite [NONE]: select favorite0_.id as id1_3_0_, favorite0_.itemId as itemId2_3_0_, favorite0_.userId as userId3_3_0_ from user_favorites favorite0_ where favorite0_.id=?
[DEBUG] 2021-02-27 18-14-18.487 [main] QuerySpacesImpl - Adding QuerySpace : uid = <gen:0> -> org.hibernate.loader.plan.build.internal.spaces.EntityQuerySpaceImpl@1b31af02]
[DEBUG] 2021-02-27 18-14-18.487 [main] MetamodelGraphWalker - Visiting attribute path : itemId
[DEBUG] 2021-02-27 18-14-18.488 [main] MetamodelGraphWalker - Visiting attribute path : userId
[DEBUG] 2021-02-27 18-14-18.488 [main] FetchStyleLoadPlanBuildingAssociationVisitationStrategy - Building LoadPlan...
[DEBUG] 2021-02-27 18-14-18.488 [main] LoadQueryJoinAndFetchProcessor - processing queryspace <gen:0>
[DEBUG] 2021-02-27 18-14-18.488 [main] LoadPlanTreePrinter - LoadPlan(entity=edu.matc.entity.Favorite)
    - Returns
       - EntityReturnImpl(entity=edu.matc.entity.Favorite, querySpaceUid=<gen:0>, path=edu.matc.entity.Favorite)
    - QuerySpaces
       - EntityQuerySpaceImpl(uid=<gen:0>, entity=edu.matc.entity.Favorite)
          - SQL table alias mapping - favorite0_
          - alias suffix - 0_
          - suffixed key columns - {id1_3_0_}

[DEBUG] 2021-02-27 18-14-18.488 [main] EntityLoader - Static select for entity edu.matc.entity.Favorite [READ]: select favorite0_.id as id1_3_0_, favorite0_.itemId as itemId2_3_0_, favorite0_.userId as userId3_3_0_ from user_favorites favorite0_ where favorite0_.id=?
[DEBUG] 2021-02-27 18-14-18.488 [main] Loader - Static select for action ACTION_MERGE on entity edu.matc.entity.Favorite: select favorite0_.id as id1_3_0_, favorite0_.itemId as itemId2_3_0_, favorite0_.userId as userId3_3_0_ from user_favorites favorite0_ where favorite0_.id=?
[DEBUG] 2021-02-27 18-14-18.488 [main] Loader - Static select for action ACTION_REFRESH on entity edu.matc.entity.Favorite: select favorite0_.id as id1_3_0_, favorite0_.itemId as itemId2_3_0_, favorite0_.userId as userId3_3_0_ from user_favorites favorite0_ where favorite0_.id=?
[DEBUG] 2021-02-27 18-14-18.492 [main] QuerySpacesImpl - Adding QuerySpace : uid = <gen:0> -> org.hibernate.loader.plan.build.internal.spaces.CollectionQuerySpaceImpl@61911947]
[DEBUG] 2021-02-27 18-14-18.492 [main] QuerySpacesImpl - Adding QuerySpace : uid = <gen:1> -> org.hibernate.loader.plan.build.internal.spaces.EntityQuerySpaceImpl@5c53c235]
[DEBUG] 2021-02-27 18-14-18.492 [main] MetamodelGraphWalker - Visiting attribute path : item
[DEBUG] 2021-02-27 18-14-18.492 [main] MetamodelGraphWalker - Visiting attribute path : noteContent
[DEBUG] 2021-02-27 18-14-18.492 [main] MetamodelGraphWalker - Visiting attribute path : user
[DEBUG] 2021-02-27 18-14-18.492 [main] MetamodelGraphWalker - Property path deemed to be circular : user
[DEBUG] 2021-02-27 18-14-18.492 [main] FetchStyleLoadPlanBuildingAssociationVisitationStrategy - Building LoadPlan...
[DEBUG] 2021-02-27 18-14-18.494 [main] LoadQueryJoinAndFetchProcessor - processing queryspace <gen:0>
[DEBUG] 2021-02-27 18-14-18.494 [main] LoadPlanTreePrinter - LoadPlan(collection=edu.matc.entity.User.notes)
    - Returns
       - CollectionReturnImpl(collection=edu.matc.entity.User.notes, querySpaceUid=<gen:0>, path=[edu.matc.entity.User.notes])
          - (collection element) CollectionFetchableElementEntityGraph(entity=edu.matc.entity.Note, querySpaceUid=<gen:1>, path=[edu.matc.entity.User.notes].<elements>)
    - QuerySpaces
       - CollectionQuerySpaceImpl(uid=<gen:0>, collection=edu.matc.entity.User.notes)
          - SQL table alias mapping - notes0_
          - alias suffix - 0_
          - suffixed key columns - {user_id4_1_0_}
          - entity-element alias suffix - 1_
          - 1_entity-element suffixed key columns - id1_1_1_
          - JOIN (JoinDefinedByMetadata(elements)) : <gen:0> -> <gen:1>
             - EntityQuerySpaceImpl(uid=<gen:1>, entity=edu.matc.entity.Note)
                - SQL table alias mapping - notes0_
                - alias suffix - 1_
                - suffixed key columns - {id1_1_1_}

[DEBUG] 2021-02-27 18-14-18.495 [main] CollectionLoader - Static select for collection edu.matc.entity.User.notes: select notes0_.user_id as user_id4_1_0_, notes0_.id as id1_1_0_, notes0_.id as id1_1_1_, notes0_.item as item2_1_1_, notes0_.noteContent as noteCont3_1_1_, notes0_.user_id as user_id4_1_1_ from notes notes0_ where notes0_.user_id=?
[DEBUG] 2021-02-27 18-14-18.524 [main] SchemaManagementToolCoordinator - No actions specified; doing nothing
[DEBUG] 2021-02-27 18-14-18.524 [main] JtaPlatformInitiator - No JtaPlatform was specified, checking resolver
[DEBUG] 2021-02-27 18-14-18.524 [main] JtaPlatformResolverInitiator - No JtaPlatformResolver was specified, using default [org.hibernate.engine.transaction.jta.platform.internal.StandardJtaPlatformResolver]
[DEBUG] 2021-02-27 18-14-18.531 [main] StandardJtaPlatformResolver - Could not resolve JtaPlatform, using default [org.hibernate.engine.transaction.jta.platform.internal.NoJtaPlatform]
[INFO ] 2021-02-27 18-14-18.531 [main] JtaPlatformInitiator - HHH000490: Using JtaPlatform implementation: [org.hibernate.engine.transaction.jta.platform.internal.NoJtaPlatform]
[DEBUG] 2021-02-27 18-14-18.532 [main] NamedQueryRepository - Checking 0 named HQL queries
[DEBUG] 2021-02-27 18-14-18.532 [main] NamedQueryRepository - Checking 0 named SQL queries
[DEBUG] 2021-02-27 18-14-18.534 [main] SessionFactoryRegistry - Initializing SessionFactoryRegistry : org.hibernate.internal.SessionFactoryRegistry@6b3f4bd8
[DEBUG] 2021-02-27 18-14-18.535 [main] SessionFactoryRegistry - Registering SessionFactory: ab1130e8-bb5d-42b3-8a8f-1fd636c922a7 (<unnamed>)
[DEBUG] 2021-02-27 18-14-18.535 [main] SessionFactoryRegistry - Not binding SessionFactory to JNDI, no JNDI name configured
[DEBUG] 2021-02-27 18-14-18.603 [main] StatisticsInitiator - Statistics initialized [enabled=false]
[DEBUG] 2021-02-27 18-14-18.618 [main] SQL - select item0_.id as id1_0_0_, item0_.name as name2_0_0_, item0_.type as type3_0_0_ from item item0_ where item0_.id=?
[DEBUG] 2021-02-27 18-14-18.637 [main] ResourceRegistryStandardImpl - HHH000387: ResultSet's statement was not registered
[DEBUG] 2021-02-27 18-14-18.637 [main] AbstractLoadPlanBasedEntityLoader - Done entity load : edu.matc.entity.Item#3
[DEBUG] 2021-02-27 18-14-18.638 [main] LogicalConnectionManagedImpl - Initiating JDBC connection release from afterTransaction
[DEBUG] 2021-02-27 18-14-18.642 [main] TransactionImpl - On TransactionImpl creation, JpaCompliance#isJpaTransactionComplianceEnabled == false
[DEBUG] 2021-02-27 18-14-18.642 [main] TransactionImpl - begin
[DEBUG] 2021-02-27 18-14-18.684 [main] CriteriaQueryImpl - Rendered criteria query -> select generatedAlias0 from Item as generatedAlias0
[DEBUG] 2021-02-27 18-14-18.697 [main] QueryTranslatorFactoryInitiator - QueryTranslatorFactory: org.hibernate.hql.internal.ast.ASTQueryTranslatorFactory@5b4954b2
[DEBUG] 2021-02-27 18-14-18.721 [main] QueryTranslatorImpl - parse() - HQL: select generatedAlias0 from edu.matc.entity.Item as generatedAlias0
[DEBUG] 2021-02-27 18-14-18.726 [main] ErrorTracker - throwQueryException() : no errors
[DEBUG] 2021-02-27 18-14-18.731 [main] QueryTranslatorImpl - --- HQL AST ---
 \-[QUERY] Node: 'query'
    \-[SELECT_FROM] Node: 'SELECT_FROM'
       +-[FROM] Node: 'from'
       |  \-[RANGE] Node: 'RANGE'
       |     +-[DOT] Node: '.'
       |     |  +-[DOT] Node: '.'
       |     |  |  +-[DOT] Node: '.'
       |     |  |  |  +-[IDENT] Node: 'edu'
       |     |  |  |  \-[IDENT] Node: 'matc'
       |     |  |  \-[IDENT] Node: 'entity'
       |     |  \-[IDENT] Node: 'Item'
       |     \-[ALIAS] Node: 'generatedAlias0'
       \-[SELECT] Node: 'select'
          \-[IDENT] Node: 'generatedAlias0'

[DEBUG] 2021-02-27 18-14-18.750 [main] HqlSqlBaseWalker - select << begin [level=1, statement=select]
[DEBUG] 2021-02-27 18-14-18.762 [main] FromElement - FromClause{level=1} : edu.matc.entity.Item (generatedAlias0) -> item0_
[DEBUG] 2021-02-27 18-14-18.762 [main] FromReferenceNode - Resolved : generatedAlias0 -> item0_.id
[DEBUG] 2021-02-27 18-14-18.764 [main] HqlSqlBaseWalker - select : finishing up [level=1, statement=select]
[DEBUG] 2021-02-27 18-14-18.764 [main] HqlSqlWalker - processQuery() :  ( SELECT ( {select clause} item0_.id ) ( FromClause{level=1} item item0_ ) )
[DEBUG] 2021-02-27 18-14-18.771 [main] JoinProcessor - Using FROM fragment [item item0_]
[DEBUG] 2021-02-27 18-14-18.771 [main] HqlSqlBaseWalker - select >> end [level=1, statement=select]
[DEBUG] 2021-02-27 18-14-18.772 [main] QueryTranslatorImpl - --- SQL AST ---
 \-[SELECT] QueryNode: 'SELECT'  querySpaces (item)
    +-[SELECT_CLAUSE] SelectClause: '{select clause}'
    |  +-[ALIAS_REF] IdentNode: 'item0_.id as id1_0_' {alias=generatedAlias0, className=edu.matc.entity.Item, tableAlias=item0_}
    |  \-[SQL_TOKEN] SqlFragment: 'item0_.name as name2_0_, item0_.type as type3_0_'
    \-[FROM] FromClause: 'from' FromClause{level=1, fromElementCounter=1, fromElements=1, fromElementByClassAlias=[generatedAlias0], fromElementByTableAlias=[item0_], fromElementsByPath=[], collectionJoinFromElementsByPath=[], impliedElements=[]}
       \-[FROM_FRAGMENT] FromElement: 'item item0_' FromElement{explicit,not a collection join,not a fetch join,fetch non-lazy properties,classAlias=generatedAlias0,role=null,tableName=item,tableAlias=item0_,origin=null,columns={,className=edu.matc.entity.Item}}

[DEBUG] 2021-02-27 18-14-18.772 [main] ErrorTracker - throwQueryException() : no errors
[DEBUG] 2021-02-27 18-14-18.777 [main] QueryTranslatorImpl - HQL: select generatedAlias0 from edu.matc.entity.Item as generatedAlias0
[DEBUG] 2021-02-27 18-14-18.777 [main] QueryTranslatorImpl - SQL: select item0_.id as id1_0_, item0_.name as name2_0_, item0_.type as type3_0_ from item item0_
[DEBUG] 2021-02-27 18-14-18.777 [main] ErrorTracker - throwQueryException() : no errors
[DEBUG] 2021-02-27 18-14-18.786 [main] SQL - select item0_.id as id1_0_, item0_.name as name2_0_, item0_.type as type3_0_ from item item0_
[DEBUG] 2021-02-27 18-14-18.789 [main] LogicalConnectionManagedImpl - Initiating JDBC connection release from afterTransaction
[DEBUG] 2021-02-27 18-14-18.836 [main] SQL - select item0_.id as id1_0_0_, item0_.name as name2_0_0_, item0_.type as type3_0_0_ from item item0_ where item0_.id=?
[DEBUG] 2021-02-27 18-14-18.837 [main] ResourceRegistryStandardImpl - HHH000387: ResultSet's statement was not registered
[DEBUG] 2021-02-27 18-14-18.837 [main] AbstractLoadPlanBasedEntityLoader - Done entity load : edu.matc.entity.Item#2
[DEBUG] 2021-02-27 18-14-18.837 [main] LogicalConnectionManagedImpl - Initiating JDBC connection release from afterTransaction
[DEBUG] 2021-02-27 18-14-18.874 [main] CriteriaQueryImpl - Rendered criteria query -> select generatedAlias0 from Item as generatedAlias0 where generatedAlias0.name like :param0
[DEBUG] 2021-02-27 18-14-18.874 [main] QueryTranslatorImpl - parse() - HQL: select generatedAlias0 from edu.matc.entity.Item as generatedAlias0 where generatedAlias0.name like :param0
[DEBUG] 2021-02-27 18-14-18.875 [main] ErrorTracker - throwQueryException() : no errors
[DEBUG] 2021-02-27 18-14-18.876 [main] QueryTranslatorImpl - --- HQL AST ---
 \-[QUERY] Node: 'query'
    +-[SELECT_FROM] Node: 'SELECT_FROM'
    |  +-[FROM] Node: 'from'
    |  |  \-[RANGE] Node: 'RANGE'
    |  |     +-[DOT] Node: '.'
    |  |     |  +-[DOT] Node: '.'
    |  |     |  |  +-[DOT] Node: '.'
    |  |     |  |  |  +-[IDENT] Node: 'edu'
    |  |     |  |  |  \-[IDENT] Node: 'matc'
    |  |     |  |  \-[IDENT] Node: 'entity'
    |  |     |  \-[IDENT] Node: 'Item'
    |  |     \-[ALIAS] Node: 'generatedAlias0'
    |  \-[SELECT] Node: 'select'
    |     \-[IDENT] Node: 'generatedAlias0'
    \-[WHERE] Node: 'where'
       \-[LIKE] Node: 'like'
          +-[DOT] Node: '.'
          |  +-[IDENT] Node: 'generatedAlias0'
          |  \-[IDENT] Node: 'name'
          \-[COLON] Node: ':'
             \-[IDENT] Node: 'param0'

[DEBUG] 2021-02-27 18-14-18.876 [main] HqlSqlBaseWalker - select << begin [level=1, statement=select]
[DEBUG] 2021-02-27 18-14-18.876 [main] FromElement - FromClause{level=1} : edu.matc.entity.Item (generatedAlias0) -> item0_
[DEBUG] 2021-02-27 18-14-18.876 [main] FromReferenceNode - Resolved : generatedAlias0 -> item0_.id
[DEBUG] 2021-02-27 18-14-18.878 [main] FromReferenceNode - Resolved : generatedAlias0 -> item0_.id
[DEBUG] 2021-02-27 18-14-18.880 [main] DotNode - getDataType() : name -> org.hibernate.type.StringType@64984b0f
[DEBUG] 2021-02-27 18-14-18.880 [main] FromReferenceNode - Resolved : generatedAlias0.name -> item0_.name
[DEBUG] 2021-02-27 18-14-18.881 [main] HqlSqlBaseWalker - select : finishing up [level=1, statement=select]
[DEBUG] 2021-02-27 18-14-18.881 [main] HqlSqlWalker - processQuery() :  ( SELECT ( {select clause} item0_.id ) ( FromClause{level=1} item item0_ ) ( where ( like ( item0_.name item0_.id name ) ? ) ) )
[DEBUG] 2021-02-27 18-14-18.882 [main] JoinProcessor - Using FROM fragment [item item0_]
[DEBUG] 2021-02-27 18-14-18.882 [main] HqlSqlBaseWalker - select >> end [level=1, statement=select]
[DEBUG] 2021-02-27 18-14-18.882 [main] QueryTranslatorImpl - --- SQL AST ---
 \-[SELECT] QueryNode: 'SELECT'  querySpaces (item)
    +-[SELECT_CLAUSE] SelectClause: '{select clause}'
    |  +-[ALIAS_REF] IdentNode: 'item0_.id as id1_0_' {alias=generatedAlias0, className=edu.matc.entity.Item, tableAlias=item0_}
    |  \-[SQL_TOKEN] SqlFragment: 'item0_.name as name2_0_, item0_.type as type3_0_'
    +-[FROM] FromClause: 'from' FromClause{level=1, fromElementCounter=1, fromElements=1, fromElementByClassAlias=[generatedAlias0], fromElementByTableAlias=[item0_], fromElementsByPath=[], collectionJoinFromElementsByPath=[], impliedElements=[]}
    |  \-[FROM_FRAGMENT] FromElement: 'item item0_' FromElement{explicit,not a collection join,not a fetch join,fetch non-lazy properties,classAlias=generatedAlias0,role=null,tableName=item,tableAlias=item0_,origin=null,columns={,className=edu.matc.entity.Item}}
    \-[WHERE] SqlNode: 'where'
       \-[LIKE] BinaryLogicOperatorNode: 'like'
          +-[DOT] DotNode: 'item0_.name' {propertyName=name,dereferenceType=PRIMITIVE,getPropertyPath=name,path=generatedAlias0.name,tableAlias=item0_,className=edu.matc.entity.Item,classAlias=generatedAlias0}
          |  +-[ALIAS_REF] IdentNode: 'item0_.id' {alias=generatedAlias0, className=edu.matc.entity.Item, tableAlias=item0_}
          |  \-[IDENT] IdentNode: 'name' {originalText=name}
          \-[NAMED_PARAM] ParameterNode: '?' {name=param0, expectedType=org.hibernate.type.StringType@64984b0f}

[DEBUG] 2021-02-27 18-14-18.882 [main] ErrorTracker - throwQueryException() : no errors
[DEBUG] 2021-02-27 18-14-18.882 [main] QueryTranslatorImpl - HQL: select generatedAlias0 from edu.matc.entity.Item as generatedAlias0 where generatedAlias0.name like :param0
[DEBUG] 2021-02-27 18-14-18.882 [main] QueryTranslatorImpl - SQL: select item0_.id as id1_0_, item0_.name as name2_0_, item0_.type as type3_0_ from item item0_ where item0_.name like ?
[DEBUG] 2021-02-27 18-14-18.882 [main] ErrorTracker - throwQueryException() : no errors
[DEBUG] 2021-02-27 18-14-18.886 [main] SQL - select item0_.id as id1_0_, item0_.name as name2_0_, item0_.type as type3_0_ from item item0_ where item0_.name like ?
[DEBUG] 2021-02-27 18-14-18.888 [main] LogicalConnectionManagedImpl - Initiating JDBC connection release from afterTransaction
[DEBUG] 2021-02-27 18-14-18.919 [main] TransactionImpl - On TransactionImpl creation, JpaCompliance#isJpaTransactionComplianceEnabled == false
[DEBUG] 2021-02-27 18-14-18.919 [main] TransactionImpl - begin
[DEBUG] 2021-02-27 18-14-18.932 [main] ActionQueue - Executing identity-insert immediately
[DEBUG] 2021-02-27 18-14-18.935 [main] SQL - insert into item (name, type) values (?, ?)
[DEBUG] 2021-02-27 18-14-18.939 [main] IdentifierGeneratorHelper - Natively generated identity: 20
[DEBUG] 2021-02-27 18-14-18.939 [main] ResourceRegistryStandardImpl - HHH000387: ResultSet's statement was not registered
[DEBUG] 2021-02-27 18-14-18.942 [main] TransactionImpl - committing
[DEBUG] 2021-02-27 18-14-18.942 [main] AbstractFlushingEventListener - Processing flush-time cascades
[DEBUG] 2021-02-27 18-14-18.943 [main] AbstractFlushingEventListener - Dirty checking collections
[DEBUG] 2021-02-27 18-14-18.944 [main] AbstractFlushingEventListener - Flushed: 0 insertions, 0 updates, 0 deletions to 1 objects
[DEBUG] 2021-02-27 18-14-18.945 [main] AbstractFlushingEventListener - Flushed: 0 (re)creations, 0 updates, 0 removals to 0 collections
[DEBUG] 2021-02-27 18-14-18.946 [main] EntityPrinter - Listing entities:
[DEBUG] 2021-02-27 18-14-18.946 [main] EntityPrinter - edu.matc.entity.Item{name=egg, id=20, type=animal product}
[DEBUG] 2021-02-27 18-14-18.949 [main] LogicalConnectionManagedImpl - Initiating JDBC connection release from afterTransaction
[DEBUG] 2021-02-27 18-14-18.950 [main] LogicalConnectionManagedImpl - Initiating JDBC connection release from afterTransaction
[DEBUG] 2021-02-27 18-14-18.951 [main] SQL - select item0_.id as id1_0_0_, item0_.name as name2_0_0_, item0_.type as type3_0_0_ from item item0_ where item0_.id=?
[DEBUG] 2021-02-27 18-14-18.953 [main] ResultSetProcessorImpl - Starting ResultSet row #0
[DEBUG] 2021-02-27 18-14-18.954 [main] EntityReferenceInitializerImpl - On call to EntityIdentifierReaderImpl#resolve, EntityKey was already known; should only happen on root returns with an optional identifier specified
[DEBUG] 2021-02-27 18-14-18.957 [main] TwoPhaseLoad - Resolving attributes for [edu.matc.entity.Item#20]
[DEBUG] 2021-02-27 18-14-18.958 [main] TwoPhaseLoad - Processing attribute `name` : value = egg
[DEBUG] 2021-02-27 18-14-18.958 [main] TwoPhaseLoad - Attribute (`name`)  - enhanced for lazy-loading? - false
[DEBUG] 2021-02-27 18-14-18.958 [main] TwoPhaseLoad - Processing attribute `type` : value = animal product
[DEBUG] 2021-02-27 18-14-18.958 [main] TwoPhaseLoad - Attribute (`type`)  - enhanced for lazy-loading? - false
[DEBUG] 2021-02-27 18-14-18.958 [main] TwoPhaseLoad - Done materializing entity [edu.matc.entity.Item#20]
[DEBUG] 2021-02-27 18-14-18.958 [main] ResourceRegistryStandardImpl - HHH000387: ResultSet's statement was not registered
[DEBUG] 2021-02-27 18-14-18.958 [main] AbstractLoadPlanBasedEntityLoader - Done entity load : edu.matc.entity.Item#20
[DEBUG] 2021-02-27 18-14-18.958 [main] LogicalConnectionManagedImpl - Initiating JDBC connection release from afterTransaction
