[DEBUG] 2021-02-27 18-09-32.592 [main] IntegratorServiceImpl - Adding Integrator [org.hibernate.cfg.beanvalidation.BeanValidationIntegrator].
[DEBUG] 2021-02-27 18-09-32.594 [main] IntegratorServiceImpl - Adding Integrator [org.hibernate.secure.spi.JaccIntegrator].
[DEBUG] 2021-02-27 18-09-32.598 [main] IntegratorServiceImpl - Adding Integrator [org.hibernate.cache.internal.CollectionCacheInvalidator].
[INFO ] 2021-02-27 18-09-32.663 [main] Version - HHH000412: Hibernate Core {5.4.4.Final}
[DEBUG] 2021-02-27 18-09-32.665 [main] Environment - HHH000206: hibernate.properties not found
[DEBUG] 2021-02-27 18-09-32.810 [main] LocalXmlResourceResolver - Interpreting public/system identifier : [-//Hibernate/Hibernate Configuration DTD//EN] - [http://www.hibernate.org/dtd/hibernate-configuration-3.0.dtd]
[DEBUG] 2021-02-27 18-09-32.810 [main] LocalXmlResourceResolver - Recognized hibernate-configuration identifier; attempting to resolve on classpath under org/hibernate/
[DEBUG] 2021-02-27 18-09-32.814 [main] JaxbCfgProcessor - cfg.xml document did not define namespaces; wrapping in custom event reader to introduce namespace information
[DEBUG] 2021-02-27 18-09-33.028 [main] ServiceBinding - Overriding existing service binding [org.hibernate.secure.spi.JaccService]
[DEBUG] 2021-02-27 18-09-33.047 [main] RegionFactoryInitiator - Cannot default RegionFactory based on registered strategies as `[]` RegionFactory strategies were registered
[DEBUG] 2021-02-27 18-09-33.048 [main] RegionFactoryInitiator - Cache region factory : org.hibernate.cache.internal.NoCachingRegionFactory
[INFO ] 2021-02-27 18-09-33.065 [main] Version - HCANN000001: Hibernate Commons Annotations {5.1.0.Final}
[DEBUG] 2021-02-27 18-09-33.095 [main] BasicTypeRegistry - Adding type registration boolean -> org.hibernate.type.BooleanType@42373389
[DEBUG] 2021-02-27 18-09-33.095 [main] BasicTypeRegistry - Adding type registration boolean -> org.hibernate.type.BooleanType@42373389
[DEBUG] 2021-02-27 18-09-33.095 [main] BasicTypeRegistry - Adding type registration java.lang.Boolean -> org.hibernate.type.BooleanType@42373389
[DEBUG] 2021-02-27 18-09-33.096 [main] BasicTypeRegistry - Adding type registration numeric_boolean -> org.hibernate.type.NumericBooleanType@7c36db44
[DEBUG] 2021-02-27 18-09-33.096 [main] BasicTypeRegistry - Adding type registration true_false -> org.hibernate.type.TrueFalseType@42ea287
[DEBUG] 2021-02-27 18-09-33.097 [main] BasicTypeRegistry - Adding type registration yes_no -> org.hibernate.type.YesNoType@65a48602
[DEBUG] 2021-02-27 18-09-33.098 [main] BasicTypeRegistry - Adding type registration byte -> org.hibernate.type.ByteType@612e21b9
[DEBUG] 2021-02-27 18-09-33.098 [main] BasicTypeRegistry - Adding type registration byte -> org.hibernate.type.ByteType@612e21b9
[DEBUG] 2021-02-27 18-09-33.098 [main] BasicTypeRegistry - Adding type registration java.lang.Byte -> org.hibernate.type.ByteType@612e21b9
[DEBUG] 2021-02-27 18-09-33.099 [main] BasicTypeRegistry - Adding type registration character -> org.hibernate.type.CharacterType@1a865273
[DEBUG] 2021-02-27 18-09-33.099 [main] BasicTypeRegistry - Adding type registration char -> org.hibernate.type.CharacterType@1a865273
[DEBUG] 2021-02-27 18-09-33.099 [main] BasicTypeRegistry - Adding type registration java.lang.Character -> org.hibernate.type.CharacterType@1a865273
[DEBUG] 2021-02-27 18-09-33.100 [main] BasicTypeRegistry - Adding type registration short -> org.hibernate.type.ShortType@fcc6023
[DEBUG] 2021-02-27 18-09-33.100 [main] BasicTypeRegistry - Adding type registration short -> org.hibernate.type.ShortType@fcc6023
[DEBUG] 2021-02-27 18-09-33.100 [main] BasicTypeRegistry - Adding type registration java.lang.Short -> org.hibernate.type.ShortType@fcc6023
[DEBUG] 2021-02-27 18-09-33.101 [main] BasicTypeRegistry - Adding type registration integer -> org.hibernate.type.IntegerType@46185a1b
[DEBUG] 2021-02-27 18-09-33.101 [main] BasicTypeRegistry - Adding type registration int -> org.hibernate.type.IntegerType@46185a1b
[DEBUG] 2021-02-27 18-09-33.101 [main] BasicTypeRegistry - Adding type registration java.lang.Integer -> org.hibernate.type.IntegerType@46185a1b
[DEBUG] 2021-02-27 18-09-33.102 [main] BasicTypeRegistry - Adding type registration long -> org.hibernate.type.LongType@4ee5b2d9
[DEBUG] 2021-02-27 18-09-33.102 [main] BasicTypeRegistry - Adding type registration long -> org.hibernate.type.LongType@4ee5b2d9
[DEBUG] 2021-02-27 18-09-33.102 [main] BasicTypeRegistry - Adding type registration java.lang.Long -> org.hibernate.type.LongType@4ee5b2d9
[DEBUG] 2021-02-27 18-09-33.103 [main] BasicTypeRegistry - Adding type registration float -> org.hibernate.type.FloatType@290d10ef
[DEBUG] 2021-02-27 18-09-33.103 [main] BasicTypeRegistry - Adding type registration float -> org.hibernate.type.FloatType@290d10ef
[DEBUG] 2021-02-27 18-09-33.103 [main] BasicTypeRegistry - Adding type registration java.lang.Float -> org.hibernate.type.FloatType@290d10ef
[DEBUG] 2021-02-27 18-09-33.104 [main] BasicTypeRegistry - Adding type registration double -> org.hibernate.type.DoubleType@4110765e
[DEBUG] 2021-02-27 18-09-33.104 [main] BasicTypeRegistry - Adding type registration double -> org.hibernate.type.DoubleType@4110765e
[DEBUG] 2021-02-27 18-09-33.104 [main] BasicTypeRegistry - Adding type registration java.lang.Double -> org.hibernate.type.DoubleType@4110765e
[DEBUG] 2021-02-27 18-09-33.105 [main] BasicTypeRegistry - Adding type registration big_decimal -> org.hibernate.type.BigDecimalType@20cece0b
[DEBUG] 2021-02-27 18-09-33.105 [main] BasicTypeRegistry - Adding type registration java.math.BigDecimal -> org.hibernate.type.BigDecimalType@20cece0b
[DEBUG] 2021-02-27 18-09-33.106 [main] BasicTypeRegistry - Adding type registration big_integer -> org.hibernate.type.BigIntegerType@73c9e8e8
[DEBUG] 2021-02-27 18-09-33.106 [main] BasicTypeRegistry - Adding type registration java.math.BigInteger -> org.hibernate.type.BigIntegerType@73c9e8e8
[DEBUG] 2021-02-27 18-09-33.107 [main] BasicTypeRegistry - Adding type registration string -> org.hibernate.type.StringType@58ff8d79
[DEBUG] 2021-02-27 18-09-33.107 [main] BasicTypeRegistry - Adding type registration java.lang.String -> org.hibernate.type.StringType@58ff8d79
[DEBUG] 2021-02-27 18-09-33.107 [main] BasicTypeRegistry - Adding type registration nstring -> org.hibernate.type.StringNVarcharType@4b790d86
[DEBUG] 2021-02-27 18-09-33.108 [main] BasicTypeRegistry - Adding type registration ncharacter -> org.hibernate.type.CharacterNCharType@61cd1c71
[DEBUG] 2021-02-27 18-09-33.109 [main] BasicTypeRegistry - Adding type registration url -> org.hibernate.type.UrlType@4674d90
[DEBUG] 2021-02-27 18-09-33.109 [main] BasicTypeRegistry - Adding type registration java.net.URL -> org.hibernate.type.UrlType@4674d90
[DEBUG] 2021-02-27 18-09-33.109 [main] BasicTypeRegistry - Adding type registration Duration -> org.hibernate.type.DurationType@30364216
[DEBUG] 2021-02-27 18-09-33.110 [main] BasicTypeRegistry - Adding type registration java.time.Duration -> org.hibernate.type.DurationType@30364216
[DEBUG] 2021-02-27 18-09-33.117 [main] BasicTypeRegistry - Adding type registration Instant -> org.hibernate.type.InstantType@3d904e9c
[DEBUG] 2021-02-27 18-09-33.117 [main] BasicTypeRegistry - Adding type registration java.time.Instant -> org.hibernate.type.InstantType@3d904e9c
[DEBUG] 2021-02-27 18-09-33.119 [main] BasicTypeRegistry - Adding type registration LocalDateTime -> org.hibernate.type.LocalDateTimeType@7f353d99
[DEBUG] 2021-02-27 18-09-33.119 [main] BasicTypeRegistry - Adding type registration java.time.LocalDateTime -> org.hibernate.type.LocalDateTimeType@7f353d99
[DEBUG] 2021-02-27 18-09-33.121 [main] BasicTypeRegistry - Adding type registration LocalDate -> org.hibernate.type.LocalDateType@1229a2b7
[DEBUG] 2021-02-27 18-09-33.121 [main] BasicTypeRegistry - Adding type registration java.time.LocalDate -> org.hibernate.type.LocalDateType@1229a2b7
[DEBUG] 2021-02-27 18-09-33.122 [main] BasicTypeRegistry - Adding type registration LocalTime -> org.hibernate.type.LocalTimeType@31ee2fdb
[DEBUG] 2021-02-27 18-09-33.122 [main] BasicTypeRegistry - Adding type registration java.time.LocalTime -> org.hibernate.type.LocalTimeType@31ee2fdb
[DEBUG] 2021-02-27 18-09-33.124 [main] BasicTypeRegistry - Adding type registration OffsetDateTime -> org.hibernate.type.OffsetDateTimeType@558756be
[DEBUG] 2021-02-27 18-09-33.124 [main] BasicTypeRegistry - Adding type registration java.time.OffsetDateTime -> org.hibernate.type.OffsetDateTimeType@558756be
[DEBUG] 2021-02-27 18-09-33.130 [main] BasicTypeRegistry - Adding type registration OffsetTime -> org.hibernate.type.OffsetTimeType@43045f9f
[DEBUG] 2021-02-27 18-09-33.130 [main] BasicTypeRegistry - Adding type registration java.time.OffsetTime -> org.hibernate.type.OffsetTimeType@43045f9f
[DEBUG] 2021-02-27 18-09-33.133 [main] BasicTypeRegistry - Adding type registration ZonedDateTime -> org.hibernate.type.ZonedDateTimeType@26c47874
[DEBUG] 2021-02-27 18-09-33.133 [main] BasicTypeRegistry - Adding type registration java.time.ZonedDateTime -> org.hibernate.type.ZonedDateTimeType@26c47874
[DEBUG] 2021-02-27 18-09-33.137 [main] BasicTypeRegistry - Adding type registration date -> org.hibernate.type.DateType@352c44a8
[DEBUG] 2021-02-27 18-09-33.137 [main] BasicTypeRegistry - Adding type registration java.sql.Date -> org.hibernate.type.DateType@352c44a8
[DEBUG] 2021-02-27 18-09-33.138 [main] BasicTypeRegistry - Adding type registration time -> org.hibernate.type.TimeType@895416d
[DEBUG] 2021-02-27 18-09-33.138 [main] BasicTypeRegistry - Adding type registration java.sql.Time -> org.hibernate.type.TimeType@895416d
[DEBUG] 2021-02-27 18-09-33.139 [main] BasicTypeRegistry - Adding type registration timestamp -> org.hibernate.type.TimestampType@2eae4349
[DEBUG] 2021-02-27 18-09-33.140 [main] BasicTypeRegistry - Adding type registration java.sql.Timestamp -> org.hibernate.type.TimestampType@2eae4349
[DEBUG] 2021-02-27 18-09-33.140 [main] BasicTypeRegistry - Adding type registration java.util.Date -> org.hibernate.type.TimestampType@2eae4349
[DEBUG] 2021-02-27 18-09-33.141 [main] BasicTypeRegistry - Adding type registration dbtimestamp -> org.hibernate.type.DbTimestampType@3804a9a8
[DEBUG] 2021-02-27 18-09-33.142 [main] BasicTypeRegistry - Adding type registration calendar -> org.hibernate.type.CalendarType@55e42449
[DEBUG] 2021-02-27 18-09-33.142 [main] BasicTypeRegistry - Adding type registration java.util.Calendar -> org.hibernate.type.CalendarType@55e42449
[DEBUG] 2021-02-27 18-09-33.142 [main] BasicTypeRegistry - Adding type registration java.util.GregorianCalendar -> org.hibernate.type.CalendarType@55e42449
[DEBUG] 2021-02-27 18-09-33.142 [main] BasicTypeRegistry - Adding type registration calendar_date -> org.hibernate.type.CalendarDateType@3dffc764
[DEBUG] 2021-02-27 18-09-33.143 [main] BasicTypeRegistry - Adding type registration locale -> org.hibernate.type.LocaleType@1e7ab390
[DEBUG] 2021-02-27 18-09-33.143 [main] BasicTypeRegistry - Adding type registration java.util.Locale -> org.hibernate.type.LocaleType@1e7ab390
[DEBUG] 2021-02-27 18-09-33.145 [main] BasicTypeRegistry - Adding type registration currency -> org.hibernate.type.CurrencyType@5460b754
[DEBUG] 2021-02-27 18-09-33.145 [main] BasicTypeRegistry - Adding type registration java.util.Currency -> org.hibernate.type.CurrencyType@5460b754
[DEBUG] 2021-02-27 18-09-33.146 [main] BasicTypeRegistry - Adding type registration timezone -> org.hibernate.type.TimeZoneType@12fcc71f
[DEBUG] 2021-02-27 18-09-33.146 [main] BasicTypeRegistry - Adding type registration java.util.TimeZone -> org.hibernate.type.TimeZoneType@12fcc71f
[DEBUG] 2021-02-27 18-09-33.146 [main] BasicTypeRegistry - Adding type registration class -> org.hibernate.type.ClassType@79b84841
[DEBUG] 2021-02-27 18-09-33.147 [main] BasicTypeRegistry - Adding type registration java.lang.Class -> org.hibernate.type.ClassType@79b84841
[DEBUG] 2021-02-27 18-09-33.147 [main] BasicTypeRegistry - Adding type registration uuid-binary -> org.hibernate.type.UUIDBinaryType@25ad4f71
[DEBUG] 2021-02-27 18-09-33.147 [main] BasicTypeRegistry - Adding type registration java.util.UUID -> org.hibernate.type.UUIDBinaryType@25ad4f71
[DEBUG] 2021-02-27 18-09-33.148 [main] BasicTypeRegistry - Adding type registration uuid-char -> org.hibernate.type.UUIDCharType@a451491
[DEBUG] 2021-02-27 18-09-33.149 [main] BasicTypeRegistry - Adding type registration binary -> org.hibernate.type.BinaryType@337bbfdf
[DEBUG] 2021-02-27 18-09-33.149 [main] BasicTypeRegistry - Adding type registration byte[] -> org.hibernate.type.BinaryType@337bbfdf
[DEBUG] 2021-02-27 18-09-33.149 [main] BasicTypeRegistry - Adding type registration [B -> org.hibernate.type.BinaryType@337bbfdf
[DEBUG] 2021-02-27 18-09-33.150 [main] BasicTypeRegistry - Adding type registration wrapper-binary -> org.hibernate.type.WrapperBinaryType@5b5e7036
[DEBUG] 2021-02-27 18-09-33.151 [main] BasicTypeRegistry - Adding type registration Byte[] -> org.hibernate.type.WrapperBinaryType@5b5e7036
[DEBUG] 2021-02-27 18-09-33.151 [main] BasicTypeRegistry - Adding type registration [Ljava.lang.Byte; -> org.hibernate.type.WrapperBinaryType@5b5e7036
[DEBUG] 2021-02-27 18-09-33.152 [main] BasicTypeRegistry - Adding type registration row_version -> org.hibernate.type.RowVersionType@611a990b
[DEBUG] 2021-02-27 18-09-33.153 [main] BasicTypeRegistry - Adding type registration image -> org.hibernate.type.ImageType@65e21ce3
[DEBUG] 2021-02-27 18-09-33.154 [main] BasicTypeRegistry - Adding type registration characters -> org.hibernate.type.CharArrayType@5af8bb51
[DEBUG] 2021-02-27 18-09-33.154 [main] BasicTypeRegistry - Adding type registration char[] -> org.hibernate.type.CharArrayType@5af8bb51
[DEBUG] 2021-02-27 18-09-33.154 [main] BasicTypeRegistry - Adding type registration [C -> org.hibernate.type.CharArrayType@5af8bb51
[DEBUG] 2021-02-27 18-09-33.155 [main] BasicTypeRegistry - Adding type registration wrapper-characters -> org.hibernate.type.CharacterArrayType@4d95a72e
[DEBUG] 2021-02-27 18-09-33.155 [main] BasicTypeRegistry - Adding type registration [Ljava.lang.Character; -> org.hibernate.type.CharacterArrayType@4d95a72e
[DEBUG] 2021-02-27 18-09-33.155 [main] BasicTypeRegistry - Adding type registration Character[] -> org.hibernate.type.CharacterArrayType@4d95a72e
[DEBUG] 2021-02-27 18-09-33.156 [main] BasicTypeRegistry - Adding type registration text -> org.hibernate.type.TextType@36681447
[DEBUG] 2021-02-27 18-09-33.156 [main] BasicTypeRegistry - Adding type registration ntext -> org.hibernate.type.NTextType@712cfb63
[DEBUG] 2021-02-27 18-09-33.157 [main] BasicTypeRegistry - Adding type registration blob -> org.hibernate.type.BlobType@40e37b06
[DEBUG] 2021-02-27 18-09-33.158 [main] BasicTypeRegistry - Adding type registration java.sql.Blob -> org.hibernate.type.BlobType@40e37b06
[DEBUG] 2021-02-27 18-09-33.158 [main] BasicTypeRegistry - Adding type registration materialized_blob -> org.hibernate.type.MaterializedBlobType@70887727
[DEBUG] 2021-02-27 18-09-33.159 [main] BasicTypeRegistry - Adding type registration clob -> org.hibernate.type.ClobType@59cda16e
[DEBUG] 2021-02-27 18-09-33.159 [main] BasicTypeRegistry - Adding type registration java.sql.Clob -> org.hibernate.type.ClobType@59cda16e
[DEBUG] 2021-02-27 18-09-33.161 [main] BasicTypeRegistry - Adding type registration nclob -> org.hibernate.type.NClobType@118ffcfd
[DEBUG] 2021-02-27 18-09-33.161 [main] BasicTypeRegistry - Adding type registration java.sql.NClob -> org.hibernate.type.NClobType@118ffcfd
[DEBUG] 2021-02-27 18-09-33.161 [main] BasicTypeRegistry - Adding type registration materialized_clob -> org.hibernate.type.MaterializedClobType@dc4a691
[DEBUG] 2021-02-27 18-09-33.161 [main] BasicTypeRegistry - Adding type registration materialized_nclob -> org.hibernate.type.MaterializedNClobType@6b1dc20f
[DEBUG] 2021-02-27 18-09-33.163 [main] BasicTypeRegistry - Adding type registration serializable -> org.hibernate.type.SerializableType@4ce94d2f
[DEBUG] 2021-02-27 18-09-33.166 [main] BasicTypeRegistry - Adding type registration object -> org.hibernate.type.ObjectType@4b97c4ad
[DEBUG] 2021-02-27 18-09-33.166 [main] BasicTypeRegistry - Adding type registration java.lang.Object -> org.hibernate.type.ObjectType@4b97c4ad
[DEBUG] 2021-02-27 18-09-33.167 [main] BasicTypeRegistry - Adding type registration imm_date -> org.hibernate.type.AdaptedImmutableType@5634d0f4
[DEBUG] 2021-02-27 18-09-33.167 [main] BasicTypeRegistry - Adding type registration imm_time -> org.hibernate.type.AdaptedImmutableType@252a8aae
[DEBUG] 2021-02-27 18-09-33.167 [main] BasicTypeRegistry - Adding type registration imm_timestamp -> org.hibernate.type.AdaptedImmutableType@3d4e405e
[DEBUG] 2021-02-27 18-09-33.167 [main] BasicTypeRegistry - Adding type registration imm_dbtimestamp -> org.hibernate.type.AdaptedImmutableType@54e2fe
[DEBUG] 2021-02-27 18-09-33.167 [main] BasicTypeRegistry - Adding type registration imm_calendar -> org.hibernate.type.AdaptedImmutableType@70972170
[DEBUG] 2021-02-27 18-09-33.167 [main] BasicTypeRegistry - Adding type registration imm_calendar_date -> org.hibernate.type.AdaptedImmutableType@119aa36
[DEBUG] 2021-02-27 18-09-33.167 [main] BasicTypeRegistry - Adding type registration imm_binary -> org.hibernate.type.AdaptedImmutableType@4e1a46fb
[DEBUG] 2021-02-27 18-09-33.167 [main] BasicTypeRegistry - Adding type registration imm_serializable -> org.hibernate.type.AdaptedImmutableType@69fe0ed4
[DEBUG] 2021-02-27 18-09-33.196 [main] DefaultIdentifierGeneratorFactory - Registering IdentifierGenerator strategy [uuid2] -> [org.hibernate.id.UUIDGenerator]
[DEBUG] 2021-02-27 18-09-33.196 [main] DefaultIdentifierGeneratorFactory - Registering IdentifierGenerator strategy [guid] -> [org.hibernate.id.GUIDGenerator]
[DEBUG] 2021-02-27 18-09-33.197 [main] DefaultIdentifierGeneratorFactory - Registering IdentifierGenerator strategy [uuid] -> [org.hibernate.id.UUIDHexGenerator]
[DEBUG] 2021-02-27 18-09-33.197 [main] DefaultIdentifierGeneratorFactory - Registering IdentifierGenerator strategy [uuid.hex] -> [org.hibernate.id.UUIDHexGenerator]
[DEBUG] 2021-02-27 18-09-33.198 [main] DefaultIdentifierGeneratorFactory - Registering IdentifierGenerator strategy [assigned] -> [org.hibernate.id.Assigned]
[DEBUG] 2021-02-27 18-09-33.199 [main] DefaultIdentifierGeneratorFactory - Registering IdentifierGenerator strategy [identity] -> [org.hibernate.id.IdentityGenerator]
[DEBUG] 2021-02-27 18-09-33.199 [main] DefaultIdentifierGeneratorFactory - Registering IdentifierGenerator strategy [select] -> [org.hibernate.id.SelectGenerator]
[DEBUG] 2021-02-27 18-09-33.200 [main] DefaultIdentifierGeneratorFactory - Registering IdentifierGenerator strategy [sequence] -> [org.hibernate.id.enhanced.SequenceStyleGenerator]
[DEBUG] 2021-02-27 18-09-33.201 [main] DefaultIdentifierGeneratorFactory - Registering IdentifierGenerator strategy [seqhilo] -> [org.hibernate.id.SequenceHiLoGenerator]
[DEBUG] 2021-02-27 18-09-33.202 [main] DefaultIdentifierGeneratorFactory - Registering IdentifierGenerator strategy [increment] -> [org.hibernate.id.IncrementGenerator]
[DEBUG] 2021-02-27 18-09-33.202 [main] DefaultIdentifierGeneratorFactory - Registering IdentifierGenerator strategy [foreign] -> [org.hibernate.id.ForeignGenerator]
[DEBUG] 2021-02-27 18-09-33.202 [main] DefaultIdentifierGeneratorFactory - Registering IdentifierGenerator strategy [sequence-identity] -> [org.hibernate.id.SequenceIdentityGenerator]
[DEBUG] 2021-02-27 18-09-33.202 [main] DefaultIdentifierGeneratorFactory - Registering IdentifierGenerator strategy [enhanced-sequence] -> [org.hibernate.id.enhanced.SequenceStyleGenerator]
[DEBUG] 2021-02-27 18-09-33.203 [main] DefaultIdentifierGeneratorFactory - Registering IdentifierGenerator strategy [enhanced-table] -> [org.hibernate.id.enhanced.TableGenerator]
[INFO ] 2021-02-27 18-09-33.208 [main] C3P0ConnectionProvider - HHH010002: C3P0 using driver: com.mysql.cj.jdbc.Driver at URL: jdbc:mysql://localhost:3306/test_stardew_assistant
[INFO ] 2021-02-27 18-09-33.208 [main] C3P0ConnectionProvider - HHH10001001: Connection properties: {password=****, user=root}
[INFO ] 2021-02-27 18-09-33.208 [main] C3P0ConnectionProvider - HHH10001003: Autocommit mode: false
[INFO ] 2021-02-27 18-09-33.308 [main] C3P0ConnectionProvider - HHH10001007: JDBC isolation level: <unknown>
[DEBUG] 2021-02-27 18-09-33.389 [main] JdbcEnvironmentInitiator - Database ->
       name : MySQL
    version : 8.0.23
      major : 8
      minor : 0
[DEBUG] 2021-02-27 18-09-33.390 [main] JdbcEnvironmentInitiator - Driver ->
       name : MySQL Connector/J
    version : mysql-connector-java-8.0.16 (Revision: 34cbc6bc61f72836e26327537a432d6db7c77de6)
      major : 8
      minor : 0
[DEBUG] 2021-02-27 18-09-33.390 [main] JdbcEnvironmentInitiator - JDBC version : 4.2
[INFO ] 2021-02-27 18-09-33.411 [main] Dialect - HHH000400: Using dialect: org.hibernate.dialect.MySQL8Dialect
[DEBUG] 2021-02-27 18-09-33.427 [main] IdentifierHelperBuilder - JDBC driver metadata reported database stores quoted identifiers in more than one case
[DEBUG] 2021-02-27 18-09-33.446 [main] IdentifierHelperBuilder - IdentifierCaseStrategy for both quoted and unquoted identifiers was set to the same strategy [LOWER]; that will likely lead to problems in schema update and validation if using quoted identifiers
[DEBUG] 2021-02-27 18-09-33.475 [main] Namespace - Created database namespace [logicalName=Name{catalog=null, schema=null}, physicalName=Name{catalog=null, schema=null}]
[DEBUG] 2021-02-27 18-09-33.478 [main] TypeConfiguration$Scope - Scoping TypeConfiguration [org.hibernate.type.spi.TypeConfiguration@4364863] to MetadataBuildingContext [org.hibernate.boot.internal.MetadataBuildingContextRootImpl@3625a016]
[DEBUG] 2021-02-27 18-09-33.527 [main] AnnotationBinder - Binding entity from annotated class: edu.matc.entity.Item
[DEBUG] 2021-02-27 18-09-33.548 [main] Ejb3Column - Binding column: Ejb3DiscriminatorColumn{logicalColumnName'DTYPE', discriminatorTypeName='string'}
[DEBUG] 2021-02-27 18-09-33.553 [main] EntityBinder - Import with entity name Item
[DEBUG] 2021-02-27 18-09-33.556 [main] EntityBinder - Bind entity edu.matc.entity.Item on table item
[DEBUG] 2021-02-27 18-09-33.576 [main] Ejb3Column - Binding column: Ejb3Column{table=org.hibernate.mapping.Table(item), mappingColumn=id, insertable=true, updatable=true, unique=false}
[DEBUG] 2021-02-27 18-09-33.578 [main] PropertyBinder - MetadataSourceProcessor property id with lazy=false
[DEBUG] 2021-02-27 18-09-33.579 [main] AbstractPropertyHolder - Attempting to locate auto-apply AttributeConverter for property [edu.matc.entity.Item:id]
[DEBUG] 2021-02-27 18-09-33.581 [main] SimpleValueBinder - building SimpleValue for id
[DEBUG] 2021-02-27 18-09-33.583 [main] PropertyBinder - Building property id
[DEBUG] 2021-02-27 18-09-33.587 [main] BinderHelper - #makeIdGenerator(org.hibernate.mapping.SimpleValue([org.hibernate.mapping.Column(id)]), id, org.hibernate.id.enhanced.SequenceStyleGenerator, native, ...)
[DEBUG] 2021-02-27 18-09-33.588 [main] Ejb3Column - Binding column: Ejb3Column{table=org.hibernate.mapping.Table(item), mappingColumn=name, insertable=true, updatable=true, unique=false}
[DEBUG] 2021-02-27 18-09-33.588 [main] PropertyBinder - MetadataSourceProcessor property name with lazy=false
[DEBUG] 2021-02-27 18-09-33.588 [main] AbstractPropertyHolder - Attempting to locate auto-apply AttributeConverter for property [edu.matc.entity.Item:name]
[DEBUG] 2021-02-27 18-09-33.588 [main] SimpleValueBinder - building SimpleValue for name
[DEBUG] 2021-02-27 18-09-33.588 [main] PropertyBinder - Building property name
[DEBUG] 2021-02-27 18-09-33.588 [main] Ejb3Column - Binding column: Ejb3Column{table=org.hibernate.mapping.Table(item), mappingColumn=type, insertable=true, updatable=true, unique=false}
[DEBUG] 2021-02-27 18-09-33.588 [main] PropertyBinder - MetadataSourceProcessor property type with lazy=false
[DEBUG] 2021-02-27 18-09-33.589 [main] AbstractPropertyHolder - Attempting to locate auto-apply AttributeConverter for property [edu.matc.entity.Item:type]
[DEBUG] 2021-02-27 18-09-33.589 [main] SimpleValueBinder - building SimpleValue for type
[DEBUG] 2021-02-27 18-09-33.589 [main] PropertyBinder - Building property type
[DEBUG] 2021-02-27 18-09-33.590 [main] AnnotationBinder - Binding entity from annotated class: edu.matc.entity.User
[DEBUG] 2021-02-27 18-09-33.590 [main] Ejb3Column - Binding column: Ejb3DiscriminatorColumn{logicalColumnName'DTYPE', discriminatorTypeName='string'}
[DEBUG] 2021-02-27 18-09-33.590 [main] EntityBinder - Import with entity name User
[DEBUG] 2021-02-27 18-09-33.590 [main] EntityBinder - Bind entity edu.matc.entity.User on table user
[DEBUG] 2021-02-27 18-09-33.593 [main] Ejb3Column - Binding column: Ejb3Column{table=org.hibernate.mapping.Table(user), mappingColumn=id, insertable=true, updatable=true, unique=false}
[DEBUG] 2021-02-27 18-09-33.593 [main] PropertyBinder - MetadataSourceProcessor property id with lazy=false
[DEBUG] 2021-02-27 18-09-33.593 [main] AbstractPropertyHolder - Attempting to locate auto-apply AttributeConverter for property [edu.matc.entity.User:id]
[DEBUG] 2021-02-27 18-09-33.593 [main] SimpleValueBinder - building SimpleValue for id
[DEBUG] 2021-02-27 18-09-33.593 [main] PropertyBinder - Building property id
[DEBUG] 2021-02-27 18-09-33.594 [main] BinderHelper - #makeIdGenerator(org.hibernate.mapping.SimpleValue([org.hibernate.mapping.Column(id)]), id, org.hibernate.id.enhanced.SequenceStyleGenerator, native, ...)
[DEBUG] 2021-02-27 18-09-33.595 [main] Ejb3Column - Binding column: Ejb3JoinColumn{logicalColumnName='null', referencedColumn='null', mappedBy='user'}
[DEBUG] 2021-02-27 18-09-33.595 [main] Ejb3Column - Binding column: Ejb3Column{table=org.hibernate.mapping.Table(user), mappingColumn=notes, insertable=true, updatable=true, unique=false}
[DEBUG] 2021-02-27 18-09-33.596 [main] Ejb3Column - Binding column: Ejb3Column{table=org.hibernate.mapping.Table(user), mappingColumn=null, insertable=true, updatable=true, unique=false}
[DEBUG] 2021-02-27 18-09-33.604 [main] Ejb3Column - Binding column: Ejb3Column{table=org.hibernate.mapping.Table(user), mappingColumn=element, insertable=true, updatable=true, unique=false}
[DEBUG] 2021-02-27 18-09-33.604 [main] Ejb3Column - Binding column: Ejb3Column{table=org.hibernate.mapping.Table(user), mappingColumn=notes_KEY, insertable=true, updatable=true, unique=false}
[DEBUG] 2021-02-27 18-09-33.605 [main] Ejb3Column - Binding column: Ejb3JoinColumn{logicalColumnName='notes_KEY', referencedColumn='null', mappedBy='null'}
[DEBUG] 2021-02-27 18-09-33.606 [main] Ejb3Column - Binding column: Ejb3JoinColumn{logicalColumnName='null', referencedColumn='null', mappedBy='user'}
[DEBUG] 2021-02-27 18-09-33.606 [main] Ejb3Column - Binding column: Ejb3JoinColumn{logicalColumnName='null', referencedColumn='null', mappedBy='user'}
[DEBUG] 2021-02-27 18-09-33.607 [main] CollectionBinder - Collection role: edu.matc.entity.User.notes
[DEBUG] 2021-02-27 18-09-33.609 [main] PropertyBinder - Building property notes
[DEBUG] 2021-02-27 18-09-33.609 [main] Ejb3Column - Binding column: Ejb3Column{table=org.hibernate.mapping.Table(user), mappingColumn=password, insertable=true, updatable=true, unique=false}
[DEBUG] 2021-02-27 18-09-33.609 [main] PropertyBinder - MetadataSourceProcessor property password with lazy=false
[DEBUG] 2021-02-27 18-09-33.609 [main] AbstractPropertyHolder - Attempting to locate auto-apply AttributeConverter for property [edu.matc.entity.User:password]
[DEBUG] 2021-02-27 18-09-33.609 [main] SimpleValueBinder - building SimpleValue for password
[DEBUG] 2021-02-27 18-09-33.609 [main] PropertyBinder - Building property password
[DEBUG] 2021-02-27 18-09-33.609 [main] Ejb3Column - Binding column: Ejb3Column{table=org.hibernate.mapping.Table(user), mappingColumn=username, insertable=true, updatable=true, unique=false}
[DEBUG] 2021-02-27 18-09-33.610 [main] PropertyBinder - MetadataSourceProcessor property username with lazy=false
[DEBUG] 2021-02-27 18-09-33.610 [main] AbstractPropertyHolder - Attempting to locate auto-apply AttributeConverter for property [edu.matc.entity.User:username]
[DEBUG] 2021-02-27 18-09-33.610 [main] SimpleValueBinder - building SimpleValue for username
[DEBUG] 2021-02-27 18-09-33.610 [main] PropertyBinder - Building property username
[DEBUG] 2021-02-27 18-09-33.610 [main] AnnotationBinder - Binding entity from annotated class: edu.matc.entity.Note
[DEBUG] 2021-02-27 18-09-33.610 [main] Ejb3Column - Binding column: Ejb3DiscriminatorColumn{logicalColumnName'DTYPE', discriminatorTypeName='string'}
[DEBUG] 2021-02-27 18-09-33.610 [main] EntityBinder - Import with entity name Note
[DEBUG] 2021-02-27 18-09-33.610 [main] EntityBinder - Bind entity edu.matc.entity.Note on table notes
[DEBUG] 2021-02-27 18-09-33.612 [main] Ejb3Column - Binding column: Ejb3Column{table=org.hibernate.mapping.Table(notes), mappingColumn=id, insertable=true, updatable=true, unique=false}
[DEBUG] 2021-02-27 18-09-33.612 [main] PropertyBinder - MetadataSourceProcessor property id with lazy=false
[DEBUG] 2021-02-27 18-09-33.612 [main] AbstractPropertyHolder - Attempting to locate auto-apply AttributeConverter for property [edu.matc.entity.Note:id]
[DEBUG] 2021-02-27 18-09-33.612 [main] SimpleValueBinder - building SimpleValue for id
[DEBUG] 2021-02-27 18-09-33.612 [main] PropertyBinder - Building property id
[DEBUG] 2021-02-27 18-09-33.612 [main] BinderHelper - #makeIdGenerator(org.hibernate.mapping.SimpleValue([org.hibernate.mapping.Column(id)]), id, org.hibernate.id.enhanced.SequenceStyleGenerator, native, ...)
[DEBUG] 2021-02-27 18-09-33.612 [main] Ejb3Column - Binding column: Ejb3Column{table=org.hibernate.mapping.Table(notes), mappingColumn=item, insertable=true, updatable=true, unique=false}
[DEBUG] 2021-02-27 18-09-33.612 [main] PropertyBinder - MetadataSourceProcessor property item with lazy=false
[DEBUG] 2021-02-27 18-09-33.612 [main] AbstractPropertyHolder - Attempting to locate auto-apply AttributeConverter for property [edu.matc.entity.Note:item]
[DEBUG] 2021-02-27 18-09-33.613 [main] SimpleValueBinder - building SimpleValue for item
[DEBUG] 2021-02-27 18-09-33.613 [main] PropertyBinder - Building property item
[DEBUG] 2021-02-27 18-09-33.613 [main] Ejb3Column - Binding column: Ejb3Column{table=org.hibernate.mapping.Table(notes), mappingColumn=noteContent, insertable=true, updatable=true, unique=false}
[DEBUG] 2021-02-27 18-09-33.613 [main] PropertyBinder - MetadataSourceProcessor property noteContent with lazy=false
[DEBUG] 2021-02-27 18-09-33.613 [main] AbstractPropertyHolder - Attempting to locate auto-apply AttributeConverter for property [edu.matc.entity.Note:noteContent]
[DEBUG] 2021-02-27 18-09-33.613 [main] SimpleValueBinder - building SimpleValue for noteContent
[DEBUG] 2021-02-27 18-09-33.613 [main] PropertyBinder - Building property noteContent
[DEBUG] 2021-02-27 18-09-33.613 [main] Ejb3Column - Binding column: Ejb3JoinColumn{logicalColumnName='null', referencedColumn='null', mappedBy='null'}
[DEBUG] 2021-02-27 18-09-33.613 [main] Ejb3Column - Binding column: Ejb3Column{table=org.hibernate.mapping.Table(notes), mappingColumn=user, insertable=true, updatable=true, unique=false}
[DEBUG] 2021-02-27 18-09-33.615 [main] PropertyBinder - Building property user
[DEBUG] 2021-02-27 18-09-33.616 [main] SimpleValueBinder - Starting fillSimpleValue for id
[DEBUG] 2021-02-27 18-09-33.616 [main] SimpleValueBinder - Starting fillSimpleValue for name
[DEBUG] 2021-02-27 18-09-33.616 [main] SimpleValueBinder - Starting fillSimpleValue for type
[DEBUG] 2021-02-27 18-09-33.616 [main] SimpleValueBinder - Starting fillSimpleValue for id
[DEBUG] 2021-02-27 18-09-33.616 [main] SimpleValueBinder - Starting fillSimpleValue for password
[DEBUG] 2021-02-27 18-09-33.616 [main] SimpleValueBinder - Starting fillSimpleValue for username
[DEBUG] 2021-02-27 18-09-33.616 [main] SimpleValueBinder - Starting fillSimpleValue for id
[DEBUG] 2021-02-27 18-09-33.617 [main] SimpleValueBinder - Starting fillSimpleValue for item
[DEBUG] 2021-02-27 18-09-33.617 [main] SimpleValueBinder - Starting fillSimpleValue for noteContent
[DEBUG] 2021-02-27 18-09-33.621 [main] PrimaryKey - Forcing column [id] to be non-null as it is part of the primary key for table [item]
[DEBUG] 2021-02-27 18-09-33.621 [main] PrimaryKey - Forcing column [id] to be non-null as it is part of the primary key for table [user]
[DEBUG] 2021-02-27 18-09-33.621 [main] PrimaryKey - Forcing column [id] to be non-null as it is part of the primary key for table [notes]
[DEBUG] 2021-02-27 18-09-33.621 [main] CollectionSecondPass - Second pass for collection: edu.matc.entity.User.notes
[DEBUG] 2021-02-27 18-09-33.622 [main] CollectionBinder - Binding a OneToMany: edu.matc.entity.User.notes through a foreign key
[DEBUG] 2021-02-27 18-09-33.622 [main] CollectionBinder - Mapping collection: edu.matc.entity.User.notes -> notes
[DEBUG] 2021-02-27 18-09-33.623 [main] TableBinder - Retrieving property edu.matc.entity.Note.user
[DEBUG] 2021-02-27 18-09-33.623 [main] CollectionSecondPass - Mapped collection key: user_id, one-to-many: edu.matc.entity.Note
[DEBUG] 2021-02-27 18-09-33.623 [main] InFlightMetadataCollectorImpl - Resolving reference to class: edu.matc.entity.User
[DEBUG] 2021-02-27 18-09-33.626 [main] InFlightMetadataCollectorImpl - Resolving reference to class: edu.matc.entity.User
[DEBUG] 2021-02-27 18-09-33.655 [main] SessionFactoryImpl - Building session factory
[DEBUG] 2021-02-27 18-09-33.656 [main] Settings - SessionFactory name : null
[DEBUG] 2021-02-27 18-09-33.656 [main] Settings - Automatic flush during beforeCompletion(): enabled
[DEBUG] 2021-02-27 18-09-33.656 [main] Settings - Automatic session close at end of transaction: disabled
[DEBUG] 2021-02-27 18-09-33.656 [main] Settings - Statistics: disabled
[DEBUG] 2021-02-27 18-09-33.656 [main] Settings - Deleted entity synthetic identifier rollback: disabled
[DEBUG] 2021-02-27 18-09-33.656 [main] Settings - Default entity-mode: pojo
[DEBUG] 2021-02-27 18-09-33.656 [main] Settings - Check Nullability in Core (should be disabled when Bean Validation is on): enabled
[DEBUG] 2021-02-27 18-09-33.656 [main] Settings - Allow initialization of lazy state outside session : disabled
[DEBUG] 2021-02-27 18-09-33.656 [main] Settings - Using BatchFetchStyle : LEGACY
[DEBUG] 2021-02-27 18-09-33.656 [main] Settings - Default batch fetch size: -1
[DEBUG] 2021-02-27 18-09-33.656 [main] Settings - Maximum outer join fetch depth: 2
[DEBUG] 2021-02-27 18-09-33.656 [main] Settings - Default null ordering: NONE
[DEBUG] 2021-02-27 18-09-33.656 [main] Settings - Order SQL updates by primary key: disabled
[DEBUG] 2021-02-27 18-09-33.656 [main] Settings - Order SQL inserts for batching: disabled
[DEBUG] 2021-02-27 18-09-33.656 [main] Settings - multi-tenancy strategy : NONE
[DEBUG] 2021-02-27 18-09-33.656 [main] Settings - JTA Track by Thread: enabled
[DEBUG] 2021-02-27 18-09-33.656 [main] Settings - Query language substitutions: {}
[DEBUG] 2021-02-27 18-09-33.656 [main] Settings - Named query checking : enabled
[DEBUG] 2021-02-27 18-09-33.657 [main] Settings - Second-level cache: disabled
[DEBUG] 2021-02-27 18-09-33.657 [main] Settings - Second-level query cache: disabled
[DEBUG] 2021-02-27 18-09-33.657 [main] Settings - Second-level query cache factory: null
[DEBUG] 2021-02-27 18-09-33.657 [main] Settings - Second-level cache region prefix: null
[DEBUG] 2021-02-27 18-09-33.657 [main] Settings - Optimize second-level cache for minimal puts: disabled
[DEBUG] 2021-02-27 18-09-33.657 [main] Settings - Structured second-level cache entries: disabled
[DEBUG] 2021-02-27 18-09-33.657 [main] Settings - Second-level cache direct-reference entries: disabled
[DEBUG] 2021-02-27 18-09-33.657 [main] Settings - Automatic eviction of collection cache: disabled
[DEBUG] 2021-02-27 18-09-33.657 [main] Settings - JDBC batch size: 15
[DEBUG] 2021-02-27 18-09-33.657 [main] Settings - JDBC batch updates for versioned data: enabled
[DEBUG] 2021-02-27 18-09-33.657 [main] Settings - Scrollable result sets: enabled
[DEBUG] 2021-02-27 18-09-33.657 [main] Settings - Wrap result sets: disabled
[DEBUG] 2021-02-27 18-09-33.657 [main] Settings - JDBC3 getGeneratedKeys(): enabled
[DEBUG] 2021-02-27 18-09-33.657 [main] Settings - JDBC result set fetch size: null
[DEBUG] 2021-02-27 18-09-33.657 [main] Settings - Connection release mode: AFTER_TRANSACTION
[DEBUG] 2021-02-27 18-09-33.657 [main] Settings - Generate SQL with comments: disabled
[DEBUG] 2021-02-27 18-09-33.657 [main] Settings - JPA compliance - query : 
[DEBUG] 2021-02-27 18-09-33.657 [main] Settings - JPA compliance - closed-handling : 
[DEBUG] 2021-02-27 18-09-33.657 [main] Settings - JPA compliance - lists : 
[DEBUG] 2021-02-27 18-09-33.657 [main] Settings - JPA compliance - transactions : 
[INFO ] 2021-02-27 18-09-33.705 [main] beans - HHH10005002: No explicit CDI BeanManager reference was passed to Hibernate, but CDI is available on the Hibernate ClassLoader.
[DEBUG] 2021-02-27 18-09-33.722 [main] SessionFactoryImpl - Session factory constructed with filter configurations : {}
[DEBUG] 2021-02-27 18-09-33.722 [main] SessionFactoryImpl - Instantiating session factory with properties: {sun.desktop=windows, awt.toolkit=sun.awt.windows.WToolkit, java.specification.version=11, sun.cpu.isalist=amd64, hibernate.c3p0.idle_test_period=3000, sun.jnu.encoding=Cp1252, hibernate.c3p0.min_size=5, java.class.path=C:\Program Files\JetBrains\IntelliJ IDEA 2020.3.2\lib\idea_rt.jar;C:\Program Files\JetBrains\IntelliJ IDEA 2020.3.2\plugins\junit\lib\junit5-rt.jar;C:\Program Files\JetBrains\IntelliJ IDEA 2020.3.2\plugins\junit\lib\junit-rt.jar;C:\Users\fishe\Desktop\EnterpriseRepos\stardewValleyAssistant\target\test-classes;C:\Users\fishe\Desktop\EnterpriseRepos\stardewValleyAssistant\target\classes;C:\Users\fishe\.m2\repository\org\junit\platform\junit-platform-runner\1.0.0\junit-platform-runner-1.0.0.jar;C:\Users\fishe\.m2\repository\org\apiguardian\apiguardian-api\1.0.0\apiguardian-api-1.0.0.jar;C:\Users\fishe\.m2\repository\org\junit\platform\junit-platform-launcher\1.0.0\junit-platform-launcher-1.0.0.jar;C:\Users\fishe\.m2\repository\org\junit\platform\junit-platform-suite-api\1.0.0\junit-platform-suite-api-1.0.0.jar;C:\Users\fishe\.m2\repository\org\junit\platform\junit-platform-commons\1.0.0\junit-platform-commons-1.0.0.jar;C:\Users\fishe\.m2\repository\org\junit\vintage\junit-vintage-engine\4.12.0\junit-vintage-engine-4.12.0.jar;C:\Users\fishe\.m2\repository\org\junit\platform\junit-platform-engine\1.0.0\junit-platform-engine-1.0.0.jar;C:\Users\fishe\.m2\repository\org\opentest4j\opentest4j\1.0.0\opentest4j-1.0.0.jar;C:\Users\fishe\.m2\repository\org\junit\jupiter\junit-jupiter-engine\5.0.0\junit-jupiter-engine-5.0.0.jar;C:\Users\fishe\.m2\repository\org\junit\jupiter\junit-jupiter-api\5.0.0\junit-jupiter-api-5.0.0.jar;C:\Users\fishe\.m2\repository\junit\junit\4.12\junit-4.12.jar;C:\Users\fishe\.m2\repository\org\hamcrest\hamcrest-core\1.3\hamcrest-core-1.3.jar;C:\Users\fishe\.m2\repository\org\junit\jupiter\junit-jupiter\5.8.0-M1\junit-jupiter-5.8.0-M1.jar;C:\Users\fishe\.m2\repository\org\junit\jupiter\junit-jupiter-params\5.8.0-M1\junit-jupiter-params-5.8.0-M1.jar;C:\Users\fishe\.m2\repository\javax\javaee-web-api\7.0\javaee-web-api-7.0.jar;C:\Users\fishe\.m2\repository\mysql\mysql-connector-java\8.0.16\mysql-connector-java-8.0.16.jar;C:\Users\fishe\.m2\repository\com\google\protobuf\protobuf-java\3.6.1\protobuf-java-3.6.1.jar;C:\Users\fishe\.m2\repository\jstl\jstl\1.2\jstl-1.2.jar;C:\Users\fishe\.m2\repository\org\apache\logging\log4j\log4j-api\2.10.0\log4j-api-2.10.0.jar;C:\Users\fishe\.m2\repository\org\apache\logging\log4j\log4j-core\2.10.0\log4j-core-2.10.0.jar;C:\Users\fishe\.m2\repository\org\hibernate\hibernate-core\5.4.4.Final\hibernate-core-5.4.4.Final.jar;C:\Users\fishe\.m2\repository\org\jboss\logging\jboss-logging\3.3.2.Final\jboss-logging-3.3.2.Final.jar;C:\Users\fishe\.m2\repository\javax\persistence\javax.persistence-api\2.2\javax.persistence-api-2.2.jar;C:\Users\fishe\.m2\repository\org\javassist\javassist\3.24.0-GA\javassist-3.24.0-GA.jar;C:\Users\fishe\.m2\repository\net\bytebuddy\byte-buddy\1.9.11\byte-buddy-1.9.11.jar;C:\Users\fishe\.m2\repository\antlr\antlr\2.7.7\antlr-2.7.7.jar;C:\Users\fishe\.m2\repository\org\jboss\spec\javax\transaction\jboss-transaction-api_1.2_spec\1.1.1.Final\jboss-transaction-api_1.2_spec-1.1.1.Final.jar;C:\Users\fishe\.m2\repository\org\jboss\jandex\2.0.5.Final\jandex-2.0.5.Final.jar;C:\Users\fishe\.m2\repository\com\fasterxml\classmate\1.3.4\classmate-1.3.4.jar;C:\Users\fishe\.m2\repository\javax\activation\javax.activation-api\1.2.0\javax.activation-api-1.2.0.jar;C:\Users\fishe\.m2\repository\org\dom4j\dom4j\2.1.1\dom4j-2.1.1.jar;C:\Users\fishe\.m2\repository\org\hibernate\common\hibernate-commons-annotations\5.1.0.Final\hibernate-commons-annotations-5.1.0.Final.jar;C:\Users\fishe\.m2\repository\javax\xml\bind\jaxb-api\2.3.1\jaxb-api-2.3.1.jar;C:\Users\fishe\.m2\repository\org\glassfish\jaxb\jaxb-runtime\2.3.1\jaxb-runtime-2.3.1.jar;C:\Users\fishe\.m2\repository\org\glassfish\jaxb\txw2\2.3.1\txw2-2.3.1.jar;C:\Users\fishe\.m2\repository\com\sun\istack\istack-commons-runtime\3.0.7\istack-commons-runtime-3.0.7.jar;C:\Users\fishe\.m2\repository\org\jvnet\staxex\stax-ex\1.8\stax-ex-1.8.jar;C:\Users\fishe\.m2\repository\com\sun\xml\fastinfoset\FastInfoset\1.2.15\FastInfoset-1.2.15.jar;C:\Users\fishe\.m2\repository\org\hibernate\hibernate-c3p0\5.4.4.Final\hibernate-c3p0-5.4.4.Final.jar;C:\Users\fishe\.m2\repository\com\mchange\c3p0\0.9.5.3\c3p0-0.9.5.3.jar;C:\Users\fishe\.m2\repository\com\mchange\mchange-commons-java\0.2.15\mchange-commons-java-0.2.15.jar;C:\Users\fishe\.m2\repository\org\projectlombok\lombok\1.18.18\lombok-1.18.18.jar, java.vm.vendor=Oracle Corporation, sun.arch.data.model=64, idea.test.cyclic.buffer.size=1048576, user.variant=, java.vendor.url=https://openjdk.java.net/, user.timezone=America/Chicago, os.name=Windows 10, java.vm.specification.version=11, sun.java.launcher=SUN_STANDARD, user.country=US, sun.boot.library.path=C:\Program Files\Java\jdk-11.0.10\bin, sun.java.command=com.intellij.rt.junit.JUnitStarter -ideVersion5 -junit5 edu.matc.persistence.ItemDaoTest, jdk.debug=release, sun.cpu.endian=little, user.home=C:\Users\fishe, hibernate.c3p0.max_statements=50, user.language=en, java.specification.vendor=Oracle Corporation, java.version.date=2021-01-19, java.home=C:\Program Files\Java\jdk-11.0.10, file.separator=\, java.vm.compressedOopsMode=Zero based, line.separator=
, hibernate.c3p0.timeout=300, java.specification.name=Java Platform API Specification, java.vm.specification.vendor=Oracle Corporation, java.awt.graphicsenv=sun.awt.Win32GraphicsEnvironment, user.script=, connection.password=709dearholt, sun.management.compiler=HotSpot 64-Bit Tiered Compilers, hibernate.c3p0.max_size=20, java.runtime.version=11.0.10+8-LTS-162, user.name=jordyn, path.separator=;, hibernate.connection.username=****, os.version=10.0, java.runtime.name=Java(TM) SE Runtime Environment, hibernate.connection.url=jdbc:mysql://localhost:3306/test_stardew_assistant, file.encoding=UTF-8, java.vm.name=Java HotSpot(TM) 64-Bit Server VM, java.vendor.version=18.9, hibernate.connection.driver_class=com.mysql.cj.jdbc.Driver, java.vendor.url.bug=https://bugreport.java.com/bugreport/, java.io.tmpdir=C:\Users\fishe\AppData\Local\Temp\, java.version=11.0.10, user.dir=C:\Users\fishe\Desktop\EnterpriseRepos\stardewValleyAssistant, os.arch=amd64, connection.username=root, java.vm.specification.name=Java Virtual Machine Specification, java.awt.printerjob=sun.awt.windows.WPrinterJob, hibernate.connection.password=****, sun.os.patch.level=, connection.driver_class=com.mysql.cj.jdbc.Driver, hibernate.boot.CfgXmlAccessService.key=org.hibernate.boot.cfgxml.spi.LoadedConfig@5df7e31b, java.library.path=C:\Program Files\Java\jdk-11.0.10\bin;C:\WINDOWS\Sun\Java\bin;C:\WINDOWS\system32;C:\WINDOWS;C:\Program Files\Common Files\Oracle\Java\javapath;C:\Program Files (x86)\Common Files\Oracle\Java\javapath;C:\Program Files (x86)\Razer\ChromaBroadcast\bin;C:\Program Files\Razer\ChromaBroadcast\bin;C:\Program Files (x86)\Razer Chroma SDK\bin;C:\Program Files\Razer Chroma SDK\bin;C:\Windows\system32;C:\Windows;C:\Windows\System32\Wbem;C:\Windows\System32\WindowsPowerShell\v1.0\;C:\Windows\System32\OpenSSH\;C:\Users\fishe\AppData\Local\Microsoft\WindowsApps;C:\Users\fishe\AppData\Local\atom\bin;C:\Program Files\Java\jdk1.8.0_241\bin;C:\WINDOWS\system32;C:\WINDOWS;C:\WINDOWS\System32\Wbem;C:\WINDOWS\System32\WindowsPowerShell\v1.0\;C:\WINDOWS\System32\OpenSSH\;C:\xampp\php;C:\ProgramData\ComposerSetup\bin;C:\Program Files\Git\cmd;C:\Users\fishe\AppData\Local\Programs\Python\Python38-32\Scripts\;C:\Users\fishe\AppData\Local\Programs\Python\Python38-32\;C:\Users\fishe\AppData\Local\Microsoft\WindowsApps;C:\Users\fishe\AppData\Local\atom\bin;C:\Users\fishe\AppData\Local\Programs\Microsoft VS Code\bin;C:\Users\fishe\AppData\Local\Microsoft\WindowsApps;C:\Users\fishe\AppData\Roaming\Composer\vendor\bin;C:\Users\fishe\AppData\Local\GitHubDesktop\bin;., java.vendor=Oracle Corporation, java.vm.info=mixed mode, java.vm.version=11.0.10+8-LTS-162, hibernate.bytecode.use_reflection_optimizer=false, sun.io.unicode.encoding=UnicodeLittle, connection.url=jdbc:mysql://localhost:3306/test_stardew_assistant, java.class.version=55.0}
[DEBUG] 2021-02-27 18-09-33.738 [main] TypeSafeActivator - Unable to acquire Bean Validation ValidatorFactory, skipping activation
[DEBUG] 2021-02-27 18-09-33.739 [main] JaccIntegrator - Skipping JACC integration as it was not enabled
[DEBUG] 2021-02-27 18-09-33.739 [main] SessionFactoryImpl - Instantiated session factory
[DEBUG] 2021-02-27 18-09-33.739 [main] TypeConfiguration$Scope - Scoping TypeConfiguration [org.hibernate.type.spi.TypeConfiguration@4364863] to SessionFactoryImpl [org.hibernate.internal.SessionFactoryImpl@4e80a001]
[DEBUG] 2021-02-27 18-09-33.783 [main] ClassLoaderAccessImpl - Not known whether passed class name [edu.matc.entity.User] is safe
[DEBUG] 2021-02-27 18-09-33.783 [main] ClassLoaderAccessImpl - No temp ClassLoader provided; using live ClassLoader for loading potentially unsafe class : edu.matc.entity.User
[DEBUG] 2021-02-27 18-09-33.800 [main] ClassLoaderAccessImpl - Not known whether passed class name [edu.matc.entity.User] is safe
[DEBUG] 2021-02-27 18-09-33.800 [main] ClassLoaderAccessImpl - No temp ClassLoader provided; using live ClassLoader for loading potentially unsafe class : edu.matc.entity.User
[DEBUG] 2021-02-27 18-09-33.988 [main] ClassLoaderAccessImpl - Not known whether passed class name [edu.matc.entity.Item] is safe
[DEBUG] 2021-02-27 18-09-33.989 [main] ClassLoaderAccessImpl - No temp ClassLoader provided; using live ClassLoader for loading potentially unsafe class : edu.matc.entity.Item
[DEBUG] 2021-02-27 18-09-33.989 [main] ClassLoaderAccessImpl - Not known whether passed class name [edu.matc.entity.Item] is safe
[DEBUG] 2021-02-27 18-09-33.989 [main] ClassLoaderAccessImpl - No temp ClassLoader provided; using live ClassLoader for loading potentially unsafe class : edu.matc.entity.Item
[DEBUG] 2021-02-27 18-09-34.000 [main] ClassLoaderAccessImpl - Not known whether passed class name [edu.matc.entity.Note] is safe
[DEBUG] 2021-02-27 18-09-34.001 [main] ClassLoaderAccessImpl - No temp ClassLoader provided; using live ClassLoader for loading potentially unsafe class : edu.matc.entity.Note
[DEBUG] 2021-02-27 18-09-34.001 [main] ClassLoaderAccessImpl - Not known whether passed class name [edu.matc.entity.Note] is safe
[DEBUG] 2021-02-27 18-09-34.001 [main] ClassLoaderAccessImpl - No temp ClassLoader provided; using live ClassLoader for loading potentially unsafe class : edu.matc.entity.Note
[DEBUG] 2021-02-27 18-09-34.019 [main] AbstractCollectionPersister - Static SQL for collection: edu.matc.entity.User.notes
[DEBUG] 2021-02-27 18-09-34.019 [main] AbstractCollectionPersister -  Row insert: update notes set user_id=? where id=?
[DEBUG] 2021-02-27 18-09-34.019 [main] AbstractCollectionPersister -  Row update: update notes set  where id=?
[DEBUG] 2021-02-27 18-09-34.019 [main] AbstractCollectionPersister -  Row delete: update notes set user_id=null where user_id=? and id=?
[DEBUG] 2021-02-27 18-09-34.019 [main] AbstractCollectionPersister -  One-shot delete: update notes set user_id=null where user_id=?
[DEBUG] 2021-02-27 18-09-34.023 [main] AbstractEntityPersister - Static SQL for entity: edu.matc.entity.User
[DEBUG] 2021-02-27 18-09-34.023 [main] AbstractEntityPersister -  Version select: select id from user where id =?
[DEBUG] 2021-02-27 18-09-34.023 [main] AbstractEntityPersister -  Snapshot select: select user_.id, user_.password as password2_2_, user_.username as username3_2_ from user user_ where user_.id=?
[DEBUG] 2021-02-27 18-09-34.023 [main] AbstractEntityPersister -  Insert 0: insert into user (password, username, id) values (?, ?, ?)
[DEBUG] 2021-02-27 18-09-34.023 [main] AbstractEntityPersister -  Update 0: update user set password=?, username=? where id=?
[DEBUG] 2021-02-27 18-09-34.023 [main] AbstractEntityPersister -  Delete 0: delete from user where id=?
[DEBUG] 2021-02-27 18-09-34.023 [main] AbstractEntityPersister -  Identity insert: insert into user (password, username) values (?, ?)
[DEBUG] 2021-02-27 18-09-34.044 [main] QuerySpacesImpl - Adding QuerySpace : uid = <gen:0> -> org.hibernate.loader.plan.build.internal.spaces.EntityQuerySpaceImpl@35e74e08]
[DEBUG] 2021-02-27 18-09-34.046 [main] MetamodelGraphWalker - Visiting attribute path : notes
[DEBUG] 2021-02-27 18-09-34.050 [main] QuerySpacesImpl - Adding QuerySpace : uid = <gen:1> -> org.hibernate.loader.plan.build.internal.spaces.CollectionQuerySpaceImpl@4bcdd11]
[DEBUG] 2021-02-27 18-09-34.052 [main] QuerySpacesImpl - Adding QuerySpace : uid = <gen:2> -> org.hibernate.loader.plan.build.internal.spaces.EntityQuerySpaceImpl@23b1aa9]
[DEBUG] 2021-02-27 18-09-34.053 [main] MetamodelGraphWalker - Visiting attribute path : notes.item
[DEBUG] 2021-02-27 18-09-34.053 [main] MetamodelGraphWalker - Visiting attribute path : notes.noteContent
[DEBUG] 2021-02-27 18-09-34.053 [main] MetamodelGraphWalker - Visiting attribute path : notes.user
[DEBUG] 2021-02-27 18-09-34.053 [main] MetamodelGraphWalker - Property path deemed to be circular : notes.user
[DEBUG] 2021-02-27 18-09-34.054 [main] MetamodelGraphWalker - Visiting attribute path : password
[DEBUG] 2021-02-27 18-09-34.054 [main] MetamodelGraphWalker - Visiting attribute path : username
[DEBUG] 2021-02-27 18-09-34.054 [main] FetchStyleLoadPlanBuildingAssociationVisitationStrategy - Building LoadPlan...
[DEBUG] 2021-02-27 18-09-34.065 [main] LoadQueryJoinAndFetchProcessor - processing queryspace <gen:0>
[DEBUG] 2021-02-27 18-09-34.071 [main] LoadPlanTreePrinter - LoadPlan(entity=edu.matc.entity.User)
    - Returns
       - EntityReturnImpl(entity=edu.matc.entity.User, querySpaceUid=<gen:0>, path=edu.matc.entity.User)
          - CollectionAttributeFetchImpl(collection=edu.matc.entity.User.notes, querySpaceUid=<gen:1>, path=edu.matc.entity.User.notes)
             - (collection element) CollectionFetchableElementEntityGraph(entity=edu.matc.entity.Note, querySpaceUid=<gen:2>, path=edu.matc.entity.User.notes.<elements>)
    - QuerySpaces
       - EntityQuerySpaceImpl(uid=<gen:0>, entity=edu.matc.entity.User)
          - SQL table alias mapping - user0_
          - alias suffix - 0_
          - suffixed key columns - {id1_2_0_}
          - JOIN (JoinDefinedByMetadata(notes)) : <gen:0> -> <gen:1>
             - CollectionQuerySpaceImpl(uid=<gen:1>, collection=edu.matc.entity.User.notes)
                - SQL table alias mapping - notes1_
                - alias suffix - 1_
                - suffixed key columns - {user_id4_1_1_}
                - entity-element alias suffix - 2_
                - 2_entity-element suffixed key columns - id1_1_2_
                - JOIN (JoinDefinedByMetadata(elements)) : <gen:1> -> <gen:2>
                   - EntityQuerySpaceImpl(uid=<gen:2>, entity=edu.matc.entity.Note)
                      - SQL table alias mapping - notes1_
                      - alias suffix - 2_
                      - suffixed key columns - {id1_1_2_}

[DEBUG] 2021-02-27 18-09-34.073 [main] EntityLoader - Static select for entity edu.matc.entity.User [NONE]: select user0_.id as id1_2_0_, user0_.password as password2_2_0_, user0_.username as username3_2_0_, notes1_.user_id as user_id4_1_1_, notes1_.id as id1_1_1_, notes1_.id as id1_1_2_, notes1_.item as item2_1_2_, notes1_.noteContent as noteCont3_1_2_, notes1_.user_id as user_id4_1_2_ from user user0_ left outer join notes notes1_ on user0_.id=notes1_.user_id where user0_.id=?
[DEBUG] 2021-02-27 18-09-34.073 [main] QuerySpacesImpl - Adding QuerySpace : uid = <gen:0> -> org.hibernate.loader.plan.build.internal.spaces.EntityQuerySpaceImpl@4df7d9ee]
[DEBUG] 2021-02-27 18-09-34.073 [main] MetamodelGraphWalker - Visiting attribute path : notes
[DEBUG] 2021-02-27 18-09-34.073 [main] QuerySpacesImpl - Adding QuerySpace : uid = <gen:1> -> org.hibernate.loader.plan.build.internal.spaces.CollectionQuerySpaceImpl@3a4e524]
[DEBUG] 2021-02-27 18-09-34.073 [main] QuerySpacesImpl - Adding QuerySpace : uid = <gen:2> -> org.hibernate.loader.plan.build.internal.spaces.EntityQuerySpaceImpl@5e67a490]
[DEBUG] 2021-02-27 18-09-34.073 [main] MetamodelGraphWalker - Visiting attribute path : notes.item
[DEBUG] 2021-02-27 18-09-34.073 [main] MetamodelGraphWalker - Visiting attribute path : notes.noteContent
[DEBUG] 2021-02-27 18-09-34.073 [main] MetamodelGraphWalker - Visiting attribute path : notes.user
[DEBUG] 2021-02-27 18-09-34.073 [main] MetamodelGraphWalker - Property path deemed to be circular : notes.user
[DEBUG] 2021-02-27 18-09-34.073 [main] MetamodelGraphWalker - Visiting attribute path : password
[DEBUG] 2021-02-27 18-09-34.074 [main] MetamodelGraphWalker - Visiting attribute path : username
[DEBUG] 2021-02-27 18-09-34.074 [main] FetchStyleLoadPlanBuildingAssociationVisitationStrategy - Building LoadPlan...
[DEBUG] 2021-02-27 18-09-34.074 [main] LoadQueryJoinAndFetchProcessor - processing queryspace <gen:0>
[DEBUG] 2021-02-27 18-09-34.074 [main] LoadPlanTreePrinter - LoadPlan(entity=edu.matc.entity.User)
    - Returns
       - EntityReturnImpl(entity=edu.matc.entity.User, querySpaceUid=<gen:0>, path=edu.matc.entity.User)
          - CollectionAttributeFetchImpl(collection=edu.matc.entity.User.notes, querySpaceUid=<gen:1>, path=edu.matc.entity.User.notes)
             - (collection element) CollectionFetchableElementEntityGraph(entity=edu.matc.entity.Note, querySpaceUid=<gen:2>, path=edu.matc.entity.User.notes.<elements>)
    - QuerySpaces
       - EntityQuerySpaceImpl(uid=<gen:0>, entity=edu.matc.entity.User)
          - SQL table alias mapping - user0_
          - alias suffix - 0_
          - suffixed key columns - {id1_2_0_}
          - JOIN (JoinDefinedByMetadata(notes)) : <gen:0> -> <gen:1>
             - CollectionQuerySpaceImpl(uid=<gen:1>, collection=edu.matc.entity.User.notes)
                - SQL table alias mapping - notes1_
                - alias suffix - 1_
                - suffixed key columns - {user_id4_1_1_}
                - entity-element alias suffix - 2_
                - 2_entity-element suffixed key columns - id1_1_2_
                - JOIN (JoinDefinedByMetadata(elements)) : <gen:1> -> <gen:2>
                   - EntityQuerySpaceImpl(uid=<gen:2>, entity=edu.matc.entity.Note)
                      - SQL table alias mapping - notes1_
                      - alias suffix - 2_
                      - suffixed key columns - {id1_1_2_}

[DEBUG] 2021-02-27 18-09-34.074 [main] EntityLoader - Static select for entity edu.matc.entity.User [READ]: select user0_.id as id1_2_0_, user0_.password as password2_2_0_, user0_.username as username3_2_0_, notes1_.user_id as user_id4_1_1_, notes1_.id as id1_1_1_, notes1_.id as id1_1_2_, notes1_.item as item2_1_2_, notes1_.noteContent as noteCont3_1_2_, notes1_.user_id as user_id4_1_2_ from user user0_ left outer join notes notes1_ on user0_.id=notes1_.user_id where user0_.id=?
[DEBUG] 2021-02-27 18-09-34.086 [main] Loader - Static select for action ACTION_MERGE on entity edu.matc.entity.User: select user0_.id as id1_2_1_, user0_.password as password2_2_1_, user0_.username as username3_2_1_, notes1_.user_id as user_id4_1_3_, notes1_.id as id1_1_3_, notes1_.id as id1_1_0_, notes1_.item as item2_1_0_, notes1_.noteContent as noteCont3_1_0_, notes1_.user_id as user_id4_1_0_ from user user0_ left outer join notes notes1_ on user0_.id=notes1_.user_id where user0_.id=?
[DEBUG] 2021-02-27 18-09-34.087 [main] Loader - Static select for action ACTION_REFRESH on entity edu.matc.entity.User: select user0_.id as id1_2_1_, user0_.password as password2_2_1_, user0_.username as username3_2_1_, notes1_.user_id as user_id4_1_3_, notes1_.id as id1_1_3_, notes1_.id as id1_1_0_, notes1_.item as item2_1_0_, notes1_.noteContent as noteCont3_1_0_, notes1_.user_id as user_id4_1_0_ from user user0_ left outer join notes notes1_ on user0_.id=notes1_.user_id where user0_.id=?
[DEBUG] 2021-02-27 18-09-34.087 [main] AbstractEntityPersister - Static SQL for entity: edu.matc.entity.Item
[DEBUG] 2021-02-27 18-09-34.087 [main] AbstractEntityPersister -  Version select: select id from item where id =?
[DEBUG] 2021-02-27 18-09-34.087 [main] AbstractEntityPersister -  Snapshot select: select item_.id, item_.name as name2_0_, item_.type as type3_0_ from item item_ where item_.id=?
[DEBUG] 2021-02-27 18-09-34.087 [main] AbstractEntityPersister -  Insert 0: insert into item (name, type, id) values (?, ?, ?)
[DEBUG] 2021-02-27 18-09-34.087 [main] AbstractEntityPersister -  Update 0: update item set name=?, type=? where id=?
[DEBUG] 2021-02-27 18-09-34.087 [main] AbstractEntityPersister -  Delete 0: delete from item where id=?
[DEBUG] 2021-02-27 18-09-34.087 [main] AbstractEntityPersister -  Identity insert: insert into item (name, type) values (?, ?)
[DEBUG] 2021-02-27 18-09-34.087 [main] QuerySpacesImpl - Adding QuerySpace : uid = <gen:0> -> org.hibernate.loader.plan.build.internal.spaces.EntityQuerySpaceImpl@532dacf5]
[DEBUG] 2021-02-27 18-09-34.087 [main] MetamodelGraphWalker - Visiting attribute path : name
[DEBUG] 2021-02-27 18-09-34.087 [main] MetamodelGraphWalker - Visiting attribute path : type
[DEBUG] 2021-02-27 18-09-34.087 [main] FetchStyleLoadPlanBuildingAssociationVisitationStrategy - Building LoadPlan...
[DEBUG] 2021-02-27 18-09-34.087 [main] LoadQueryJoinAndFetchProcessor - processing queryspace <gen:0>
[DEBUG] 2021-02-27 18-09-34.088 [main] LoadPlanTreePrinter - LoadPlan(entity=edu.matc.entity.Item)
    - Returns
       - EntityReturnImpl(entity=edu.matc.entity.Item, querySpaceUid=<gen:0>, path=edu.matc.entity.Item)
    - QuerySpaces
       - EntityQuerySpaceImpl(uid=<gen:0>, entity=edu.matc.entity.Item)
          - SQL table alias mapping - item0_
          - alias suffix - 0_
          - suffixed key columns - {id1_0_0_}

[DEBUG] 2021-02-27 18-09-34.088 [main] EntityLoader - Static select for entity edu.matc.entity.Item [NONE]: select item0_.id as id1_0_0_, item0_.name as name2_0_0_, item0_.type as type3_0_0_ from item item0_ where item0_.id=?
[DEBUG] 2021-02-27 18-09-34.088 [main] QuerySpacesImpl - Adding QuerySpace : uid = <gen:0> -> org.hibernate.loader.plan.build.internal.spaces.EntityQuerySpaceImpl@6d31f106]
[DEBUG] 2021-02-27 18-09-34.088 [main] MetamodelGraphWalker - Visiting attribute path : name
[DEBUG] 2021-02-27 18-09-34.088 [main] MetamodelGraphWalker - Visiting attribute path : type
[DEBUG] 2021-02-27 18-09-34.088 [main] FetchStyleLoadPlanBuildingAssociationVisitationStrategy - Building LoadPlan...
[DEBUG] 2021-02-27 18-09-34.088 [main] LoadQueryJoinAndFetchProcessor - processing queryspace <gen:0>
[DEBUG] 2021-02-27 18-09-34.088 [main] LoadPlanTreePrinter - LoadPlan(entity=edu.matc.entity.Item)
    - Returns
       - EntityReturnImpl(entity=edu.matc.entity.Item, querySpaceUid=<gen:0>, path=edu.matc.entity.Item)
    - QuerySpaces
       - EntityQuerySpaceImpl(uid=<gen:0>, entity=edu.matc.entity.Item)
          - SQL table alias mapping - item0_
          - alias suffix - 0_
          - suffixed key columns - {id1_0_0_}

[DEBUG] 2021-02-27 18-09-34.088 [main] EntityLoader - Static select for entity edu.matc.entity.Item [READ]: select item0_.id as id1_0_0_, item0_.name as name2_0_0_, item0_.type as type3_0_0_ from item item0_ where item0_.id=?
[DEBUG] 2021-02-27 18-09-34.088 [main] Loader - Static select for action ACTION_MERGE on entity edu.matc.entity.Item: select item0_.id as id1_0_0_, item0_.name as name2_0_0_, item0_.type as type3_0_0_ from item item0_ where item0_.id=?
[DEBUG] 2021-02-27 18-09-34.088 [main] Loader - Static select for action ACTION_REFRESH on entity edu.matc.entity.Item: select item0_.id as id1_0_0_, item0_.name as name2_0_0_, item0_.type as type3_0_0_ from item item0_ where item0_.id=?
[DEBUG] 2021-02-27 18-09-34.089 [main] AbstractEntityPersister - Static SQL for entity: edu.matc.entity.Note
[DEBUG] 2021-02-27 18-09-34.089 [main] AbstractEntityPersister -  Version select: select id from notes where id =?
[DEBUG] 2021-02-27 18-09-34.089 [main] AbstractEntityPersister -  Snapshot select: select note_.id, note_.item as item2_1_, note_.noteContent as noteCont3_1_, note_.user_id as user_id4_1_ from notes note_ where note_.id=?
[DEBUG] 2021-02-27 18-09-34.089 [main] AbstractEntityPersister -  Insert 0: insert into notes (item, noteContent, user_id, id) values (?, ?, ?, ?)
[DEBUG] 2021-02-27 18-09-34.089 [main] AbstractEntityPersister -  Update 0: update notes set item=?, noteContent=?, user_id=? where id=?
[DEBUG] 2021-02-27 18-09-34.089 [main] AbstractEntityPersister -  Delete 0: delete from notes where id=?
[DEBUG] 2021-02-27 18-09-34.089 [main] AbstractEntityPersister -  Identity insert: insert into notes (item, noteContent, user_id) values (?, ?, ?)
[DEBUG] 2021-02-27 18-09-34.089 [main] QuerySpacesImpl - Adding QuerySpace : uid = <gen:0> -> org.hibernate.loader.plan.build.internal.spaces.EntityQuerySpaceImpl@660b1a9d]
[DEBUG] 2021-02-27 18-09-34.089 [main] MetamodelGraphWalker - Visiting attribute path : item
[DEBUG] 2021-02-27 18-09-34.089 [main] MetamodelGraphWalker - Visiting attribute path : noteContent
[DEBUG] 2021-02-27 18-09-34.089 [main] MetamodelGraphWalker - Visiting attribute path : user
[DEBUG] 2021-02-27 18-09-34.089 [main] QuerySpacesImpl - Adding QuerySpace : uid = <gen:1> -> org.hibernate.loader.plan.build.internal.spaces.EntityQuerySpaceImpl@d6b532f]
[DEBUG] 2021-02-27 18-09-34.090 [main] MetamodelGraphWalker - Visiting attribute path : user.notes
[DEBUG] 2021-02-27 18-09-34.090 [main] MetamodelGraphWalker - Property path deemed to be circular : user.notes
[DEBUG] 2021-02-27 18-09-34.090 [main] MetamodelGraphWalker - Visiting attribute path : user.password
[DEBUG] 2021-02-27 18-09-34.090 [main] MetamodelGraphWalker - Visiting attribute path : user.username
[DEBUG] 2021-02-27 18-09-34.090 [main] FetchStyleLoadPlanBuildingAssociationVisitationStrategy - Building LoadPlan...
[DEBUG] 2021-02-27 18-09-34.090 [main] LoadQueryJoinAndFetchProcessor - processing queryspace <gen:0>
[DEBUG] 2021-02-27 18-09-34.091 [main] LoadPlanTreePrinter - LoadPlan(entity=edu.matc.entity.Note)
    - Returns
       - EntityReturnImpl(entity=edu.matc.entity.Note, querySpaceUid=<gen:0>, path=edu.matc.entity.Note)
          - EntityAttributeFetchImpl(entity=edu.matc.entity.User, querySpaceUid=<gen:1>, path=edu.matc.entity.Note.user)
    - QuerySpaces
       - EntityQuerySpaceImpl(uid=<gen:0>, entity=edu.matc.entity.Note)
          - SQL table alias mapping - note0_
          - alias suffix - 0_
          - suffixed key columns - {id1_1_0_}
          - JOIN (JoinDefinedByMetadata(user)) : <gen:0> -> <gen:1>
             - EntityQuerySpaceImpl(uid=<gen:1>, entity=edu.matc.entity.User)
                - SQL table alias mapping - user1_
                - alias suffix - 1_
                - suffixed key columns - {id1_2_1_}

[DEBUG] 2021-02-27 18-09-34.091 [main] EntityLoader - Static select for entity edu.matc.entity.Note [NONE]: select note0_.id as id1_1_0_, note0_.item as item2_1_0_, note0_.noteContent as noteCont3_1_0_, note0_.user_id as user_id4_1_0_, user1_.id as id1_2_1_, user1_.password as password2_2_1_, user1_.username as username3_2_1_ from notes note0_ left outer join user user1_ on note0_.user_id=user1_.id where note0_.id=?
[DEBUG] 2021-02-27 18-09-34.091 [main] QuerySpacesImpl - Adding QuerySpace : uid = <gen:0> -> org.hibernate.loader.plan.build.internal.spaces.EntityQuerySpaceImpl@1f758e4f]
[DEBUG] 2021-02-27 18-09-34.091 [main] MetamodelGraphWalker - Visiting attribute path : item
[DEBUG] 2021-02-27 18-09-34.091 [main] MetamodelGraphWalker - Visiting attribute path : noteContent
[DEBUG] 2021-02-27 18-09-34.091 [main] MetamodelGraphWalker - Visiting attribute path : user
[DEBUG] 2021-02-27 18-09-34.091 [main] QuerySpacesImpl - Adding QuerySpace : uid = <gen:1> -> org.hibernate.loader.plan.build.internal.spaces.EntityQuerySpaceImpl@661e279d]
[DEBUG] 2021-02-27 18-09-34.091 [main] MetamodelGraphWalker - Visiting attribute path : user.notes
[DEBUG] 2021-02-27 18-09-34.091 [main] MetamodelGraphWalker - Property path deemed to be circular : user.notes
[DEBUG] 2021-02-27 18-09-34.092 [main] MetamodelGraphWalker - Visiting attribute path : user.password
[DEBUG] 2021-02-27 18-09-34.092 [main] MetamodelGraphWalker - Visiting attribute path : user.username
[DEBUG] 2021-02-27 18-09-34.092 [main] FetchStyleLoadPlanBuildingAssociationVisitationStrategy - Building LoadPlan...
[DEBUG] 2021-02-27 18-09-34.092 [main] LoadQueryJoinAndFetchProcessor - processing queryspace <gen:0>
[DEBUG] 2021-02-27 18-09-34.092 [main] LoadPlanTreePrinter - LoadPlan(entity=edu.matc.entity.Note)
    - Returns
       - EntityReturnImpl(entity=edu.matc.entity.Note, querySpaceUid=<gen:0>, path=edu.matc.entity.Note)
          - EntityAttributeFetchImpl(entity=edu.matc.entity.User, querySpaceUid=<gen:1>, path=edu.matc.entity.Note.user)
    - QuerySpaces
       - EntityQuerySpaceImpl(uid=<gen:0>, entity=edu.matc.entity.Note)
          - SQL table alias mapping - note0_
          - alias suffix - 0_
          - suffixed key columns - {id1_1_0_}
          - JOIN (JoinDefinedByMetadata(user)) : <gen:0> -> <gen:1>
             - EntityQuerySpaceImpl(uid=<gen:1>, entity=edu.matc.entity.User)
                - SQL table alias mapping - user1_
                - alias suffix - 1_
                - suffixed key columns - {id1_2_1_}

[DEBUG] 2021-02-27 18-09-34.092 [main] EntityLoader - Static select for entity edu.matc.entity.Note [READ]: select note0_.id as id1_1_0_, note0_.item as item2_1_0_, note0_.noteContent as noteCont3_1_0_, note0_.user_id as user_id4_1_0_, user1_.id as id1_2_1_, user1_.password as password2_2_1_, user1_.username as username3_2_1_ from notes note0_ left outer join user user1_ on note0_.user_id=user1_.id where note0_.id=?
[DEBUG] 2021-02-27 18-09-34.093 [main] Loader - Static select for action ACTION_MERGE on entity edu.matc.entity.Note: select note0_.id as id1_1_0_, note0_.item as item2_1_0_, note0_.noteContent as noteCont3_1_0_, note0_.user_id as user_id4_1_0_ from notes note0_ where note0_.id=?
[DEBUG] 2021-02-27 18-09-34.093 [main] Loader - Static select for action ACTION_REFRESH on entity edu.matc.entity.Note: select note0_.id as id1_1_0_, note0_.item as item2_1_0_, note0_.noteContent as noteCont3_1_0_, note0_.user_id as user_id4_1_0_ from notes note0_ where note0_.id=?
[DEBUG] 2021-02-27 18-09-34.097 [main] QuerySpacesImpl - Adding QuerySpace : uid = <gen:0> -> org.hibernate.loader.plan.build.internal.spaces.CollectionQuerySpaceImpl@6fb22ae3]
[DEBUG] 2021-02-27 18-09-34.097 [main] QuerySpacesImpl - Adding QuerySpace : uid = <gen:1> -> org.hibernate.loader.plan.build.internal.spaces.EntityQuerySpaceImpl@6bd92538]
[DEBUG] 2021-02-27 18-09-34.097 [main] MetamodelGraphWalker - Visiting attribute path : item
[DEBUG] 2021-02-27 18-09-34.097 [main] MetamodelGraphWalker - Visiting attribute path : noteContent
[DEBUG] 2021-02-27 18-09-34.097 [main] MetamodelGraphWalker - Visiting attribute path : user
[DEBUG] 2021-02-27 18-09-34.097 [main] MetamodelGraphWalker - Property path deemed to be circular : user
[DEBUG] 2021-02-27 18-09-34.097 [main] FetchStyleLoadPlanBuildingAssociationVisitationStrategy - Building LoadPlan...
[DEBUG] 2021-02-27 18-09-34.099 [main] LoadQueryJoinAndFetchProcessor - processing queryspace <gen:0>
[DEBUG] 2021-02-27 18-09-34.099 [main] LoadPlanTreePrinter - LoadPlan(collection=edu.matc.entity.User.notes)
    - Returns
       - CollectionReturnImpl(collection=edu.matc.entity.User.notes, querySpaceUid=<gen:0>, path=[edu.matc.entity.User.notes])
          - (collection element) CollectionFetchableElementEntityGraph(entity=edu.matc.entity.Note, querySpaceUid=<gen:1>, path=[edu.matc.entity.User.notes].<elements>)
    - QuerySpaces
       - CollectionQuerySpaceImpl(uid=<gen:0>, collection=edu.matc.entity.User.notes)
          - SQL table alias mapping - notes0_
          - alias suffix - 0_
          - suffixed key columns - {user_id4_1_0_}
          - entity-element alias suffix - 1_
          - 1_entity-element suffixed key columns - id1_1_1_
          - JOIN (JoinDefinedByMetadata(elements)) : <gen:0> -> <gen:1>
             - EntityQuerySpaceImpl(uid=<gen:1>, entity=edu.matc.entity.Note)
                - SQL table alias mapping - notes0_
                - alias suffix - 1_
                - suffixed key columns - {id1_1_1_}

[DEBUG] 2021-02-27 18-09-34.100 [main] CollectionLoader - Static select for collection edu.matc.entity.User.notes: select notes0_.user_id as user_id4_1_0_, notes0_.id as id1_1_0_, notes0_.id as id1_1_1_, notes0_.item as item2_1_1_, notes0_.noteContent as noteCont3_1_1_, notes0_.user_id as user_id4_1_1_ from notes notes0_ where notes0_.user_id=?
[DEBUG] 2021-02-27 18-09-34.128 [main] SchemaManagementToolCoordinator - No actions specified; doing nothing
[DEBUG] 2021-02-27 18-09-34.128 [main] JtaPlatformInitiator - No JtaPlatform was specified, checking resolver
[DEBUG] 2021-02-27 18-09-34.128 [main] JtaPlatformResolverInitiator - No JtaPlatformResolver was specified, using default [org.hibernate.engine.transaction.jta.platform.internal.StandardJtaPlatformResolver]
[DEBUG] 2021-02-27 18-09-34.134 [main] StandardJtaPlatformResolver - Could not resolve JtaPlatform, using default [org.hibernate.engine.transaction.jta.platform.internal.NoJtaPlatform]
[INFO ] 2021-02-27 18-09-34.135 [main] JtaPlatformInitiator - HHH000490: Using JtaPlatform implementation: [org.hibernate.engine.transaction.jta.platform.internal.NoJtaPlatform]
[DEBUG] 2021-02-27 18-09-34.135 [main] NamedQueryRepository - Checking 0 named HQL queries
[DEBUG] 2021-02-27 18-09-34.136 [main] NamedQueryRepository - Checking 0 named SQL queries
[DEBUG] 2021-02-27 18-09-34.137 [main] SessionFactoryRegistry - Initializing SessionFactoryRegistry : org.hibernate.internal.SessionFactoryRegistry@fe8aaeb
[DEBUG] 2021-02-27 18-09-34.138 [main] SessionFactoryRegistry - Registering SessionFactory: 57f6ec3e-a4ad-49de-aaca-88bfee8f2782 (<unnamed>)
[DEBUG] 2021-02-27 18-09-34.138 [main] SessionFactoryRegistry - Not binding SessionFactory to JNDI, no JNDI name configured
[DEBUG] 2021-02-27 18-09-34.208 [main] StatisticsInitiator - Statistics initialized [enabled=false]
[DEBUG] 2021-02-27 18-09-34.222 [main] SQL - select item0_.id as id1_0_0_, item0_.name as name2_0_0_, item0_.type as type3_0_0_ from item item0_ where item0_.id=?
[DEBUG] 2021-02-27 18-09-34.240 [main] ResourceRegistryStandardImpl - HHH000387: ResultSet's statement was not registered
[DEBUG] 2021-02-27 18-09-34.241 [main] AbstractLoadPlanBasedEntityLoader - Done entity load : edu.matc.entity.Item#3
[DEBUG] 2021-02-27 18-09-34.242 [main] LogicalConnectionManagedImpl - Initiating JDBC connection release from afterTransaction
[DEBUG] 2021-02-27 18-09-34.245 [main] TransactionImpl - On TransactionImpl creation, JpaCompliance#isJpaTransactionComplianceEnabled == false
[DEBUG] 2021-02-27 18-09-34.245 [main] TransactionImpl - begin
[DEBUG] 2021-02-27 18-09-34.288 [main] CriteriaQueryImpl - Rendered criteria query -> select generatedAlias0 from Item as generatedAlias0
[DEBUG] 2021-02-27 18-09-34.300 [main] QueryTranslatorFactoryInitiator - QueryTranslatorFactory: org.hibernate.hql.internal.ast.ASTQueryTranslatorFactory@255ed8e4
[DEBUG] 2021-02-27 18-09-34.321 [main] QueryTranslatorImpl - parse() - HQL: select generatedAlias0 from edu.matc.entity.Item as generatedAlias0
[DEBUG] 2021-02-27 18-09-34.326 [main] ErrorTracker - throwQueryException() : no errors
[DEBUG] 2021-02-27 18-09-34.331 [main] QueryTranslatorImpl - --- HQL AST ---
 \-[QUERY] Node: 'query'
    \-[SELECT_FROM] Node: 'SELECT_FROM'
       +-[FROM] Node: 'from'
       |  \-[RANGE] Node: 'RANGE'
       |     +-[DOT] Node: '.'
       |     |  +-[DOT] Node: '.'
       |     |  |  +-[DOT] Node: '.'
       |     |  |  |  +-[IDENT] Node: 'edu'
       |     |  |  |  \-[IDENT] Node: 'matc'
       |     |  |  \-[IDENT] Node: 'entity'
       |     |  \-[IDENT] Node: 'Item'
       |     \-[ALIAS] Node: 'generatedAlias0'
       \-[SELECT] Node: 'select'
          \-[IDENT] Node: 'generatedAlias0'

[DEBUG] 2021-02-27 18-09-34.349 [main] HqlSqlBaseWalker - select << begin [level=1, statement=select]
[DEBUG] 2021-02-27 18-09-34.360 [main] FromElement - FromClause{level=1} : edu.matc.entity.Item (generatedAlias0) -> item0_
[DEBUG] 2021-02-27 18-09-34.361 [main] FromReferenceNode - Resolved : generatedAlias0 -> item0_.id
[DEBUG] 2021-02-27 18-09-34.363 [main] HqlSqlBaseWalker - select : finishing up [level=1, statement=select]
[DEBUG] 2021-02-27 18-09-34.363 [main] HqlSqlWalker - processQuery() :  ( SELECT ( {select clause} item0_.id ) ( FromClause{level=1} item item0_ ) )
[DEBUG] 2021-02-27 18-09-34.370 [main] JoinProcessor - Using FROM fragment [item item0_]
[DEBUG] 2021-02-27 18-09-34.370 [main] HqlSqlBaseWalker - select >> end [level=1, statement=select]
[DEBUG] 2021-02-27 18-09-34.371 [main] QueryTranslatorImpl - --- SQL AST ---
 \-[SELECT] QueryNode: 'SELECT'  querySpaces (item)
    +-[SELECT_CLAUSE] SelectClause: '{select clause}'
    |  +-[ALIAS_REF] IdentNode: 'item0_.id as id1_0_' {alias=generatedAlias0, className=edu.matc.entity.Item, tableAlias=item0_}
    |  \-[SQL_TOKEN] SqlFragment: 'item0_.name as name2_0_, item0_.type as type3_0_'
    \-[FROM] FromClause: 'from' FromClause{level=1, fromElementCounter=1, fromElements=1, fromElementByClassAlias=[generatedAlias0], fromElementByTableAlias=[item0_], fromElementsByPath=[], collectionJoinFromElementsByPath=[], impliedElements=[]}
       \-[FROM_FRAGMENT] FromElement: 'item item0_' FromElement{explicit,not a collection join,not a fetch join,fetch non-lazy properties,classAlias=generatedAlias0,role=null,tableName=item,tableAlias=item0_,origin=null,columns={,className=edu.matc.entity.Item}}

[DEBUG] 2021-02-27 18-09-34.371 [main] ErrorTracker - throwQueryException() : no errors
[DEBUG] 2021-02-27 18-09-34.376 [main] QueryTranslatorImpl - HQL: select generatedAlias0 from edu.matc.entity.Item as generatedAlias0
[DEBUG] 2021-02-27 18-09-34.376 [main] QueryTranslatorImpl - SQL: select item0_.id as id1_0_, item0_.name as name2_0_, item0_.type as type3_0_ from item item0_
[DEBUG] 2021-02-27 18-09-34.376 [main] ErrorTracker - throwQueryException() : no errors
[DEBUG] 2021-02-27 18-09-34.386 [main] SQL - select item0_.id as id1_0_, item0_.name as name2_0_, item0_.type as type3_0_ from item item0_
[DEBUG] 2021-02-27 18-09-34.388 [main] Loader - Result set row: 0
[DEBUG] 2021-02-27 18-09-34.391 [main] Loader - Result row: EntityKey[edu.matc.entity.Item#17]
[DEBUG] 2021-02-27 18-09-34.397 [main] TwoPhaseLoad - Resolving attributes for [edu.matc.entity.Item#17]
[DEBUG] 2021-02-27 18-09-34.398 [main] TwoPhaseLoad - Processing attribute `name` : value = egg
[DEBUG] 2021-02-27 18-09-34.398 [main] TwoPhaseLoad - Attribute (`name`)  - enhanced for lazy-loading? - false
[DEBUG] 2021-02-27 18-09-34.398 [main] TwoPhaseLoad - Processing attribute `type` : value = animal product
[DEBUG] 2021-02-27 18-09-34.398 [main] TwoPhaseLoad - Attribute (`type`)  - enhanced for lazy-loading? - false
[DEBUG] 2021-02-27 18-09-34.399 [main] TwoPhaseLoad - Done materializing entity [edu.matc.entity.Item#17]
[DEBUG] 2021-02-27 18-09-34.400 [main] LogicalConnectionManagedImpl - Initiating JDBC connection release from afterTransaction
[DEBUG] 2021-02-27 18-09-34.440 [main] SQL - select item0_.id as id1_0_0_, item0_.name as name2_0_0_, item0_.type as type3_0_0_ from item item0_ where item0_.id=?
[DEBUG] 2021-02-27 18-09-34.441 [main] ResourceRegistryStandardImpl - HHH000387: ResultSet's statement was not registered
[DEBUG] 2021-02-27 18-09-34.442 [main] AbstractLoadPlanBasedEntityLoader - Done entity load : edu.matc.entity.Item#2
[DEBUG] 2021-02-27 18-09-34.442 [main] LogicalConnectionManagedImpl - Initiating JDBC connection release from afterTransaction
[DEBUG] 2021-02-27 18-09-34.481 [main] CriteriaQueryImpl - Rendered criteria query -> select generatedAlias0 from Item as generatedAlias0 where generatedAlias0.name like :param0
[DEBUG] 2021-02-27 18-09-34.481 [main] QueryTranslatorImpl - parse() - HQL: select generatedAlias0 from edu.matc.entity.Item as generatedAlias0 where generatedAlias0.name like :param0
[DEBUG] 2021-02-27 18-09-34.482 [main] ErrorTracker - throwQueryException() : no errors
[DEBUG] 2021-02-27 18-09-34.483 [main] QueryTranslatorImpl - --- HQL AST ---
 \-[QUERY] Node: 'query'
    +-[SELECT_FROM] Node: 'SELECT_FROM'
    |  +-[FROM] Node: 'from'
    |  |  \-[RANGE] Node: 'RANGE'
    |  |     +-[DOT] Node: '.'
    |  |     |  +-[DOT] Node: '.'
    |  |     |  |  +-[DOT] Node: '.'
    |  |     |  |  |  +-[IDENT] Node: 'edu'
    |  |     |  |  |  \-[IDENT] Node: 'matc'
    |  |     |  |  \-[IDENT] Node: 'entity'
    |  |     |  \-[IDENT] Node: 'Item'
    |  |     \-[ALIAS] Node: 'generatedAlias0'
    |  \-[SELECT] Node: 'select'
    |     \-[IDENT] Node: 'generatedAlias0'
    \-[WHERE] Node: 'where'
       \-[LIKE] Node: 'like'
          +-[DOT] Node: '.'
          |  +-[IDENT] Node: 'generatedAlias0'
          |  \-[IDENT] Node: 'name'
          \-[COLON] Node: ':'
             \-[IDENT] Node: 'param0'

[DEBUG] 2021-02-27 18-09-34.483 [main] HqlSqlBaseWalker - select << begin [level=1, statement=select]
[DEBUG] 2021-02-27 18-09-34.483 [main] FromElement - FromClause{level=1} : edu.matc.entity.Item (generatedAlias0) -> item0_
[DEBUG] 2021-02-27 18-09-34.483 [main] FromReferenceNode - Resolved : generatedAlias0 -> item0_.id
[DEBUG] 2021-02-27 18-09-34.484 [main] FromReferenceNode - Resolved : generatedAlias0 -> item0_.id
[DEBUG] 2021-02-27 18-09-34.485 [main] DotNode - getDataType() : name -> org.hibernate.type.StringType@58ff8d79
[DEBUG] 2021-02-27 18-09-34.486 [main] FromReferenceNode - Resolved : generatedAlias0.name -> item0_.name
[DEBUG] 2021-02-27 18-09-34.487 [main] HqlSqlBaseWalker - select : finishing up [level=1, statement=select]
[DEBUG] 2021-02-27 18-09-34.488 [main] HqlSqlWalker - processQuery() :  ( SELECT ( {select clause} item0_.id ) ( FromClause{level=1} item item0_ ) ( where ( like ( item0_.name item0_.id name ) ? ) ) )
[DEBUG] 2021-02-27 18-09-34.488 [main] JoinProcessor - Using FROM fragment [item item0_]
[DEBUG] 2021-02-27 18-09-34.488 [main] HqlSqlBaseWalker - select >> end [level=1, statement=select]
[DEBUG] 2021-02-27 18-09-34.488 [main] QueryTranslatorImpl - --- SQL AST ---
 \-[SELECT] QueryNode: 'SELECT'  querySpaces (item)
    +-[SELECT_CLAUSE] SelectClause: '{select clause}'
    |  +-[ALIAS_REF] IdentNode: 'item0_.id as id1_0_' {alias=generatedAlias0, className=edu.matc.entity.Item, tableAlias=item0_}
    |  \-[SQL_TOKEN] SqlFragment: 'item0_.name as name2_0_, item0_.type as type3_0_'
    +-[FROM] FromClause: 'from' FromClause{level=1, fromElementCounter=1, fromElements=1, fromElementByClassAlias=[generatedAlias0], fromElementByTableAlias=[item0_], fromElementsByPath=[], collectionJoinFromElementsByPath=[], impliedElements=[]}
    |  \-[FROM_FRAGMENT] FromElement: 'item item0_' FromElement{explicit,not a collection join,not a fetch join,fetch non-lazy properties,classAlias=generatedAlias0,role=null,tableName=item,tableAlias=item0_,origin=null,columns={,className=edu.matc.entity.Item}}
    \-[WHERE] SqlNode: 'where'
       \-[LIKE] BinaryLogicOperatorNode: 'like'
          +-[DOT] DotNode: 'item0_.name' {propertyName=name,dereferenceType=PRIMITIVE,getPropertyPath=name,path=generatedAlias0.name,tableAlias=item0_,className=edu.matc.entity.Item,classAlias=generatedAlias0}
          |  +-[ALIAS_REF] IdentNode: 'item0_.id' {alias=generatedAlias0, className=edu.matc.entity.Item, tableAlias=item0_}
          |  \-[IDENT] IdentNode: 'name' {originalText=name}
          \-[NAMED_PARAM] ParameterNode: '?' {name=param0, expectedType=org.hibernate.type.StringType@58ff8d79}

[DEBUG] 2021-02-27 18-09-34.488 [main] ErrorTracker - throwQueryException() : no errors
[DEBUG] 2021-02-27 18-09-34.488 [main] QueryTranslatorImpl - HQL: select generatedAlias0 from edu.matc.entity.Item as generatedAlias0 where generatedAlias0.name like :param0
[DEBUG] 2021-02-27 18-09-34.488 [main] QueryTranslatorImpl - SQL: select item0_.id as id1_0_, item0_.name as name2_0_, item0_.type as type3_0_ from item item0_ where item0_.name like ?
[DEBUG] 2021-02-27 18-09-34.488 [main] ErrorTracker - throwQueryException() : no errors
[DEBUG] 2021-02-27 18-09-34.492 [main] SQL - select item0_.id as id1_0_, item0_.name as name2_0_, item0_.type as type3_0_ from item item0_ where item0_.name like ?
[DEBUG] 2021-02-27 18-09-34.494 [main] LogicalConnectionManagedImpl - Initiating JDBC connection release from afterTransaction
[DEBUG] 2021-02-27 18-09-34.526 [main] TransactionImpl - On TransactionImpl creation, JpaCompliance#isJpaTransactionComplianceEnabled == false
[DEBUG] 2021-02-27 18-09-34.526 [main] TransactionImpl - begin
[DEBUG] 2021-02-27 18-09-34.532 [main] ActionQueue - Executing identity-insert immediately
[DEBUG] 2021-02-27 18-09-34.534 [main] SQL - insert into item (name, type) values (?, ?)
[DEBUG] 2021-02-27 18-09-34.539 [main] IdentifierGeneratorHelper - Natively generated identity: 18
[DEBUG] 2021-02-27 18-09-34.539 [main] ResourceRegistryStandardImpl - HHH000387: ResultSet's statement was not registered
[DEBUG] 2021-02-27 18-09-34.540 [main] TransactionImpl - committing
[DEBUG] 2021-02-27 18-09-34.541 [main] AbstractFlushingEventListener - Processing flush-time cascades
[DEBUG] 2021-02-27 18-09-34.541 [main] AbstractFlushingEventListener - Dirty checking collections
[DEBUG] 2021-02-27 18-09-34.542 [main] AbstractFlushingEventListener - Flushed: 0 insertions, 0 updates, 0 deletions to 1 objects
[DEBUG] 2021-02-27 18-09-34.542 [main] AbstractFlushingEventListener - Flushed: 0 (re)creations, 0 updates, 0 removals to 0 collections
[DEBUG] 2021-02-27 18-09-34.543 [main] EntityPrinter - Listing entities:
[DEBUG] 2021-02-27 18-09-34.544 [main] EntityPrinter - edu.matc.entity.Item{name=egg, id=18, type=animal product}
[DEBUG] 2021-02-27 18-09-34.548 [main] LogicalConnectionManagedImpl - Initiating JDBC connection release from afterTransaction
[DEBUG] 2021-02-27 18-09-34.548 [main] LogicalConnectionManagedImpl - Initiating JDBC connection release from afterTransaction
[DEBUG] 2021-02-27 18-09-34.549 [main] SQL - select item0_.id as id1_0_0_, item0_.name as name2_0_0_, item0_.type as type3_0_0_ from item item0_ where item0_.id=?
[DEBUG] 2021-02-27 18-09-34.551 [main] ResultSetProcessorImpl - Starting ResultSet row #0
[DEBUG] 2021-02-27 18-09-34.552 [main] EntityReferenceInitializerImpl - On call to EntityIdentifierReaderImpl#resolve, EntityKey was already known; should only happen on root returns with an optional identifier specified
[DEBUG] 2021-02-27 18-09-34.552 [main] TwoPhaseLoad - Resolving attributes for [edu.matc.entity.Item#18]
[DEBUG] 2021-02-27 18-09-34.552 [main] TwoPhaseLoad - Processing attribute `name` : value = egg
[DEBUG] 2021-02-27 18-09-34.552 [main] TwoPhaseLoad - Attribute (`name`)  - enhanced for lazy-loading? - false
[DEBUG] 2021-02-27 18-09-34.553 [main] TwoPhaseLoad - Processing attribute `type` : value = animal product
[DEBUG] 2021-02-27 18-09-34.553 [main] TwoPhaseLoad - Attribute (`type`)  - enhanced for lazy-loading? - false
[DEBUG] 2021-02-27 18-09-34.553 [main] TwoPhaseLoad - Done materializing entity [edu.matc.entity.Item#18]
[DEBUG] 2021-02-27 18-09-34.553 [main] ResourceRegistryStandardImpl - HHH000387: ResultSet's statement was not registered
[DEBUG] 2021-02-27 18-09-34.553 [main] AbstractLoadPlanBasedEntityLoader - Done entity load : edu.matc.entity.Item#18
[DEBUG] 2021-02-27 18-09-34.553 [main] LogicalConnectionManagedImpl - Initiating JDBC connection release from afterTransaction
